TRACE (139964248123200) calling main in file `Pizzafm.cpp' on line 14
TRACE    (139964248123200) calling PizzaStore::PizzaStore in file `PizzaStore.hpp' on line 17
TRACE    (139964248123200) leaving PizzaStore::PizzaStore in file `PizzaStore.hpp' on line 17
TRACE    (139964248123200) calling PizzaStore::PizzaStore in file `PizzaStore.hpp' on line 17
TRACE    (139964248123200) leaving PizzaStore::PizzaStore in file `PizzaStore.hpp' on line 17
TRACE    (139964248123200) calling PizzaStore::orderPizza in file `PizzaStore.hpp' on line 27
TRACE       (139964248123200) calling NYPizzaStore::createPizza in file `NYPizzaStore.hpp' on line 18
TRACE          (139964248123200) calling Pizza::Pizza in file `Pizza.hpp' on line 22
TRACE          (139964248123200) leaving Pizza::Pizza in file `Pizza.hpp' on line 22
TRACE          (139964248123200) calling NYStyleCheesePizza::NYStyleCheesePizza in file `NYStyleCheesePizza.hpp' on line 18
TRACE          (139964248123200) leaving NYStyleCheesePizza::NYStyleCheesePizza in file `NYStyleCheesePizza.hpp' on line 18
TRACE       (139964248123200) leaving NYPizzaStore::createPizza in file `NYPizzaStore.hpp' on line 18
TRACE       (139964248123200) calling Pizza::getName in file `Pizza.hpp' on line 63
TRACE       (139964248123200) leaving Pizza::getName in file `Pizza.hpp' on line 63
TRACE       (139964248123200) calling Pizza::prepare in file `Pizza.hpp' on line 36
TRACE       (139964248123200) leaving Pizza::prepare in file `Pizza.hpp' on line 36
TRACE       (139964248123200) calling Pizza::bake in file `Pizza.hpp' on line 48
TRACE       (139964248123200) leaving Pizza::bake in file `Pizza.hpp' on line 48
TRACE       (139964248123200) calling Pizza::cut in file `Pizza.hpp' on line 53
TRACE       (139964248123200) leaving Pizza::cut in file `Pizza.hpp' on line 53
TRACE       (139964248123200) calling Pizza::box in file `Pizza.hpp' on line 58
TRACE       (139964248123200) leaving Pizza::box in file `Pizza.hpp' on line 58
TRACE    (139964248123200) leaving PizzaStore::orderPizza in file `PizzaStore.hpp' on line 27
TRACE    (139964248123200) calling Pizza::getName in file `Pizza.hpp' on line 63
TRACE    (139964248123200) leaving Pizza::getName in file `Pizza.hpp' on line 63
TRACE    (139964248123200) calling PizzaStore::orderPizza in file `PizzaStore.hpp' on line 27
TRACE       (139964248123200) calling ChicagoPizzaStore::createPizza in file `ChicagoPizzaStore.hpp' on line 18
TRACE          (139964248123200) calling Pizza::Pizza in file `Pizza.hpp' on line 22
TRACE          (139964248123200) leaving Pizza::Pizza in file `Pizza.hpp' on line 22
TRACE          (139964248123200) calling ChicagoStyleCheesePizza::ChicagoStyleCheesePizza in file `ChicagoStyleCheesePizza.hpp' on line 19
TRACE          (139964248123200) leaving ChicagoStyleCheesePizza::ChicagoStyleCheesePizza in file `ChicagoStyleCheesePizza.hpp' on line 19
TRACE       (139964248123200) leaving ChicagoPizzaStore::createPizza in file `ChicagoPizzaStore.hpp' on line 18
TRACE       (139964248123200) calling Pizza::getName in file `Pizza.hpp' on line 63
TRACE       (139964248123200) leaving Pizza::getName in file `Pizza.hpp' on line 63
TRACE       (139964248123200) calling Pizza::prepare in file `Pizza.hpp' on line 36
TRACE       (139964248123200) leaving Pizza::prepare in file `Pizza.hpp' on line 36
TRACE       (139964248123200) calling Pizza::bake in file `Pizza.hpp' on line 48
TRACE       (139964248123200) leaving Pizza::bake in file `Pizza.hpp' on line 48
TRACE       (139964248123200) calling ChicagoStyleCheesePizza::cut in file `ChicagoStyleCheesePizza.hpp' on line 27
TRACE       (139964248123200) leaving ChicagoStyleCheesePizza::cut in file `ChicagoStyleCheesePizza.hpp' on line 27
TRACE       (139964248123200) calling Pizza::box in file `Pizza.hpp' on line 58
TRACE       (139964248123200) leaving Pizza::box in file `Pizza.hpp' on line 58
TRACE    (139964248123200) leaving PizzaStore::orderPizza in file `PizzaStore.hpp' on line 27
TRACE    (139964248123200) calling Pizza::~Pizza in file `Pizza.hpp' on line 32
TRACE    (139964248123200) leaving Pizza::~Pizza in file `Pizza.hpp' on line 32
TRACE    (139964248123200) calling Pizza::getName in file `Pizza.hpp' on line 63
TRACE    (139964248123200) leaving Pizza::getName in file `Pizza.hpp' on line 63
TRACE    (139964248123200) calling PizzaStore::orderPizza in file `PizzaStore.hpp' on line 27
TRACE       (139964248123200) calling NYPizzaStore::createPizza in file `NYPizzaStore.hpp' on line 18
TRACE          (139964248123200) calling Pizza::Pizza in file `Pizza.hpp' on line 22
TRACE          (139964248123200) leaving Pizza::Pizza in file `Pizza.hpp' on line 22
TRACE          (139964248123200) calling NYStyleClamPizza::NYStyleClamPizza in file `NYStyleClamPizza.hpp' on line 18
TRACE          (139964248123200) leaving NYStyleClamPizza::NYStyleClamPizza in file `NYStyleClamPizza.hpp' on line 18
TRACE       (139964248123200) leaving NYPizzaStore::createPizza in file `NYPizzaStore.hpp' on line 18
TRACE       (139964248123200) calling Pizza::getName in file `Pizza.hpp' on line 63
TRACE       (139964248123200) leaving Pizza::getName in file `Pizza.hpp' on line 63
TRACE       (139964248123200) calling Pizza::prepare in file `Pizza.hpp' on line 36
TRACE       (139964248123200) leaving Pizza::prepare in file `Pizza.hpp' on line 36
TRACE       (139964248123200) calling Pizza::bake in file `Pizza.hpp' on line 48
TRACE       (139964248123200) leaving Pizza::bake in file `Pizza.hpp' on line 48
TRACE       (139964248123200) calling Pizza::cut in file `Pizza.hpp' on line 53
TRACE       (139964248123200) leaving Pizza::cut in file `Pizza.hpp' on line 53
TRACE       (139964248123200) calling Pizza::box in file `Pizza.hpp' on line 58
TRACE       (139964248123200) leaving Pizza::box in file `Pizza.hpp' on line 58
TRACE    (139964248123200) leaving PizzaStore::orderPizza in file `PizzaStore.hpp' on line 27
TRACE    (139964248123200) calling Pizza::~Pizza in file `Pizza.hpp' on line 32
TRACE    (139964248123200) leaving Pizza::~Pizza in file `Pizza.hpp' on line 32
TRACE    (139964248123200) calling Pizza::getName in file `Pizza.hpp' on line 63
TRACE    (139964248123200) leaving Pizza::getName in file `Pizza.hpp' on line 63
TRACE    (139964248123200) calling PizzaStore::orderPizza in file `PizzaStore.hpp' on line 27
TRACE       (139964248123200) calling ChicagoPizzaStore::createPizza in file `ChicagoPizzaStore.hpp' on line 18
TRACE          (139964248123200) calling Pizza::Pizza in file `Pizza.hpp' on line 22
TRACE          (139964248123200) leaving Pizza::Pizza in file `Pizza.hpp' on line 22
TRACE          (139964248123200) calling ChicagoStyleClamPizza::ChicagoStyleClamPizza in file `ChicagoStyleClamPizza.hpp' on line 18
TRACE          (139964248123200) leaving ChicagoStyleClamPizza::ChicagoStyleClamPizza in file `ChicagoStyleClamPizza.hpp' on line 18
TRACE       (139964248123200) leaving ChicagoPizzaStore::createPizza in file `ChicagoPizzaStore.hpp' on line 18
TRACE       (139964248123200) calling Pizza::getName in file `Pizza.hpp' on line 63
TRACE       (139964248123200) leaving Pizza::getName in file `Pizza.hpp' on line 63
TRACE       (139964248123200) calling Pizza::prepare in file `Pizza.hpp' on line 36
TRACE       (139964248123200) leaving Pizza::prepare in file `Pizza.hpp' on line 36
TRACE       (139964248123200) calling Pizza::bake in file `Pizza.hpp' on line 48
TRACE       (139964248123200) leaving Pizza::bake in file `Pizza.hpp' on line 48
TRACE       (139964248123200) calling ChicagoStyleClamPizza::cut in file `ChicagoStyleClamPizza.hpp' on line 27
TRACE       (139964248123200) leaving ChicagoStyleClamPizza::cut in file `ChicagoStyleClamPizza.hpp' on line 27
TRACE       (139964248123200) calling Pizza::box in file `Pizza.hpp' on line 58
TRACE       (139964248123200) leaving Pizza::box in file `Pizza.hpp' on line 58
TRACE    (139964248123200) leaving PizzaStore::orderPizza in file `PizzaStore.hpp' on line 27
TRACE    (139964248123200) calling Pizza::~Pizza in file `Pizza.hpp' on line 32
TRACE    (139964248123200) leaving Pizza::~Pizza in file `Pizza.hpp' on line 32
TRACE    (139964248123200) calling Pizza::getName in file `Pizza.hpp' on line 63
TRACE    (139964248123200) leaving Pizza::getName in file `Pizza.hpp' on line 63
TRACE    (139964248123200) calling PizzaStore::orderPizza in file `PizzaStore.hpp' on line 27
TRACE       (139964248123200) calling NYPizzaStore::createPizza in file `NYPizzaStore.hpp' on line 18
TRACE          (139964248123200) calling Pizza::Pizza in file `Pizza.hpp' on line 22
TRACE          (139964248123200) leaving Pizza::Pizza in file `Pizza.hpp' on line 22
TRACE          (139964248123200) calling NYStylePepperoniPizza::NYStylePepperoniPizza in file `NYStylePepperoniPizza.hpp' on line 17
TRACE          (139964248123200) leaving NYStylePepperoniPizza::NYStylePepperoniPizza in file `NYStylePepperoniPizza.hpp' on line 17
TRACE       (139964248123200) leaving NYPizzaStore::createPizza in file `NYPizzaStore.hpp' on line 18
TRACE       (139964248123200) calling Pizza::getName in file `Pizza.hpp' on line 63
TRACE       (139964248123200) leaving Pizza::getName in file `Pizza.hpp' on line 63
TRACE       (139964248123200) calling Pizza::prepare in file `Pizza.hpp' on line 36
TRACE       (139964248123200) leaving Pizza::prepare in file `Pizza.hpp' on line 36
TRACE       (139964248123200) calling Pizza::bake in file `Pizza.hpp' on line 48
TRACE       (139964248123200) leaving Pizza::bake in file `Pizza.hpp' on line 48
TRACE       (139964248123200) calling Pizza::cut in file `Pizza.hpp' on line 53
TRACE       (139964248123200) leaving Pizza::cut in file `Pizza.hpp' on line 53
TRACE       (139964248123200) calling Pizza::box in file `Pizza.hpp' on line 58
TRACE       (139964248123200) leaving Pizza::box in file `Pizza.hpp' on line 58
TRACE    (139964248123200) leaving PizzaStore::orderPizza in file `PizzaStore.hpp' on line 27
TRACE    (139964248123200) calling Pizza::~Pizza in file `Pizza.hpp' on line 32
TRACE    (139964248123200) leaving Pizza::~Pizza in file `Pizza.hpp' on line 32
TRACE    (139964248123200) calling Pizza::getName in file `Pizza.hpp' on line 63
TRACE    (139964248123200) leaving Pizza::getName in file `Pizza.hpp' on line 63
TRACE    (139964248123200) calling PizzaStore::orderPizza in file `PizzaStore.hpp' on line 27
TRACE       (139964248123200) calling ChicagoPizzaStore::createPizza in file `ChicagoPizzaStore.hpp' on line 18
TRACE          (139964248123200) calling Pizza::Pizza in file `Pizza.hpp' on line 22
TRACE          (139964248123200) leaving Pizza::Pizza in file `Pizza.hpp' on line 22
TRACE          (139964248123200) calling ChicagoStylePepperoniPizza::ChicagoStylePepperoniPizza in file `ChicagoStylePepperoniPizza.hpp' on line 19
TRACE          (139964248123200) leaving ChicagoStylePepperoniPizza::ChicagoStylePepperoniPizza in file `ChicagoStylePepperoniPizza.hpp' on line 19
TRACE       (139964248123200) leaving ChicagoPizzaStore::createPizza in file `ChicagoPizzaStore.hpp' on line 18
TRACE       (139964248123200) calling Pizza::getName in file `Pizza.hpp' on line 63
TRACE       (139964248123200) leaving Pizza::getName in file `Pizza.hpp' on line 63
TRACE       (139964248123200) calling Pizza::prepare in file `Pizza.hpp' on line 36
TRACE       (139964248123200) leaving Pizza::prepare in file `Pizza.hpp' on line 36
TRACE       (139964248123200) calling Pizza::bake in file `Pizza.hpp' on line 48
TRACE       (139964248123200) leaving Pizza::bake in file `Pizza.hpp' on line 48
TRACE       (139964248123200) calling ChicagoStylePepperoniPizza::cut in file `ChicagoStylePepperoniPizza.hpp' on line 31
TRACE       (139964248123200) leaving ChicagoStylePepperoniPizza::cut in file `ChicagoStylePepperoniPizza.hpp' on line 31
TRACE       (139964248123200) calling Pizza::box in file `Pizza.hpp' on line 58
TRACE       (139964248123200) leaving Pizza::box in file `Pizza.hpp' on line 58
TRACE    (139964248123200) leaving PizzaStore::orderPizza in file `PizzaStore.hpp' on line 27
TRACE    (139964248123200) calling Pizza::~Pizza in file `Pizza.hpp' on line 32
TRACE    (139964248123200) leaving Pizza::~Pizza in file `Pizza.hpp' on line 32
TRACE    (139964248123200) calling Pizza::getName in file `Pizza.hpp' on line 63
TRACE    (139964248123200) leaving Pizza::getName in file `Pizza.hpp' on line 63
TRACE    (139964248123200) calling PizzaStore::orderPizza in file `PizzaStore.hpp' on line 27
TRACE       (139964248123200) calling NYPizzaStore::createPizza in file `NYPizzaStore.hpp' on line 18
TRACE          (139964248123200) calling Pizza::Pizza in file `Pizza.hpp' on line 22
TRACE          (139964248123200) leaving Pizza::Pizza in file `Pizza.hpp' on line 22
TRACE          (139964248123200) calling NYStyleVeggiePizza::NYStyleVeggiePizza in file `NYStyleVeggiePizza.hpp' on line 18
TRACE          (139964248123200) leaving NYStyleVeggiePizza::NYStyleVeggiePizza in file `NYStyleVeggiePizza.hpp' on line 18
TRACE       (139964248123200) leaving NYPizzaStore::createPizza in file `NYPizzaStore.hpp' on line 18
TRACE       (139964248123200) calling Pizza::getName in file `Pizza.hpp' on line 63
TRACE       (139964248123200) leaving Pizza::getName in file `Pizza.hpp' on line 63
TRACE       (139964248123200) calling Pizza::prepare in file `Pizza.hpp' on line 36
TRACE       (139964248123200) leaving Pizza::prepare in file `Pizza.hpp' on line 36
TRACE       (139964248123200) calling Pizza::bake in file `Pizza.hpp' on line 48
TRACE       (139964248123200) leaving Pizza::bake in file `Pizza.hpp' on line 48
TRACE       (139964248123200) calling Pizza::cut in file `Pizza.hpp' on line 53
TRACE       (139964248123200) leaving Pizza::cut in file `Pizza.hpp' on line 53
TRACE       (139964248123200) calling Pizza::box in file `Pizza.hpp' on line 58
TRACE       (139964248123200) leaving Pizza::box in file `Pizza.hpp' on line 58
TRACE    (139964248123200) leaving PizzaStore::orderPizza in file `PizzaStore.hpp' on line 27
TRACE    (139964248123200) calling Pizza::~Pizza in file `Pizza.hpp' on line 32
TRACE    (139964248123200) leaving Pizza::~Pizza in file `Pizza.hpp' on line 32
TRACE    (139964248123200) calling Pizza::getName in file `Pizza.hpp' on line 63
TRACE    (139964248123200) leaving Pizza::getName in file `Pizza.hpp' on line 63
TRACE    (139964248123200) calling PizzaStore::orderPizza in file `PizzaStore.hpp' on line 27
TRACE       (139964248123200) calling ChicagoPizzaStore::createPizza in file `ChicagoPizzaStore.hpp' on line 18
TRACE          (139964248123200) calling Pizza::Pizza in file `Pizza.hpp' on line 22
TRACE          (139964248123200) leaving Pizza::Pizza in file `Pizza.hpp' on line 22
TRACE          (139964248123200) calling ChicagoStyleVeggiePizza::ChicagoStyleVeggiePizza in file `ChicagoStyleVeggiePizza.hpp' on line 19
TRACE          (139964248123200) leaving ChicagoStyleVeggiePizza::ChicagoStyleVeggiePizza in file `ChicagoStyleVeggiePizza.hpp' on line 19
TRACE       (139964248123200) leaving ChicagoPizzaStore::createPizza in file `ChicagoPizzaStore.hpp' on line 18
TRACE       (139964248123200) calling Pizza::getName in file `Pizza.hpp' on line 63
TRACE       (139964248123200) leaving Pizza::getName in file `Pizza.hpp' on line 63
TRACE       (139964248123200) calling Pizza::prepare in file `Pizza.hpp' on line 36
TRACE       (139964248123200) leaving Pizza::prepare in file `Pizza.hpp' on line 36
TRACE       (139964248123200) calling Pizza::bake in file `Pizza.hpp' on line 48
TRACE       (139964248123200) leaving Pizza::bake in file `Pizza.hpp' on line 48
TRACE       (139964248123200) calling ChicagoStyleVeggiePizza::cut in file `ChicagoStyleVeggiePizza.hpp' on line 30
TRACE       (139964248123200) leaving ChicagoStyleVeggiePizza::cut in file `ChicagoStyleVeggiePizza.hpp' on line 30
TRACE       (139964248123200) calling Pizza::box in file `Pizza.hpp' on line 58
TRACE       (139964248123200) leaving Pizza::box in file `Pizza.hpp' on line 58
TRACE    (139964248123200) leaving PizzaStore::orderPizza in file `PizzaStore.hpp' on line 27
TRACE    (139964248123200) calling Pizza::~Pizza in file `Pizza.hpp' on line 32
TRACE    (139964248123200) leaving Pizza::~Pizza in file `Pizza.hpp' on line 32
TRACE    (139964248123200) calling Pizza::getName in file `Pizza.hpp' on line 63
TRACE    (139964248123200) leaving Pizza::getName in file `Pizza.hpp' on line 63
TRACE    (139964248123200) calling Pizza::~Pizza in file `Pizza.hpp' on line 32
TRACE    (139964248123200) leaving Pizza::~Pizza in file `Pizza.hpp' on line 32
TRACE    (139964248123200) calling PizzaStore::~PizzaStore in file `PizzaStore.hpp' on line 22
TRACE    (139964248123200) leaving PizzaStore::~PizzaStore in file `PizzaStore.hpp' on line 22
TRACE    (139964248123200) calling PizzaStore::~PizzaStore in file `PizzaStore.hpp' on line 22
TRACE    (139964248123200) leaving PizzaStore::~PizzaStore in file `PizzaStore.hpp' on line 22
TRACE (139964248123200) leaving main in file `Pizzafm.cpp' on line 14
