TRACE (140309767718720) calling main in file `SimpleRemote.cpp' on line 13
TRACE    (140309767718720) calling SimpleRemoteControl::SimpleRemoteControl in file `SimpleRemoteControl.hpp' on line 21
TRACE    (140309767718720) leaving SimpleRemoteControl::SimpleRemoteControl in file `SimpleRemoteControl.hpp' on line 21
TRACE    (140309767718720) calling Light::Light in file `Light.hpp' on line 18
TRACE    (140309767718720) leaving Light::Light in file `Light.hpp' on line 18
TRACE    (140309767718720) calling GarageDoor::GarageDoor in file `GarageDoor.hpp' on line 18
TRACE    (140309767718720) leaving GarageDoor::GarageDoor in file `GarageDoor.hpp' on line 18
TRACE    (140309767718720) calling LightOnCommand::LightOnCommand in file `LightOnCommand.hpp' on line 22
TRACE    (140309767718720) leaving LightOnCommand::LightOnCommand in file `LightOnCommand.hpp' on line 22
TRACE    (140309767718720) calling GarageDoorOpenCommand::GarageDoorOpenCommand in file `GarageDoorOpenCommand.hpp' on line 22
TRACE    (140309767718720) leaving GarageDoorOpenCommand::GarageDoorOpenCommand in file `GarageDoorOpenCommand.hpp' on line 22
TRACE    (140309767718720) calling SimpleRemoteControl::setCommand in file `SimpleRemoteControl.hpp' on line 26
TRACE    (140309767718720) leaving SimpleRemoteControl::setCommand in file `SimpleRemoteControl.hpp' on line 26
TRACE    (140309767718720) calling SimpleRemoteControl::buttonWasPressed in file `SimpleRemoteControl.hpp' on line 32
TRACE       (140309767718720) calling LightOnCommand::execute in file `LightOnCommand.hpp' on line 26
TRACE          (140309767718720) calling Light::on in file `Light.hpp' on line 22
TRACE          (140309767718720) leaving Light::on in file `Light.hpp' on line 22
TRACE       (140309767718720) leaving LightOnCommand::execute in file `LightOnCommand.hpp' on line 26
TRACE    (140309767718720) leaving SimpleRemoteControl::buttonWasPressed in file `SimpleRemoteControl.hpp' on line 32
TRACE    (140309767718720) calling SimpleRemoteControl::setCommand in file `SimpleRemoteControl.hpp' on line 26
TRACE    (140309767718720) leaving SimpleRemoteControl::setCommand in file `SimpleRemoteControl.hpp' on line 26
TRACE    (140309767718720) calling SimpleRemoteControl::buttonWasPressed in file `SimpleRemoteControl.hpp' on line 32
TRACE       (140309767718720) calling GarageDoorOpenCommand::execute in file `GarageDoorOpenCommand.hpp' on line 26
TRACE          (140309767718720) calling GarageDoor::up in file `GarageDoor.hpp' on line 22
TRACE          (140309767718720) leaving GarageDoor::up in file `GarageDoor.hpp' on line 22
TRACE       (140309767718720) leaving GarageDoorOpenCommand::execute in file `GarageDoorOpenCommand.hpp' on line 26
TRACE    (140309767718720) leaving SimpleRemoteControl::buttonWasPressed in file `SimpleRemoteControl.hpp' on line 32
TRACE    (140309767718720) calling Command::~Command in file `Command.hpp' on line 18
TRACE    (140309767718720) leaving Command::~Command in file `Command.hpp' on line 18
TRACE    (140309767718720) calling Command::~Command in file `Command.hpp' on line 18
TRACE    (140309767718720) leaving Command::~Command in file `Command.hpp' on line 18
TRACE (140309767718720) leaving main in file `SimpleRemote.cpp' on line 13
