TRACE (139743179884352) calling main in file `DinerMerger.cpp' on line 13
TRACE    (139743179884352) calling PancakeHouseMenu::PancakeHouseMenu in file `PancakeHouseMenu.hpp' on line 21
TRACE       (139743179884352) calling PancakeHouseMenu::addItem in file `PancakeHouseMenu.hpp' on line 34
TRACE          (139743179884352) calling MenuItem::MenuItem in file `MenuItem.hpp' on line 27
TRACE          (139743179884352) leaving MenuItem::MenuItem in file `MenuItem.hpp' on line 27
TRACE       (139743179884352) leaving PancakeHouseMenu::addItem in file `PancakeHouseMenu.hpp' on line 34
TRACE       (139743179884352) calling PancakeHouseMenu::addItem in file `PancakeHouseMenu.hpp' on line 34
TRACE          (139743179884352) calling MenuItem::MenuItem in file `MenuItem.hpp' on line 27
TRACE          (139743179884352) leaving MenuItem::MenuItem in file `MenuItem.hpp' on line 27
TRACE       (139743179884352) leaving PancakeHouseMenu::addItem in file `PancakeHouseMenu.hpp' on line 34
TRACE       (139743179884352) calling PancakeHouseMenu::addItem in file `PancakeHouseMenu.hpp' on line 34
TRACE          (139743179884352) calling MenuItem::MenuItem in file `MenuItem.hpp' on line 27
TRACE          (139743179884352) leaving MenuItem::MenuItem in file `MenuItem.hpp' on line 27
TRACE       (139743179884352) leaving PancakeHouseMenu::addItem in file `PancakeHouseMenu.hpp' on line 34
TRACE       (139743179884352) calling PancakeHouseMenu::addItem in file `PancakeHouseMenu.hpp' on line 34
TRACE          (139743179884352) calling MenuItem::MenuItem in file `MenuItem.hpp' on line 27
TRACE          (139743179884352) leaving MenuItem::MenuItem in file `MenuItem.hpp' on line 27
TRACE       (139743179884352) leaving PancakeHouseMenu::addItem in file `PancakeHouseMenu.hpp' on line 34
TRACE    (139743179884352) leaving PancakeHouseMenu::PancakeHouseMenu in file `PancakeHouseMenu.hpp' on line 21
TRACE    (139743179884352) calling DinerMenu::DinerMenu in file `DinerMenu.hpp' on line 24
TRACE       (139743179884352) calling DinerMenu::addItem in file `DinerMenu.hpp' on line 48
TRACE          (139743179884352) calling MenuItem::MenuItem in file `MenuItem.hpp' on line 27
TRACE          (139743179884352) leaving MenuItem::MenuItem in file `MenuItem.hpp' on line 27
TRACE       (139743179884352) leaving DinerMenu::addItem in file `DinerMenu.hpp' on line 48
TRACE       (139743179884352) calling DinerMenu::addItem in file `DinerMenu.hpp' on line 48
TRACE          (139743179884352) calling MenuItem::MenuItem in file `MenuItem.hpp' on line 27
TRACE          (139743179884352) leaving MenuItem::MenuItem in file `MenuItem.hpp' on line 27
TRACE       (139743179884352) leaving DinerMenu::addItem in file `DinerMenu.hpp' on line 48
TRACE       (139743179884352) calling DinerMenu::addItem in file `DinerMenu.hpp' on line 48
TRACE          (139743179884352) calling MenuItem::MenuItem in file `MenuItem.hpp' on line 27
TRACE          (139743179884352) leaving MenuItem::MenuItem in file `MenuItem.hpp' on line 27
TRACE       (139743179884352) leaving DinerMenu::addItem in file `DinerMenu.hpp' on line 48
TRACE       (139743179884352) calling DinerMenu::addItem in file `DinerMenu.hpp' on line 48
TRACE          (139743179884352) calling MenuItem::MenuItem in file `MenuItem.hpp' on line 27
TRACE          (139743179884352) leaving MenuItem::MenuItem in file `MenuItem.hpp' on line 27
TRACE       (139743179884352) leaving DinerMenu::addItem in file `DinerMenu.hpp' on line 48
TRACE       (139743179884352) calling DinerMenu::addItem in file `DinerMenu.hpp' on line 48
TRACE          (139743179884352) calling MenuItem::MenuItem in file `MenuItem.hpp' on line 27
TRACE          (139743179884352) leaving MenuItem::MenuItem in file `MenuItem.hpp' on line 27
TRACE       (139743179884352) leaving DinerMenu::addItem in file `DinerMenu.hpp' on line 48
TRACE       (139743179884352) calling DinerMenu::addItem in file `DinerMenu.hpp' on line 48
TRACE          (139743179884352) calling MenuItem::MenuItem in file `MenuItem.hpp' on line 27
TRACE          (139743179884352) leaving MenuItem::MenuItem in file `MenuItem.hpp' on line 27
TRACE       (139743179884352) leaving DinerMenu::addItem in file `DinerMenu.hpp' on line 48
TRACE    (139743179884352) leaving DinerMenu::DinerMenu in file `DinerMenu.hpp' on line 24
TRACE    (139743179884352) calling Waitress::Waitress in file `Waitress.hpp' on line 58
TRACE    (139743179884352) leaving Waitress::Waitress in file `Waitress.hpp' on line 58
TRACE    (139743179884352) calling Waitress::printMenu in file `Waitress.hpp' on line 62
TRACE       (139743179884352) calling PancakeHouseMenu::createIterator in file `PancakeHouseMenu.hpp' on line 46
TRACE          (139743179884352) calling PancakeHouseMenuIterator::PancakeHouseMenuIterator in file `PancakeHouseMenuIterator.hpp' on line 24
TRACE          (139743179884352) leaving PancakeHouseMenuIterator::PancakeHouseMenuIterator in file `PancakeHouseMenuIterator.hpp' on line 24
TRACE       (139743179884352) leaving PancakeHouseMenu::createIterator in file `PancakeHouseMenu.hpp' on line 46
TRACE       (139743179884352) calling DinerMenu::createIterator in file `DinerMenu.hpp' on line 68
TRACE          (139743179884352) calling DinerMenuIterator::DinerMenuIterator in file `DinerMenuIterator.hpp' on line 24
TRACE          (139743179884352) leaving DinerMenuIterator::DinerMenuIterator in file `DinerMenuIterator.hpp' on line 24
TRACE       (139743179884352) leaving DinerMenu::createIterator in file `DinerMenu.hpp' on line 68
TRACE       (139743179884352) calling Waitress::printMenu in file `Waitress.hpp' on line 20
TRACE          (139743179884352) calling PancakeHouseMenuIterator::hasNext in file `PancakeHouseMenuIterator.hpp' on line 35
TRACE          (139743179884352) leaving PancakeHouseMenuIterator::hasNext in file `PancakeHouseMenuIterator.hpp' on line 35
TRACE          (139743179884352) calling PancakeHouseMenuIterator::next in file `PancakeHouseMenuIterator.hpp' on line 28
TRACE          (139743179884352) leaving PancakeHouseMenuIterator::next in file `PancakeHouseMenuIterator.hpp' on line 28
TRACE          (139743179884352) calling MenuItem::getName in file `MenuItem.hpp' on line 31
TRACE          (139743179884352) leaving MenuItem::getName in file `MenuItem.hpp' on line 31
TRACE          (139743179884352) calling MenuItem::getPrice in file `MenuItem.hpp' on line 41
TRACE          (139743179884352) leaving MenuItem::getPrice in file `MenuItem.hpp' on line 41
TRACE          (139743179884352) calling MenuItem::getDescription in file `MenuItem.hpp' on line 36
TRACE          (139743179884352) leaving MenuItem::getDescription in file `MenuItem.hpp' on line 36
TRACE          (139743179884352) calling PancakeHouseMenuIterator::hasNext in file `PancakeHouseMenuIterator.hpp' on line 35
TRACE          (139743179884352) leaving PancakeHouseMenuIterator::hasNext in file `PancakeHouseMenuIterator.hpp' on line 35
TRACE          (139743179884352) calling PancakeHouseMenuIterator::next in file `PancakeHouseMenuIterator.hpp' on line 28
TRACE          (139743179884352) leaving PancakeHouseMenuIterator::next in file `PancakeHouseMenuIterator.hpp' on line 28
TRACE          (139743179884352) calling MenuItem::getName in file `MenuItem.hpp' on line 31
TRACE          (139743179884352) leaving MenuItem::getName in file `MenuItem.hpp' on line 31
TRACE          (139743179884352) calling MenuItem::getPrice in file `MenuItem.hpp' on line 41
TRACE          (139743179884352) leaving MenuItem::getPrice in file `MenuItem.hpp' on line 41
TRACE          (139743179884352) calling MenuItem::getDescription in file `MenuItem.hpp' on line 36
TRACE          (139743179884352) leaving MenuItem::getDescription in file `MenuItem.hpp' on line 36
TRACE          (139743179884352) calling PancakeHouseMenuIterator::hasNext in file `PancakeHouseMenuIterator.hpp' on line 35
TRACE          (139743179884352) leaving PancakeHouseMenuIterator::hasNext in file `PancakeHouseMenuIterator.hpp' on line 35
TRACE          (139743179884352) calling PancakeHouseMenuIterator::next in file `PancakeHouseMenuIterator.hpp' on line 28
TRACE          (139743179884352) leaving PancakeHouseMenuIterator::next in file `PancakeHouseMenuIterator.hpp' on line 28
TRACE          (139743179884352) calling MenuItem::getName in file `MenuItem.hpp' on line 31
TRACE          (139743179884352) leaving MenuItem::getName in file `MenuItem.hpp' on line 31
TRACE          (139743179884352) calling MenuItem::getPrice in file `MenuItem.hpp' on line 41
TRACE          (139743179884352) leaving MenuItem::getPrice in file `MenuItem.hpp' on line 41
TRACE          (139743179884352) calling MenuItem::getDescription in file `MenuItem.hpp' on line 36
TRACE          (139743179884352) leaving MenuItem::getDescription in file `MenuItem.hpp' on line 36
TRACE          (139743179884352) calling PancakeHouseMenuIterator::hasNext in file `PancakeHouseMenuIterator.hpp' on line 35
TRACE          (139743179884352) leaving PancakeHouseMenuIterator::hasNext in file `PancakeHouseMenuIterator.hpp' on line 35
TRACE          (139743179884352) calling PancakeHouseMenuIterator::next in file `PancakeHouseMenuIterator.hpp' on line 28
TRACE          (139743179884352) leaving PancakeHouseMenuIterator::next in file `PancakeHouseMenuIterator.hpp' on line 28
TRACE          (139743179884352) calling MenuItem::getName in file `MenuItem.hpp' on line 31
TRACE          (139743179884352) leaving MenuItem::getName in file `MenuItem.hpp' on line 31
TRACE          (139743179884352) calling MenuItem::getPrice in file `MenuItem.hpp' on line 41
TRACE          (139743179884352) leaving MenuItem::getPrice in file `MenuItem.hpp' on line 41
TRACE          (139743179884352) calling MenuItem::getDescription in file `MenuItem.hpp' on line 36
TRACE          (139743179884352) leaving MenuItem::getDescription in file `MenuItem.hpp' on line 36
TRACE          (139743179884352) calling PancakeHouseMenuIterator::hasNext in file `PancakeHouseMenuIterator.hpp' on line 35
TRACE          (139743179884352) leaving PancakeHouseMenuIterator::hasNext in file `PancakeHouseMenuIterator.hpp' on line 35
TRACE       (139743179884352) leaving Waitress::printMenu in file `Waitress.hpp' on line 20
TRACE       (139743179884352) calling Waitress::printMenu in file `Waitress.hpp' on line 20
TRACE          (139743179884352) calling DinerMenuIterator::hasNext in file `DinerMenuIterator.hpp' on line 35
TRACE          (139743179884352) leaving DinerMenuIterator::hasNext in file `DinerMenuIterator.hpp' on line 35
TRACE          (139743179884352) calling DinerMenuIterator::next in file `DinerMenuIterator.hpp' on line 28
TRACE          (139743179884352) leaving DinerMenuIterator::next in file `DinerMenuIterator.hpp' on line 28
TRACE          (139743179884352) calling MenuItem::getName in file `MenuItem.hpp' on line 31
TRACE          (139743179884352) leaving MenuItem::getName in file `MenuItem.hpp' on line 31
TRACE          (139743179884352) calling MenuItem::getPrice in file `MenuItem.hpp' on line 41
TRACE          (139743179884352) leaving MenuItem::getPrice in file `MenuItem.hpp' on line 41
TRACE          (139743179884352) calling MenuItem::getDescription in file `MenuItem.hpp' on line 36
TRACE          (139743179884352) leaving MenuItem::getDescription in file `MenuItem.hpp' on line 36
TRACE          (139743179884352) calling DinerMenuIterator::hasNext in file `DinerMenuIterator.hpp' on line 35
TRACE          (139743179884352) leaving DinerMenuIterator::hasNext in file `DinerMenuIterator.hpp' on line 35
TRACE          (139743179884352) calling DinerMenuIterator::next in file `DinerMenuIterator.hpp' on line 28
TRACE          (139743179884352) leaving DinerMenuIterator::next in file `DinerMenuIterator.hpp' on line 28
TRACE          (139743179884352) calling MenuItem::getName in file `MenuItem.hpp' on line 31
TRACE          (139743179884352) leaving MenuItem::getName in file `MenuItem.hpp' on line 31
TRACE          (139743179884352) calling MenuItem::getPrice in file `MenuItem.hpp' on line 41
TRACE          (139743179884352) leaving MenuItem::getPrice in file `MenuItem.hpp' on line 41
TRACE          (139743179884352) calling MenuItem::getDescription in file `MenuItem.hpp' on line 36
TRACE          (139743179884352) leaving MenuItem::getDescription in file `MenuItem.hpp' on line 36
TRACE          (139743179884352) calling DinerMenuIterator::hasNext in file `DinerMenuIterator.hpp' on line 35
TRACE          (139743179884352) leaving DinerMenuIterator::hasNext in file `DinerMenuIterator.hpp' on line 35
TRACE          (139743179884352) calling DinerMenuIterator::next in file `DinerMenuIterator.hpp' on line 28
TRACE          (139743179884352) leaving DinerMenuIterator::next in file `DinerMenuIterator.hpp' on line 28
TRACE          (139743179884352) calling MenuItem::getName in file `MenuItem.hpp' on line 31
TRACE          (139743179884352) leaving MenuItem::getName in file `MenuItem.hpp' on line 31
TRACE          (139743179884352) calling MenuItem::getPrice in file `MenuItem.hpp' on line 41
TRACE          (139743179884352) leaving MenuItem::getPrice in file `MenuItem.hpp' on line 41
TRACE          (139743179884352) calling MenuItem::getDescription in file `MenuItem.hpp' on line 36
TRACE          (139743179884352) leaving MenuItem::getDescription in file `MenuItem.hpp' on line 36
TRACE          (139743179884352) calling DinerMenuIterator::hasNext in file `DinerMenuIterator.hpp' on line 35
TRACE          (139743179884352) leaving DinerMenuIterator::hasNext in file `DinerMenuIterator.hpp' on line 35
TRACE          (139743179884352) calling DinerMenuIterator::next in file `DinerMenuIterator.hpp' on line 28
TRACE          (139743179884352) leaving DinerMenuIterator::next in file `DinerMenuIterator.hpp' on line 28
TRACE          (139743179884352) calling MenuItem::getName in file `MenuItem.hpp' on line 31
TRACE          (139743179884352) leaving MenuItem::getName in file `MenuItem.hpp' on line 31
TRACE          (139743179884352) calling MenuItem::getPrice in file `MenuItem.hpp' on line 41
TRACE          (139743179884352) leaving MenuItem::getPrice in file `MenuItem.hpp' on line 41
TRACE          (139743179884352) calling MenuItem::getDescription in file `MenuItem.hpp' on line 36
TRACE          (139743179884352) leaving MenuItem::getDescription in file `MenuItem.hpp' on line 36
TRACE          (139743179884352) calling DinerMenuIterator::hasNext in file `DinerMenuIterator.hpp' on line 35
TRACE          (139743179884352) leaving DinerMenuIterator::hasNext in file `DinerMenuIterator.hpp' on line 35
TRACE          (139743179884352) calling DinerMenuIterator::next in file `DinerMenuIterator.hpp' on line 28
TRACE          (139743179884352) leaving DinerMenuIterator::next in file `DinerMenuIterator.hpp' on line 28
TRACE          (139743179884352) calling MenuItem::getName in file `MenuItem.hpp' on line 31
TRACE          (139743179884352) leaving MenuItem::getName in file `MenuItem.hpp' on line 31
TRACE          (139743179884352) calling MenuItem::getPrice in file `MenuItem.hpp' on line 41
TRACE          (139743179884352) leaving MenuItem::getPrice in file `MenuItem.hpp' on line 41
TRACE          (139743179884352) calling MenuItem::getDescription in file `MenuItem.hpp' on line 36
TRACE          (139743179884352) leaving MenuItem::getDescription in file `MenuItem.hpp' on line 36
TRACE          (139743179884352) calling DinerMenuIterator::hasNext in file `DinerMenuIterator.hpp' on line 35
TRACE          (139743179884352) leaving DinerMenuIterator::hasNext in file `DinerMenuIterator.hpp' on line 35
TRACE          (139743179884352) calling DinerMenuIterator::next in file `DinerMenuIterator.hpp' on line 28
TRACE          (139743179884352) leaving DinerMenuIterator::next in file `DinerMenuIterator.hpp' on line 28
TRACE          (139743179884352) calling MenuItem::getName in file `MenuItem.hpp' on line 31
TRACE          (139743179884352) leaving MenuItem::getName in file `MenuItem.hpp' on line 31
TRACE          (139743179884352) calling MenuItem::getPrice in file `MenuItem.hpp' on line 41
TRACE          (139743179884352) leaving MenuItem::getPrice in file `MenuItem.hpp' on line 41
TRACE          (139743179884352) calling MenuItem::getDescription in file `MenuItem.hpp' on line 36
TRACE          (139743179884352) leaving MenuItem::getDescription in file `MenuItem.hpp' on line 36
TRACE          (139743179884352) calling DinerMenuIterator::hasNext in file `DinerMenuIterator.hpp' on line 35
TRACE          (139743179884352) leaving DinerMenuIterator::hasNext in file `DinerMenuIterator.hpp' on line 35
TRACE       (139743179884352) leaving Waitress::printMenu in file `Waitress.hpp' on line 20
TRACE    (139743179884352) leaving Waitress::printMenu in file `Waitress.hpp' on line 62
TRACE    (139743179884352) calling Menu::~Menu in file `Menu.hpp' on line 16
TRACE    (139743179884352) leaving Menu::~Menu in file `Menu.hpp' on line 16
TRACE    (139743179884352) calling Menu::~Menu in file `Menu.hpp' on line 16
TRACE    (139743179884352) leaving Menu::~Menu in file `Menu.hpp' on line 16
TRACE (139743179884352) leaving main in file `DinerMerger.cpp' on line 13
