TRACE (140250793686848) calling main in file `Ducks.cpp' on line 20
TRACE    (140250793686848) calling TurkeyAdapter::TurkeyAdapter in file `TurkeyAdapter.hpp' on line 25
TRACE    (140250793686848) leaving TurkeyAdapter::TurkeyAdapter in file `TurkeyAdapter.hpp' on line 25
TRACE    (140250793686848) calling WildTurkey::gobble in file `WildTurkey.hpp' on line 23
TRACE    (140250793686848) leaving WildTurkey::gobble in file `WildTurkey.hpp' on line 23
TRACE    (140250793686848) calling WildTurkey::fly in file `WildTurkey.hpp' on line 18
TRACE    (140250793686848) leaving WildTurkey::fly in file `WildTurkey.hpp' on line 18
TRACE    (140250793686848) calling testDuck in file `Ducks.cpp' on line 11
TRACE       (140250793686848) calling MallardDuck::quack in file `MallardDuck.hpp' on line 23
TRACE       (140250793686848) leaving MallardDuck::quack in file `MallardDuck.hpp' on line 23
TRACE       (140250793686848) calling MallardDuck::fly in file `MallardDuck.hpp' on line 18
TRACE       (140250793686848) leaving MallardDuck::fly in file `MallardDuck.hpp' on line 18
TRACE    (140250793686848) leaving testDuck in file `Ducks.cpp' on line 11
TRACE    (140250793686848) calling testDuck in file `Ducks.cpp' on line 11
TRACE       (140250793686848) calling TurkeyAdapter::quack in file `TurkeyAdapter.hpp' on line 38
TRACE          (140250793686848) calling WildTurkey::gobble in file `WildTurkey.hpp' on line 23
TRACE          (140250793686848) leaving WildTurkey::gobble in file `WildTurkey.hpp' on line 23
TRACE       (140250793686848) leaving TurkeyAdapter::quack in file `TurkeyAdapter.hpp' on line 38
TRACE       (140250793686848) calling TurkeyAdapter::fly in file `TurkeyAdapter.hpp' on line 30
TRACE          (140250793686848) calling WildTurkey::fly in file `WildTurkey.hpp' on line 18
TRACE          (140250793686848) leaving WildTurkey::fly in file `WildTurkey.hpp' on line 18
TRACE          (140250793686848) calling WildTurkey::fly in file `WildTurkey.hpp' on line 18
TRACE          (140250793686848) leaving WildTurkey::fly in file `WildTurkey.hpp' on line 18
TRACE          (140250793686848) calling WildTurkey::fly in file `WildTurkey.hpp' on line 18
TRACE          (140250793686848) leaving WildTurkey::fly in file `WildTurkey.hpp' on line 18
TRACE          (140250793686848) calling WildTurkey::fly in file `WildTurkey.hpp' on line 18
TRACE          (140250793686848) leaving WildTurkey::fly in file `WildTurkey.hpp' on line 18
TRACE          (140250793686848) calling WildTurkey::fly in file `WildTurkey.hpp' on line 18
TRACE          (140250793686848) leaving WildTurkey::fly in file `WildTurkey.hpp' on line 18
TRACE       (140250793686848) leaving TurkeyAdapter::fly in file `TurkeyAdapter.hpp' on line 30
TRACE    (140250793686848) leaving testDuck in file `Ducks.cpp' on line 11
TRACE    (140250793686848) calling Duck::~Duck() in file `Duck.hpp' on line 18
TRACE    (140250793686848) leaving Duck::~Duck() in file `Duck.hpp' on line 18
TRACE    (140250793686848) calling Turkey::~Turkey in file `Turkey.hpp' on line 18
TRACE    (140250793686848) leaving Turkey::~Turkey in file `Turkey.hpp' on line 18
TRACE    (140250793686848) calling Duck::~Duck() in file `Duck.hpp' on line 18
TRACE    (140250793686848) leaving Duck::~Duck() in file `Duck.hpp' on line 18
TRACE (140250793686848) leaving main in file `Ducks.cpp' on line 20
