TRACE (139666734397248) calling main in file `HomeTheater.cpp' on line 12
TRACE    (139666734397248) calling Amplifier::Amplifier in file `Amplifier.hpp' on line 27
TRACE    (139666734397248) leaving Amplifier::Amplifier in file `Amplifier.hpp' on line 27
TRACE    (139666734397248) calling Tuner::Tuner in file `Tuner.hpp' on line 29
TRACE    (139666734397248) leaving Tuner::Tuner in file `Tuner.hpp' on line 29
TRACE    (139666734397248) calling DvdPlayer::DvdPlayer in file `DvdPlayer.hpp' on line 30
TRACE    (139666734397248) leaving DvdPlayer::DvdPlayer in file `DvdPlayer.hpp' on line 30
TRACE    (139666734397248) calling CdPlayer::CdPlayer in file `CdPlayer.hpp' on line 31
TRACE    (139666734397248) leaving CdPlayer::CdPlayer in file `CdPlayer.hpp' on line 31
TRACE    (139666734397248) calling Projector::Projector in file `Projector.hpp' on line 26
TRACE    (139666734397248) leaving Projector::Projector in file `Projector.hpp' on line 26
TRACE    (139666734397248) calling TheaterLights::TheaterLights in file `TheaterLights.hpp' on line 24
TRACE    (139666734397248) leaving TheaterLights::TheaterLights in file `TheaterLights.hpp' on line 24
TRACE    (139666734397248) calling Screen::Screen in file `Screen.hpp' on line 24
TRACE    (139666734397248) leaving Screen::Screen in file `Screen.hpp' on line 24
TRACE    (139666734397248) calling PopcornPopper::PopcornPopper in file `PopcornPopper.hpp' on line 24
TRACE    (139666734397248) leaving PopcornPopper::PopcornPopper in file `PopcornPopper.hpp' on line 24
TRACE    (139666734397248) calling HomeTheaterFacade::~HomeTheaterFacade in file `HomeTheaterFacade.hpp' on line 43
TRACE    (139666734397248) leaving HomeTheaterFacade::~HomeTheaterFacade in file `HomeTheaterFacade.hpp' on line 43

TRACE    (139666734397248) calling HomeTheaterFacade::watchMovie in file `HomeTheaterFacade.hpp' on line 47
TRACE       (139666734397248) calling PopcornPopper::on in file `PopcornPopper.hpp' on line 28
TRACE       (139666734397248) leaving PopcornPopper::on in file `PopcornPopper.hpp' on line 28
TRACE       (139666734397248) calling PopcornPopper::pop in file `PopcornPopper.hpp' on line 38
TRACE       (139666734397248) leaving PopcornPopper::pop in file `PopcornPopper.hpp' on line 38
TRACE       (139666734397248) calling TheaterLights::dim in file `TheaterLights.hpp' on line 40
TRACE       (139666734397248) leaving TheaterLights::dim in file `TheaterLights.hpp' on line 40
TRACE       (139666734397248) calling Screen::down in file `Screen.hpp' on line 33
TRACE       (139666734397248) leaving Screen::down in file `Screen.hpp' on line 33
TRACE       (139666734397248) calling Projector::on in file `Projector.hpp' on line 30
TRACE       (139666734397248) leaving Projector::on in file `Projector.hpp' on line 30
TRACE       (139666734397248) calling Projector::wideScreenMode in file `Projector.hpp' on line 40
TRACE       (139666734397248) leaving Projector::wideScreenMode in file `Projector.hpp' on line 40
TRACE       (139666734397248) calling Amplifier::on in file `Amplifier.hpp' on line 31
TRACE       (139666734397248) leaving Amplifier::on in file `Amplifier.hpp' on line 31
TRACE       (139666734397248) calling Amplifier::setDvd in file `Amplifier.hpp' on line 68
TRACE          (139666734397248) calling DvdPlayer::toString in file `DvdPlayer.hpp' on line 92
TRACE          (139666734397248) leaving DvdPlayer::toString in file `DvdPlayer.hpp' on line 92
TRACE       (139666734397248) leaving Amplifier::setDvd in file `Amplifier.hpp' on line 68
TRACE       (139666734397248) calling Amplifier::setSurroundSound in file `Amplifier.hpp' on line 46
TRACE       (139666734397248) leaving Amplifier::setSurroundSound in file `Amplifier.hpp' on line 46
TRACE       (139666734397248) calling Amplifier::setVolume in file `Amplifier.hpp' on line 53
TRACE       (139666734397248) leaving Amplifier::setVolume in file `Amplifier.hpp' on line 53
TRACE       (139666734397248) calling DvdPlayer::on in file `DvdPlayer.hpp' on line 34
TRACE       (139666734397248) leaving DvdPlayer::on in file `DvdPlayer.hpp' on line 34
TRACE       (139666734397248) calling DvdPlayer::play in file `DvdPlayer.hpp' on line 50
TRACE       (139666734397248) leaving DvdPlayer::play in file `DvdPlayer.hpp' on line 50
TRACE    (139666734397248) leaving HomeTheaterFacade::watchMovie in file `HomeTheaterFacade.hpp' on line 47

TRACE    (139666734397248) calling HomeTheaterFacade::endMovie in file `HomeTheaterFacade.hpp' on line 64
TRACE       (139666734397248) calling PopcornPopper::off in file `PopcornPopper.hpp' on line 33
TRACE       (139666734397248) leaving PopcornPopper::off in file `PopcornPopper.hpp' on line 33
TRACE       (139666734397248) calling TheaterLights::on in file `TheaterLights.hpp' on line 28
TRACE       (139666734397248) leaving TheaterLights::on in file `TheaterLights.hpp' on line 28
TRACE       (139666734397248) calling Screen::up in file `Screen.hpp' on line 28
TRACE       (139666734397248) leaving Screen::up in file `Screen.hpp' on line 28
TRACE       (139666734397248) calling Projector::off in file `Projector.hpp' on line 35
TRACE       (139666734397248) leaving Projector::off in file `Projector.hpp' on line 35
TRACE       (139666734397248) calling Amplifier::off in file `Amplifier.hpp' on line 36
TRACE       (139666734397248) leaving Amplifier::off in file `Amplifier.hpp' on line 36
TRACE       (139666734397248) calling DvdPlayer::stop in file `DvdPlayer.hpp' on line 69
TRACE       (139666734397248) leaving DvdPlayer::stop in file `DvdPlayer.hpp' on line 69
TRACE       (139666734397248) calling DvdPlayer::eject in file `DvdPlayer.hpp' on line 44
TRACE       (139666734397248) leaving DvdPlayer::eject in file `DvdPlayer.hpp' on line 44
TRACE       (139666734397248) calling DvdPlayer::off in file `DvdPlayer.hpp' on line 39
TRACE       (139666734397248) leaving DvdPlayer::off in file `DvdPlayer.hpp' on line 39
TRACE    (139666734397248) leaving HomeTheaterFacade::endMovie in file `HomeTheaterFacade.hpp' on line 64

TRACE (139666734397248) leaving main in file `HomeTheater.cpp' on line 12
