TRACE (140404263171904) calling main in file `Menus.cpp' on line 13
TRACE    (140404263171904) calling MenuComponent:: in file `MenuComponent.hpp' on line 21
TRACE    (140404263171904) leaving MenuComponent:: in file `MenuComponent.hpp' on line 21
TRACE    (140404263171904) calling Menu::Menu in file `Menu.hpp' on line 24
TRACE    (140404263171904) leaving Menu::Menu in file `Menu.hpp' on line 24
TRACE    (140404263171904) calling MenuComponent:: in file `MenuComponent.hpp' on line 21
TRACE    (140404263171904) leaving MenuComponent:: in file `MenuComponent.hpp' on line 21
TRACE    (140404263171904) calling Menu::Menu in file `Menu.hpp' on line 24
TRACE    (140404263171904) leaving Menu::Menu in file `Menu.hpp' on line 24
TRACE    (140404263171904) calling MenuComponent:: in file `MenuComponent.hpp' on line 21
TRACE    (140404263171904) leaving MenuComponent:: in file `MenuComponent.hpp' on line 21
TRACE    (140404263171904) calling Menu::Menu in file `Menu.hpp' on line 24
TRACE    (140404263171904) leaving Menu::Menu in file `Menu.hpp' on line 24
TRACE    (140404263171904) calling MenuComponent:: in file `MenuComponent.hpp' on line 21
TRACE    (140404263171904) leaving MenuComponent:: in file `MenuComponent.hpp' on line 21
TRACE    (140404263171904) calling Menu::Menu in file `Menu.hpp' on line 24
TRACE    (140404263171904) leaving Menu::Menu in file `Menu.hpp' on line 24
TRACE    (140404263171904) calling MenuComponent:: in file `MenuComponent.hpp' on line 21
TRACE    (140404263171904) leaving MenuComponent:: in file `MenuComponent.hpp' on line 21
TRACE    (140404263171904) calling Menu::Menu in file `Menu.hpp' on line 24
TRACE    (140404263171904) leaving Menu::Menu in file `Menu.hpp' on line 24
TRACE    (140404263171904) calling MenuComponent:: in file `MenuComponent.hpp' on line 21
TRACE    (140404263171904) leaving MenuComponent:: in file `MenuComponent.hpp' on line 21
TRACE    (140404263171904) calling Menu::Menu in file `Menu.hpp' on line 24
TRACE    (140404263171904) leaving Menu::Menu in file `Menu.hpp' on line 24
TRACE    (140404263171904) calling Menu::add in file `Menu.hpp' on line 29
TRACE    (140404263171904) leaving Menu::add in file `Menu.hpp' on line 29
TRACE    (140404263171904) calling Menu::add in file `Menu.hpp' on line 29
TRACE    (140404263171904) leaving Menu::add in file `Menu.hpp' on line 29
TRACE    (140404263171904) calling Menu::add in file `Menu.hpp' on line 29
TRACE    (140404263171904) leaving Menu::add in file `Menu.hpp' on line 29
TRACE    (140404263171904) calling MenuComponent:: in file `MenuComponent.hpp' on line 21
TRACE    (140404263171904) leaving MenuComponent:: in file `MenuComponent.hpp' on line 21
TRACE    (140404263171904) calling MenuItem::MenuItem in file `MenuItem.hpp' on line 24
TRACE    (140404263171904) leaving MenuItem::MenuItem in file `MenuItem.hpp' on line 24
TRACE    (140404263171904) calling Menu::add in file `Menu.hpp' on line 29
TRACE    (140404263171904) leaving Menu::add in file `Menu.hpp' on line 29
TRACE    (140404263171904) calling MenuComponent:: in file `MenuComponent.hpp' on line 21
TRACE    (140404263171904) leaving MenuComponent:: in file `MenuComponent.hpp' on line 21
TRACE    (140404263171904) calling MenuItem::MenuItem in file `MenuItem.hpp' on line 24
TRACE    (140404263171904) leaving MenuItem::MenuItem in file `MenuItem.hpp' on line 24
TRACE    (140404263171904) calling Menu::add in file `Menu.hpp' on line 29
TRACE    (140404263171904) leaving Menu::add in file `Menu.hpp' on line 29
TRACE    (140404263171904) calling MenuComponent:: in file `MenuComponent.hpp' on line 21
TRACE    (140404263171904) leaving MenuComponent:: in file `MenuComponent.hpp' on line 21
TRACE    (140404263171904) calling MenuItem::MenuItem in file `MenuItem.hpp' on line 24
TRACE    (140404263171904) leaving MenuItem::MenuItem in file `MenuItem.hpp' on line 24
TRACE    (140404263171904) calling Menu::add in file `Menu.hpp' on line 29
TRACE    (140404263171904) leaving Menu::add in file `Menu.hpp' on line 29
TRACE    (140404263171904) calling MenuComponent:: in file `MenuComponent.hpp' on line 21
TRACE    (140404263171904) leaving MenuComponent:: in file `MenuComponent.hpp' on line 21
TRACE    (140404263171904) calling MenuItem::MenuItem in file `MenuItem.hpp' on line 24
TRACE    (140404263171904) leaving MenuItem::MenuItem in file `MenuItem.hpp' on line 24
TRACE    (140404263171904) calling Menu::add in file `Menu.hpp' on line 29
TRACE    (140404263171904) leaving Menu::add in file `Menu.hpp' on line 29
TRACE    (140404263171904) calling MenuComponent:: in file `MenuComponent.hpp' on line 21
TRACE    (140404263171904) leaving MenuComponent:: in file `MenuComponent.hpp' on line 21
TRACE    (140404263171904) calling MenuItem::MenuItem in file `MenuItem.hpp' on line 24
TRACE    (140404263171904) leaving MenuItem::MenuItem in file `MenuItem.hpp' on line 24
TRACE    (140404263171904) calling Menu::add in file `Menu.hpp' on line 29
TRACE    (140404263171904) leaving Menu::add in file `Menu.hpp' on line 29
TRACE    (140404263171904) calling MenuComponent:: in file `MenuComponent.hpp' on line 21
TRACE    (140404263171904) leaving MenuComponent:: in file `MenuComponent.hpp' on line 21
TRACE    (140404263171904) calling MenuItem::MenuItem in file `MenuItem.hpp' on line 24
TRACE    (140404263171904) leaving MenuItem::MenuItem in file `MenuItem.hpp' on line 24
TRACE    (140404263171904) calling Menu::add in file `Menu.hpp' on line 29
TRACE    (140404263171904) leaving Menu::add in file `Menu.hpp' on line 29
TRACE    (140404263171904) calling MenuComponent:: in file `MenuComponent.hpp' on line 21
TRACE    (140404263171904) leaving MenuComponent:: in file `MenuComponent.hpp' on line 21
TRACE    (140404263171904) calling MenuItem::MenuItem in file `MenuItem.hpp' on line 24
TRACE    (140404263171904) leaving MenuItem::MenuItem in file `MenuItem.hpp' on line 24
TRACE    (140404263171904) calling Menu::add in file `Menu.hpp' on line 29
TRACE    (140404263171904) leaving Menu::add in file `Menu.hpp' on line 29
TRACE    (140404263171904) calling MenuComponent:: in file `MenuComponent.hpp' on line 21
TRACE    (140404263171904) leaving MenuComponent:: in file `MenuComponent.hpp' on line 21
TRACE    (140404263171904) calling MenuItem::MenuItem in file `MenuItem.hpp' on line 24
TRACE    (140404263171904) leaving MenuItem::MenuItem in file `MenuItem.hpp' on line 24
TRACE    (140404263171904) calling Menu::add in file `Menu.hpp' on line 29
TRACE    (140404263171904) leaving Menu::add in file `Menu.hpp' on line 29
TRACE    (140404263171904) calling MenuComponent:: in file `MenuComponent.hpp' on line 21
TRACE    (140404263171904) leaving MenuComponent:: in file `MenuComponent.hpp' on line 21
TRACE    (140404263171904) calling MenuItem::MenuItem in file `MenuItem.hpp' on line 24
TRACE    (140404263171904) leaving MenuItem::MenuItem in file `MenuItem.hpp' on line 24
TRACE    (140404263171904) calling Menu::add in file `Menu.hpp' on line 29
TRACE    (140404263171904) leaving Menu::add in file `Menu.hpp' on line 29
TRACE    (140404263171904) calling MenuComponent:: in file `MenuComponent.hpp' on line 21
TRACE    (140404263171904) leaving MenuComponent:: in file `MenuComponent.hpp' on line 21
TRACE    (140404263171904) calling MenuItem::MenuItem in file `MenuItem.hpp' on line 24
TRACE    (140404263171904) leaving MenuItem::MenuItem in file `MenuItem.hpp' on line 24
TRACE    (140404263171904) calling Menu::add in file `Menu.hpp' on line 29
TRACE    (140404263171904) leaving Menu::add in file `Menu.hpp' on line 29
TRACE    (140404263171904) calling Menu::add in file `Menu.hpp' on line 29
TRACE    (140404263171904) leaving Menu::add in file `Menu.hpp' on line 29
TRACE    (140404263171904) calling MenuComponent:: in file `MenuComponent.hpp' on line 21
TRACE    (140404263171904) leaving MenuComponent:: in file `MenuComponent.hpp' on line 21
TRACE    (140404263171904) calling MenuItem::MenuItem in file `MenuItem.hpp' on line 24
TRACE    (140404263171904) leaving MenuItem::MenuItem in file `MenuItem.hpp' on line 24
TRACE    (140404263171904) calling Menu::add in file `Menu.hpp' on line 29
TRACE    (140404263171904) leaving Menu::add in file `Menu.hpp' on line 29
TRACE    (140404263171904) calling MenuComponent:: in file `MenuComponent.hpp' on line 21
TRACE    (140404263171904) leaving MenuComponent:: in file `MenuComponent.hpp' on line 21
TRACE    (140404263171904) calling MenuItem::MenuItem in file `MenuItem.hpp' on line 24
TRACE    (140404263171904) leaving MenuItem::MenuItem in file `MenuItem.hpp' on line 24
TRACE    (140404263171904) calling Menu::add in file `Menu.hpp' on line 29
TRACE    (140404263171904) leaving Menu::add in file `Menu.hpp' on line 29
TRACE    (140404263171904) calling MenuComponent:: in file `MenuComponent.hpp' on line 21
TRACE    (140404263171904) leaving MenuComponent:: in file `MenuComponent.hpp' on line 21
TRACE    (140404263171904) calling MenuItem::MenuItem in file `MenuItem.hpp' on line 24
TRACE    (140404263171904) leaving MenuItem::MenuItem in file `MenuItem.hpp' on line 24
TRACE    (140404263171904) calling Menu::add in file `Menu.hpp' on line 29
TRACE    (140404263171904) leaving Menu::add in file `Menu.hpp' on line 29
TRACE    (140404263171904) calling MenuComponent:: in file `MenuComponent.hpp' on line 21
TRACE    (140404263171904) leaving MenuComponent:: in file `MenuComponent.hpp' on line 21
TRACE    (140404263171904) calling MenuItem::MenuItem in file `MenuItem.hpp' on line 24
TRACE    (140404263171904) leaving MenuItem::MenuItem in file `MenuItem.hpp' on line 24
TRACE    (140404263171904) calling Menu::add in file `Menu.hpp' on line 29
TRACE    (140404263171904) leaving Menu::add in file `Menu.hpp' on line 29
TRACE    (140404263171904) calling MenuComponent:: in file `MenuComponent.hpp' on line 21
TRACE    (140404263171904) leaving MenuComponent:: in file `MenuComponent.hpp' on line 21
TRACE    (140404263171904) calling MenuItem::MenuItem in file `MenuItem.hpp' on line 24
TRACE    (140404263171904) leaving MenuItem::MenuItem in file `MenuItem.hpp' on line 24
TRACE    (140404263171904) calling Menu::add in file `Menu.hpp' on line 29
TRACE    (140404263171904) leaving Menu::add in file `Menu.hpp' on line 29
TRACE    (140404263171904) calling MenuComponent:: in file `MenuComponent.hpp' on line 21
TRACE    (140404263171904) leaving MenuComponent:: in file `MenuComponent.hpp' on line 21
TRACE    (140404263171904) calling MenuItem::MenuItem in file `MenuItem.hpp' on line 24
TRACE    (140404263171904) leaving MenuItem::MenuItem in file `MenuItem.hpp' on line 24
TRACE    (140404263171904) calling Menu::add in file `Menu.hpp' on line 29
TRACE    (140404263171904) leaving Menu::add in file `Menu.hpp' on line 29
TRACE    (140404263171904) calling Menu::add in file `Menu.hpp' on line 29
TRACE    (140404263171904) leaving Menu::add in file `Menu.hpp' on line 29
TRACE    (140404263171904) calling MenuComponent:: in file `MenuComponent.hpp' on line 21
TRACE    (140404263171904) leaving MenuComponent:: in file `MenuComponent.hpp' on line 21
TRACE    (140404263171904) calling MenuItem::MenuItem in file `MenuItem.hpp' on line 24
TRACE    (140404263171904) leaving MenuItem::MenuItem in file `MenuItem.hpp' on line 24
TRACE    (140404263171904) calling Menu::add in file `Menu.hpp' on line 29
TRACE    (140404263171904) leaving Menu::add in file `Menu.hpp' on line 29
TRACE    (140404263171904) calling MenuComponent:: in file `MenuComponent.hpp' on line 21
TRACE    (140404263171904) leaving MenuComponent:: in file `MenuComponent.hpp' on line 21
TRACE    (140404263171904) calling MenuItem::MenuItem in file `MenuItem.hpp' on line 24
TRACE    (140404263171904) leaving MenuItem::MenuItem in file `MenuItem.hpp' on line 24
TRACE    (140404263171904) calling Menu::add in file `Menu.hpp' on line 29
TRACE    (140404263171904) leaving Menu::add in file `Menu.hpp' on line 29
TRACE    (140404263171904) calling MenuComponent:: in file `MenuComponent.hpp' on line 21
TRACE    (140404263171904) leaving MenuComponent:: in file `MenuComponent.hpp' on line 21
TRACE    (140404263171904) calling MenuItem::MenuItem in file `MenuItem.hpp' on line 24
TRACE    (140404263171904) leaving MenuItem::MenuItem in file `MenuItem.hpp' on line 24
TRACE    (140404263171904) calling Menu::add in file `Menu.hpp' on line 29
TRACE    (140404263171904) leaving Menu::add in file `Menu.hpp' on line 29
TRACE    (140404263171904) calling Waitress::Waitress in file `Waitress.hpp' on line 23
TRACE    (140404263171904) leaving Waitress::Waitress in file `Waitress.hpp' on line 23
TRACE    (140404263171904) calling Waitress::printMenu in file `Waitress.hpp' on line 27
TRACE       (140404263171904) calling Menu::print in file `Menu.hpp' on line 56
TRACE          (140404263171904) calling Menu::getName in file `Menu.hpp' on line 46
TRACE          (140404263171904) leaving Menu::getName in file `Menu.hpp' on line 46
TRACE          (140404263171904) calling Menu::getDescription in file `Menu.hpp' on line 51
TRACE          (140404263171904) leaving Menu::getDescription in file `Menu.hpp' on line 51
TRACE          (140404263171904) calling PancakeHouseMenu::createIterator in file `Menu.hpp' on line 74
TRACE             (140404263171904) calling MenuIterator::MenuIterator in file `MenuIterator.hpp' on line 26
TRACE             (140404263171904) leaving MenuIterator::MenuIterator in file `MenuIterator.hpp' on line 26
TRACE          (140404263171904) leaving PancakeHouseMenu::createIterator in file `Menu.hpp' on line 74
TRACE          (140404263171904) calling MenuIterator::hasNext in file `MenuIterator.hpp' on line 37
TRACE          (140404263171904) leaving MenuIterator::hasNext in file `MenuIterator.hpp' on line 37
TRACE          (140404263171904) calling MenuIterator::next in file `MenuIterator.hpp' on line 31
TRACE          (140404263171904) leaving MenuIterator::next in file `MenuIterator.hpp' on line 31
TRACE          (140404263171904) calling Menu::print in file `Menu.hpp' on line 56
TRACE             (140404263171904) calling Menu::getName in file `Menu.hpp' on line 46
TRACE             (140404263171904) leaving Menu::getName in file `Menu.hpp' on line 46
TRACE             (140404263171904) calling Menu::getDescription in file `Menu.hpp' on line 51
TRACE             (140404263171904) leaving Menu::getDescription in file `Menu.hpp' on line 51
TRACE             (140404263171904) calling PancakeHouseMenu::createIterator in file `Menu.hpp' on line 74
TRACE                (140404263171904) calling MenuIterator::MenuIterator in file `MenuIterator.hpp' on line 26
TRACE                (140404263171904) leaving MenuIterator::MenuIterator in file `MenuIterator.hpp' on line 26
TRACE             (140404263171904) leaving PancakeHouseMenu::createIterator in file `Menu.hpp' on line 74
TRACE             (140404263171904) calling MenuIterator::hasNext in file `MenuIterator.hpp' on line 37
TRACE             (140404263171904) leaving MenuIterator::hasNext in file `MenuIterator.hpp' on line 37
TRACE             (140404263171904) calling MenuIterator::next in file `MenuIterator.hpp' on line 31
TRACE             (140404263171904) leaving MenuIterator::next in file `MenuIterator.hpp' on line 31
TRACE             (140404263171904) calling MenuItem::print in file `MenuItem.hpp' on line 48
TRACE                (140404263171904) calling MenuItem::getName in file `MenuItem.hpp' on line 28
TRACE                (140404263171904) leaving MenuItem::getName in file `MenuItem.hpp' on line 28
TRACE                (140404263171904) calling MenuItem::isVegetarian in file `MenuItem.hpp' on line 43
TRACE                (140404263171904) leaving MenuItem::isVegetarian in file `MenuItem.hpp' on line 43
TRACE                (140404263171904) calling MenuItem::getPrice in file `MenuItem.hpp' on line 38
TRACE                (140404263171904) leaving MenuItem::getPrice in file `MenuItem.hpp' on line 38
TRACE                (140404263171904) calling MenuItem::getDescription in file `MenuItem.hpp' on line 33
TRACE                (140404263171904) leaving MenuItem::getDescription in file `MenuItem.hpp' on line 33
TRACE             (140404263171904) leaving MenuItem::print in file `MenuItem.hpp' on line 48
TRACE             (140404263171904) calling MenuIterator::hasNext in file `MenuIterator.hpp' on line 37
TRACE             (140404263171904) leaving MenuIterator::hasNext in file `MenuIterator.hpp' on line 37
TRACE             (140404263171904) calling MenuIterator::next in file `MenuIterator.hpp' on line 31
TRACE             (140404263171904) leaving MenuIterator::next in file `MenuIterator.hpp' on line 31
TRACE             (140404263171904) calling MenuItem::print in file `MenuItem.hpp' on line 48
TRACE                (140404263171904) calling MenuItem::getName in file `MenuItem.hpp' on line 28
TRACE                (140404263171904) leaving MenuItem::getName in file `MenuItem.hpp' on line 28
TRACE                (140404263171904) calling MenuItem::isVegetarian in file `MenuItem.hpp' on line 43
TRACE                (140404263171904) leaving MenuItem::isVegetarian in file `MenuItem.hpp' on line 43
TRACE                (140404263171904) calling MenuItem::getPrice in file `MenuItem.hpp' on line 38
TRACE                (140404263171904) leaving MenuItem::getPrice in file `MenuItem.hpp' on line 38
TRACE                (140404263171904) calling MenuItem::getDescription in file `MenuItem.hpp' on line 33
TRACE                (140404263171904) leaving MenuItem::getDescription in file `MenuItem.hpp' on line 33
TRACE             (140404263171904) leaving MenuItem::print in file `MenuItem.hpp' on line 48
TRACE             (140404263171904) calling MenuIterator::hasNext in file `MenuIterator.hpp' on line 37
TRACE             (140404263171904) leaving MenuIterator::hasNext in file `MenuIterator.hpp' on line 37
TRACE             (140404263171904) calling MenuIterator::next in file `MenuIterator.hpp' on line 31
TRACE             (140404263171904) leaving MenuIterator::next in file `MenuIterator.hpp' on line 31
TRACE             (140404263171904) calling MenuItem::print in file `MenuItem.hpp' on line 48
TRACE                (140404263171904) calling MenuItem::getName in file `MenuItem.hpp' on line 28
TRACE                (140404263171904) leaving MenuItem::getName in file `MenuItem.hpp' on line 28
TRACE                (140404263171904) calling MenuItem::isVegetarian in file `MenuItem.hpp' on line 43
TRACE                (140404263171904) leaving MenuItem::isVegetarian in file `MenuItem.hpp' on line 43
TRACE                (140404263171904) calling MenuItem::getPrice in file `MenuItem.hpp' on line 38
TRACE                (140404263171904) leaving MenuItem::getPrice in file `MenuItem.hpp' on line 38
TRACE                (140404263171904) calling MenuItem::getDescription in file `MenuItem.hpp' on line 33
TRACE                (140404263171904) leaving MenuItem::getDescription in file `MenuItem.hpp' on line 33
TRACE             (140404263171904) leaving MenuItem::print in file `MenuItem.hpp' on line 48
TRACE             (140404263171904) calling MenuIterator::hasNext in file `MenuIterator.hpp' on line 37
TRACE             (140404263171904) leaving MenuIterator::hasNext in file `MenuIterator.hpp' on line 37
TRACE             (140404263171904) calling MenuIterator::next in file `MenuIterator.hpp' on line 31
TRACE             (140404263171904) leaving MenuIterator::next in file `MenuIterator.hpp' on line 31
TRACE             (140404263171904) calling MenuItem::print in file `MenuItem.hpp' on line 48
TRACE                (140404263171904) calling MenuItem::getName in file `MenuItem.hpp' on line 28
TRACE                (140404263171904) leaving MenuItem::getName in file `MenuItem.hpp' on line 28
TRACE                (140404263171904) calling MenuItem::isVegetarian in file `MenuItem.hpp' on line 43
TRACE                (140404263171904) leaving MenuItem::isVegetarian in file `MenuItem.hpp' on line 43
TRACE                (140404263171904) calling MenuItem::getPrice in file `MenuItem.hpp' on line 38
TRACE                (140404263171904) leaving MenuItem::getPrice in file `MenuItem.hpp' on line 38
TRACE                (140404263171904) calling MenuItem::getDescription in file `MenuItem.hpp' on line 33
TRACE                (140404263171904) leaving MenuItem::getDescription in file `MenuItem.hpp' on line 33
TRACE             (140404263171904) leaving MenuItem::print in file `MenuItem.hpp' on line 48
TRACE             (140404263171904) calling MenuIterator::hasNext in file `MenuIterator.hpp' on line 37
TRACE             (140404263171904) leaving MenuIterator::hasNext in file `MenuIterator.hpp' on line 37
TRACE          (140404263171904) leaving Menu::print in file `Menu.hpp' on line 56
TRACE          (140404263171904) calling MenuIterator::hasNext in file `MenuIterator.hpp' on line 37
TRACE          (140404263171904) leaving MenuIterator::hasNext in file `MenuIterator.hpp' on line 37
TRACE          (140404263171904) calling MenuIterator::next in file `MenuIterator.hpp' on line 31
TRACE          (140404263171904) leaving MenuIterator::next in file `MenuIterator.hpp' on line 31
TRACE          (140404263171904) calling Menu::print in file `Menu.hpp' on line 56
TRACE             (140404263171904) calling Menu::getName in file `Menu.hpp' on line 46
TRACE             (140404263171904) leaving Menu::getName in file `Menu.hpp' on line 46
TRACE             (140404263171904) calling Menu::getDescription in file `Menu.hpp' on line 51
TRACE             (140404263171904) leaving Menu::getDescription in file `Menu.hpp' on line 51
TRACE             (140404263171904) calling PancakeHouseMenu::createIterator in file `Menu.hpp' on line 74
TRACE                (140404263171904) calling MenuIterator::MenuIterator in file `MenuIterator.hpp' on line 26
TRACE                (140404263171904) leaving MenuIterator::MenuIterator in file `MenuIterator.hpp' on line 26
TRACE             (140404263171904) leaving PancakeHouseMenu::createIterator in file `Menu.hpp' on line 74
TRACE             (140404263171904) calling MenuIterator::hasNext in file `MenuIterator.hpp' on line 37
TRACE             (140404263171904) leaving MenuIterator::hasNext in file `MenuIterator.hpp' on line 37
TRACE             (140404263171904) calling MenuIterator::next in file `MenuIterator.hpp' on line 31
TRACE             (140404263171904) leaving MenuIterator::next in file `MenuIterator.hpp' on line 31
TRACE             (140404263171904) calling MenuItem::print in file `MenuItem.hpp' on line 48
TRACE                (140404263171904) calling MenuItem::getName in file `MenuItem.hpp' on line 28
TRACE                (140404263171904) leaving MenuItem::getName in file `MenuItem.hpp' on line 28
TRACE                (140404263171904) calling MenuItem::isVegetarian in file `MenuItem.hpp' on line 43
TRACE                (140404263171904) leaving MenuItem::isVegetarian in file `MenuItem.hpp' on line 43
TRACE                (140404263171904) calling MenuItem::getPrice in file `MenuItem.hpp' on line 38
TRACE                (140404263171904) leaving MenuItem::getPrice in file `MenuItem.hpp' on line 38
TRACE                (140404263171904) calling MenuItem::getDescription in file `MenuItem.hpp' on line 33
TRACE                (140404263171904) leaving MenuItem::getDescription in file `MenuItem.hpp' on line 33
TRACE             (140404263171904) leaving MenuItem::print in file `MenuItem.hpp' on line 48
TRACE             (140404263171904) calling MenuIterator::hasNext in file `MenuIterator.hpp' on line 37
TRACE             (140404263171904) leaving MenuIterator::hasNext in file `MenuIterator.hpp' on line 37
TRACE             (140404263171904) calling MenuIterator::next in file `MenuIterator.hpp' on line 31
TRACE             (140404263171904) leaving MenuIterator::next in file `MenuIterator.hpp' on line 31
TRACE             (140404263171904) calling MenuItem::print in file `MenuItem.hpp' on line 48
TRACE                (140404263171904) calling MenuItem::getName in file `MenuItem.hpp' on line 28
TRACE                (140404263171904) leaving MenuItem::getName in file `MenuItem.hpp' on line 28
TRACE                (140404263171904) calling MenuItem::isVegetarian in file `MenuItem.hpp' on line 43
TRACE                (140404263171904) leaving MenuItem::isVegetarian in file `MenuItem.hpp' on line 43
TRACE                (140404263171904) calling MenuItem::getPrice in file `MenuItem.hpp' on line 38
TRACE                (140404263171904) leaving MenuItem::getPrice in file `MenuItem.hpp' on line 38
TRACE                (140404263171904) calling MenuItem::getDescription in file `MenuItem.hpp' on line 33
TRACE                (140404263171904) leaving MenuItem::getDescription in file `MenuItem.hpp' on line 33
TRACE             (140404263171904) leaving MenuItem::print in file `MenuItem.hpp' on line 48
TRACE             (140404263171904) calling MenuIterator::hasNext in file `MenuIterator.hpp' on line 37
TRACE             (140404263171904) leaving MenuIterator::hasNext in file `MenuIterator.hpp' on line 37
TRACE             (140404263171904) calling MenuIterator::next in file `MenuIterator.hpp' on line 31
TRACE             (140404263171904) leaving MenuIterator::next in file `MenuIterator.hpp' on line 31
TRACE             (140404263171904) calling MenuItem::print in file `MenuItem.hpp' on line 48
TRACE                (140404263171904) calling MenuItem::getName in file `MenuItem.hpp' on line 28
TRACE                (140404263171904) leaving MenuItem::getName in file `MenuItem.hpp' on line 28
TRACE                (140404263171904) calling MenuItem::isVegetarian in file `MenuItem.hpp' on line 43
TRACE                (140404263171904) leaving MenuItem::isVegetarian in file `MenuItem.hpp' on line 43
TRACE                (140404263171904) calling MenuItem::getPrice in file `MenuItem.hpp' on line 38
TRACE                (140404263171904) leaving MenuItem::getPrice in file `MenuItem.hpp' on line 38
TRACE                (140404263171904) calling MenuItem::getDescription in file `MenuItem.hpp' on line 33
TRACE                (140404263171904) leaving MenuItem::getDescription in file `MenuItem.hpp' on line 33
TRACE             (140404263171904) leaving MenuItem::print in file `MenuItem.hpp' on line 48
TRACE             (140404263171904) calling MenuIterator::hasNext in file `MenuIterator.hpp' on line 37
TRACE             (140404263171904) leaving MenuIterator::hasNext in file `MenuIterator.hpp' on line 37
TRACE             (140404263171904) calling MenuIterator::next in file `MenuIterator.hpp' on line 31
TRACE             (140404263171904) leaving MenuIterator::next in file `MenuIterator.hpp' on line 31
TRACE             (140404263171904) calling MenuItem::print in file `MenuItem.hpp' on line 48
TRACE                (140404263171904) calling MenuItem::getName in file `MenuItem.hpp' on line 28
TRACE                (140404263171904) leaving MenuItem::getName in file `MenuItem.hpp' on line 28
TRACE                (140404263171904) calling MenuItem::isVegetarian in file `MenuItem.hpp' on line 43
TRACE                (140404263171904) leaving MenuItem::isVegetarian in file `MenuItem.hpp' on line 43
TRACE                (140404263171904) calling MenuItem::getPrice in file `MenuItem.hpp' on line 38
TRACE                (140404263171904) leaving MenuItem::getPrice in file `MenuItem.hpp' on line 38
TRACE                (140404263171904) calling MenuItem::getDescription in file `MenuItem.hpp' on line 33
TRACE                (140404263171904) leaving MenuItem::getDescription in file `MenuItem.hpp' on line 33
TRACE             (140404263171904) leaving MenuItem::print in file `MenuItem.hpp' on line 48
TRACE             (140404263171904) calling MenuIterator::hasNext in file `MenuIterator.hpp' on line 37
TRACE             (140404263171904) leaving MenuIterator::hasNext in file `MenuIterator.hpp' on line 37
TRACE             (140404263171904) calling MenuIterator::next in file `MenuIterator.hpp' on line 31
TRACE             (140404263171904) leaving MenuIterator::next in file `MenuIterator.hpp' on line 31
TRACE             (140404263171904) calling MenuItem::print in file `MenuItem.hpp' on line 48
TRACE                (140404263171904) calling MenuItem::getName in file `MenuItem.hpp' on line 28
TRACE                (140404263171904) leaving MenuItem::getName in file `MenuItem.hpp' on line 28
TRACE                (140404263171904) calling MenuItem::isVegetarian in file `MenuItem.hpp' on line 43
TRACE                (140404263171904) leaving MenuItem::isVegetarian in file `MenuItem.hpp' on line 43
TRACE                (140404263171904) calling MenuItem::getPrice in file `MenuItem.hpp' on line 38
TRACE                (140404263171904) leaving MenuItem::getPrice in file `MenuItem.hpp' on line 38
TRACE                (140404263171904) calling MenuItem::getDescription in file `MenuItem.hpp' on line 33
TRACE                (140404263171904) leaving MenuItem::getDescription in file `MenuItem.hpp' on line 33
TRACE             (140404263171904) leaving MenuItem::print in file `MenuItem.hpp' on line 48
TRACE             (140404263171904) calling MenuIterator::hasNext in file `MenuIterator.hpp' on line 37
TRACE             (140404263171904) leaving MenuIterator::hasNext in file `MenuIterator.hpp' on line 37
TRACE             (140404263171904) calling MenuIterator::next in file `MenuIterator.hpp' on line 31
TRACE             (140404263171904) leaving MenuIterator::next in file `MenuIterator.hpp' on line 31
TRACE             (140404263171904) calling MenuItem::print in file `MenuItem.hpp' on line 48
TRACE                (140404263171904) calling MenuItem::getName in file `MenuItem.hpp' on line 28
TRACE                (140404263171904) leaving MenuItem::getName in file `MenuItem.hpp' on line 28
TRACE                (140404263171904) calling MenuItem::isVegetarian in file `MenuItem.hpp' on line 43
TRACE                (140404263171904) leaving MenuItem::isVegetarian in file `MenuItem.hpp' on line 43
TRACE                (140404263171904) calling MenuItem::getPrice in file `MenuItem.hpp' on line 38
TRACE                (140404263171904) leaving MenuItem::getPrice in file `MenuItem.hpp' on line 38
TRACE                (140404263171904) calling MenuItem::getDescription in file `MenuItem.hpp' on line 33
TRACE                (140404263171904) leaving MenuItem::getDescription in file `MenuItem.hpp' on line 33
TRACE             (140404263171904) leaving MenuItem::print in file `MenuItem.hpp' on line 48
TRACE             (140404263171904) calling MenuIterator::hasNext in file `MenuIterator.hpp' on line 37
TRACE             (140404263171904) leaving MenuIterator::hasNext in file `MenuIterator.hpp' on line 37
TRACE             (140404263171904) calling MenuIterator::next in file `MenuIterator.hpp' on line 31
TRACE             (140404263171904) leaving MenuIterator::next in file `MenuIterator.hpp' on line 31
TRACE             (140404263171904) calling Menu::print in file `Menu.hpp' on line 56
TRACE                (140404263171904) calling Menu::getName in file `Menu.hpp' on line 46
TRACE                (140404263171904) leaving Menu::getName in file `Menu.hpp' on line 46
TRACE                (140404263171904) calling Menu::getDescription in file `Menu.hpp' on line 51
TRACE                (140404263171904) leaving Menu::getDescription in file `Menu.hpp' on line 51
TRACE                (140404263171904) calling PancakeHouseMenu::createIterator in file `Menu.hpp' on line 74
TRACE                   (140404263171904) calling MenuIterator::MenuIterator in file `MenuIterator.hpp' on line 26
TRACE                   (140404263171904) leaving MenuIterator::MenuIterator in file `MenuIterator.hpp' on line 26
TRACE                (140404263171904) leaving PancakeHouseMenu::createIterator in file `Menu.hpp' on line 74
TRACE                (140404263171904) calling MenuIterator::hasNext in file `MenuIterator.hpp' on line 37
TRACE                (140404263171904) leaving MenuIterator::hasNext in file `MenuIterator.hpp' on line 37
TRACE                (140404263171904) calling MenuIterator::next in file `MenuIterator.hpp' on line 31
TRACE                (140404263171904) leaving MenuIterator::next in file `MenuIterator.hpp' on line 31
TRACE                (140404263171904) calling MenuItem::print in file `MenuItem.hpp' on line 48
TRACE                   (140404263171904) calling MenuItem::getName in file `MenuItem.hpp' on line 28
TRACE                   (140404263171904) leaving MenuItem::getName in file `MenuItem.hpp' on line 28
TRACE                   (140404263171904) calling MenuItem::isVegetarian in file `MenuItem.hpp' on line 43
TRACE                   (140404263171904) leaving MenuItem::isVegetarian in file `MenuItem.hpp' on line 43
TRACE                   (140404263171904) calling MenuItem::getPrice in file `MenuItem.hpp' on line 38
TRACE                   (140404263171904) leaving MenuItem::getPrice in file `MenuItem.hpp' on line 38
TRACE                   (140404263171904) calling MenuItem::getDescription in file `MenuItem.hpp' on line 33
TRACE                   (140404263171904) leaving MenuItem::getDescription in file `MenuItem.hpp' on line 33
TRACE                (140404263171904) leaving MenuItem::print in file `MenuItem.hpp' on line 48
TRACE                (140404263171904) calling MenuIterator::hasNext in file `MenuIterator.hpp' on line 37
TRACE                (140404263171904) leaving MenuIterator::hasNext in file `MenuIterator.hpp' on line 37
TRACE                (140404263171904) calling MenuIterator::next in file `MenuIterator.hpp' on line 31
TRACE                (140404263171904) leaving MenuIterator::next in file `MenuIterator.hpp' on line 31
TRACE                (140404263171904) calling MenuItem::print in file `MenuItem.hpp' on line 48
TRACE                   (140404263171904) calling MenuItem::getName in file `MenuItem.hpp' on line 28
TRACE                   (140404263171904) leaving MenuItem::getName in file `MenuItem.hpp' on line 28
TRACE                   (140404263171904) calling MenuItem::isVegetarian in file `MenuItem.hpp' on line 43
TRACE                   (140404263171904) leaving MenuItem::isVegetarian in file `MenuItem.hpp' on line 43
TRACE                   (140404263171904) calling MenuItem::getPrice in file `MenuItem.hpp' on line 38
TRACE                   (140404263171904) leaving MenuItem::getPrice in file `MenuItem.hpp' on line 38
TRACE                   (140404263171904) calling MenuItem::getDescription in file `MenuItem.hpp' on line 33
TRACE                   (140404263171904) leaving MenuItem::getDescription in file `MenuItem.hpp' on line 33
TRACE                (140404263171904) leaving MenuItem::print in file `MenuItem.hpp' on line 48
TRACE                (140404263171904) calling MenuIterator::hasNext in file `MenuIterator.hpp' on line 37
TRACE                (140404263171904) leaving MenuIterator::hasNext in file `MenuIterator.hpp' on line 37
TRACE                (140404263171904) calling MenuIterator::next in file `MenuIterator.hpp' on line 31
TRACE                (140404263171904) leaving MenuIterator::next in file `MenuIterator.hpp' on line 31
TRACE                (140404263171904) calling MenuItem::print in file `MenuItem.hpp' on line 48
TRACE                   (140404263171904) calling MenuItem::getName in file `MenuItem.hpp' on line 28
TRACE                   (140404263171904) leaving MenuItem::getName in file `MenuItem.hpp' on line 28
TRACE                   (140404263171904) calling MenuItem::isVegetarian in file `MenuItem.hpp' on line 43
TRACE                   (140404263171904) leaving MenuItem::isVegetarian in file `MenuItem.hpp' on line 43
TRACE                   (140404263171904) calling MenuItem::getPrice in file `MenuItem.hpp' on line 38
TRACE                   (140404263171904) leaving MenuItem::getPrice in file `MenuItem.hpp' on line 38
TRACE                   (140404263171904) calling MenuItem::getDescription in file `MenuItem.hpp' on line 33
TRACE                   (140404263171904) leaving MenuItem::getDescription in file `MenuItem.hpp' on line 33
TRACE                (140404263171904) leaving MenuItem::print in file `MenuItem.hpp' on line 48
TRACE                (140404263171904) calling MenuIterator::hasNext in file `MenuIterator.hpp' on line 37
TRACE                (140404263171904) leaving MenuIterator::hasNext in file `MenuIterator.hpp' on line 37
TRACE             (140404263171904) leaving Menu::print in file `Menu.hpp' on line 56
TRACE             (140404263171904) calling MenuIterator::hasNext in file `MenuIterator.hpp' on line 37
TRACE             (140404263171904) leaving MenuIterator::hasNext in file `MenuIterator.hpp' on line 37
TRACE          (140404263171904) leaving Menu::print in file `Menu.hpp' on line 56
TRACE          (140404263171904) calling MenuIterator::hasNext in file `MenuIterator.hpp' on line 37
TRACE          (140404263171904) leaving MenuIterator::hasNext in file `MenuIterator.hpp' on line 37
TRACE          (140404263171904) calling MenuIterator::next in file `MenuIterator.hpp' on line 31
TRACE          (140404263171904) leaving MenuIterator::next in file `MenuIterator.hpp' on line 31
TRACE          (140404263171904) calling Menu::print in file `Menu.hpp' on line 56
TRACE             (140404263171904) calling Menu::getName in file `Menu.hpp' on line 46
TRACE             (140404263171904) leaving Menu::getName in file `Menu.hpp' on line 46
TRACE             (140404263171904) calling Menu::getDescription in file `Menu.hpp' on line 51
TRACE             (140404263171904) leaving Menu::getDescription in file `Menu.hpp' on line 51
TRACE             (140404263171904) calling PancakeHouseMenu::createIterator in file `Menu.hpp' on line 74
TRACE                (140404263171904) calling MenuIterator::MenuIterator in file `MenuIterator.hpp' on line 26
TRACE                (140404263171904) leaving MenuIterator::MenuIterator in file `MenuIterator.hpp' on line 26
TRACE             (140404263171904) leaving PancakeHouseMenu::createIterator in file `Menu.hpp' on line 74
TRACE             (140404263171904) calling MenuIterator::hasNext in file `MenuIterator.hpp' on line 37
TRACE             (140404263171904) leaving MenuIterator::hasNext in file `MenuIterator.hpp' on line 37
TRACE             (140404263171904) calling MenuIterator::next in file `MenuIterator.hpp' on line 31
TRACE             (140404263171904) leaving MenuIterator::next in file `MenuIterator.hpp' on line 31
TRACE             (140404263171904) calling MenuItem::print in file `MenuItem.hpp' on line 48
TRACE                (140404263171904) calling MenuItem::getName in file `MenuItem.hpp' on line 28
TRACE                (140404263171904) leaving MenuItem::getName in file `MenuItem.hpp' on line 28
TRACE                (140404263171904) calling MenuItem::isVegetarian in file `MenuItem.hpp' on line 43
TRACE                (140404263171904) leaving MenuItem::isVegetarian in file `MenuItem.hpp' on line 43
TRACE                (140404263171904) calling MenuItem::getPrice in file `MenuItem.hpp' on line 38
TRACE                (140404263171904) leaving MenuItem::getPrice in file `MenuItem.hpp' on line 38
TRACE                (140404263171904) calling MenuItem::getDescription in file `MenuItem.hpp' on line 33
TRACE                (140404263171904) leaving MenuItem::getDescription in file `MenuItem.hpp' on line 33
TRACE             (140404263171904) leaving MenuItem::print in file `MenuItem.hpp' on line 48
TRACE             (140404263171904) calling MenuIterator::hasNext in file `MenuIterator.hpp' on line 37
TRACE             (140404263171904) leaving MenuIterator::hasNext in file `MenuIterator.hpp' on line 37
TRACE             (140404263171904) calling MenuIterator::next in file `MenuIterator.hpp' on line 31
TRACE             (140404263171904) leaving MenuIterator::next in file `MenuIterator.hpp' on line 31
TRACE             (140404263171904) calling MenuItem::print in file `MenuItem.hpp' on line 48
TRACE                (140404263171904) calling MenuItem::getName in file `MenuItem.hpp' on line 28
TRACE                (140404263171904) leaving MenuItem::getName in file `MenuItem.hpp' on line 28
TRACE                (140404263171904) calling MenuItem::isVegetarian in file `MenuItem.hpp' on line 43
TRACE                (140404263171904) leaving MenuItem::isVegetarian in file `MenuItem.hpp' on line 43
TRACE                (140404263171904) calling MenuItem::getPrice in file `MenuItem.hpp' on line 38
TRACE                (140404263171904) leaving MenuItem::getPrice in file `MenuItem.hpp' on line 38
TRACE                (140404263171904) calling MenuItem::getDescription in file `MenuItem.hpp' on line 33
TRACE                (140404263171904) leaving MenuItem::getDescription in file `MenuItem.hpp' on line 33
TRACE             (140404263171904) leaving MenuItem::print in file `MenuItem.hpp' on line 48
TRACE             (140404263171904) calling MenuIterator::hasNext in file `MenuIterator.hpp' on line 37
TRACE             (140404263171904) leaving MenuIterator::hasNext in file `MenuIterator.hpp' on line 37
TRACE             (140404263171904) calling MenuIterator::next in file `MenuIterator.hpp' on line 31
TRACE             (140404263171904) leaving MenuIterator::next in file `MenuIterator.hpp' on line 31
TRACE             (140404263171904) calling MenuItem::print in file `MenuItem.hpp' on line 48
TRACE                (140404263171904) calling MenuItem::getName in file `MenuItem.hpp' on line 28
TRACE                (140404263171904) leaving MenuItem::getName in file `MenuItem.hpp' on line 28
TRACE                (140404263171904) calling MenuItem::isVegetarian in file `MenuItem.hpp' on line 43
TRACE                (140404263171904) leaving MenuItem::isVegetarian in file `MenuItem.hpp' on line 43
TRACE                (140404263171904) calling MenuItem::getPrice in file `MenuItem.hpp' on line 38
TRACE                (140404263171904) leaving MenuItem::getPrice in file `MenuItem.hpp' on line 38
TRACE                (140404263171904) calling MenuItem::getDescription in file `MenuItem.hpp' on line 33
TRACE                (140404263171904) leaving MenuItem::getDescription in file `MenuItem.hpp' on line 33
TRACE             (140404263171904) leaving MenuItem::print in file `MenuItem.hpp' on line 48
TRACE             (140404263171904) calling MenuIterator::hasNext in file `MenuIterator.hpp' on line 37
TRACE             (140404263171904) leaving MenuIterator::hasNext in file `MenuIterator.hpp' on line 37
TRACE             (140404263171904) calling MenuIterator::next in file `MenuIterator.hpp' on line 31
TRACE             (140404263171904) leaving MenuIterator::next in file `MenuIterator.hpp' on line 31
TRACE             (140404263171904) calling Menu::print in file `Menu.hpp' on line 56
TRACE                (140404263171904) calling Menu::getName in file `Menu.hpp' on line 46
TRACE                (140404263171904) leaving Menu::getName in file `Menu.hpp' on line 46
TRACE                (140404263171904) calling Menu::getDescription in file `Menu.hpp' on line 51
TRACE                (140404263171904) leaving Menu::getDescription in file `Menu.hpp' on line 51
TRACE                (140404263171904) calling PancakeHouseMenu::createIterator in file `Menu.hpp' on line 74
TRACE                   (140404263171904) calling MenuIterator::MenuIterator in file `MenuIterator.hpp' on line 26
TRACE                   (140404263171904) leaving MenuIterator::MenuIterator in file `MenuIterator.hpp' on line 26
TRACE                (140404263171904) leaving PancakeHouseMenu::createIterator in file `Menu.hpp' on line 74
TRACE                (140404263171904) calling MenuIterator::hasNext in file `MenuIterator.hpp' on line 37
TRACE                (140404263171904) leaving MenuIterator::hasNext in file `MenuIterator.hpp' on line 37
TRACE                (140404263171904) calling MenuIterator::next in file `MenuIterator.hpp' on line 31
TRACE                (140404263171904) leaving MenuIterator::next in file `MenuIterator.hpp' on line 31
TRACE                (140404263171904) calling MenuItem::print in file `MenuItem.hpp' on line 48
TRACE                   (140404263171904) calling MenuItem::getName in file `MenuItem.hpp' on line 28
TRACE                   (140404263171904) leaving MenuItem::getName in file `MenuItem.hpp' on line 28
TRACE                   (140404263171904) calling MenuItem::isVegetarian in file `MenuItem.hpp' on line 43
TRACE                   (140404263171904) leaving MenuItem::isVegetarian in file `MenuItem.hpp' on line 43
TRACE                   (140404263171904) calling MenuItem::getPrice in file `MenuItem.hpp' on line 38
TRACE                   (140404263171904) leaving MenuItem::getPrice in file `MenuItem.hpp' on line 38
TRACE                   (140404263171904) calling MenuItem::getDescription in file `MenuItem.hpp' on line 33
TRACE                   (140404263171904) leaving MenuItem::getDescription in file `MenuItem.hpp' on line 33
TRACE                (140404263171904) leaving MenuItem::print in file `MenuItem.hpp' on line 48
TRACE                (140404263171904) calling MenuIterator::hasNext in file `MenuIterator.hpp' on line 37
TRACE                (140404263171904) leaving MenuIterator::hasNext in file `MenuIterator.hpp' on line 37
TRACE                (140404263171904) calling MenuIterator::next in file `MenuIterator.hpp' on line 31
TRACE                (140404263171904) leaving MenuIterator::next in file `MenuIterator.hpp' on line 31
TRACE                (140404263171904) calling MenuItem::print in file `MenuItem.hpp' on line 48
TRACE                   (140404263171904) calling MenuItem::getName in file `MenuItem.hpp' on line 28
TRACE                   (140404263171904) leaving MenuItem::getName in file `MenuItem.hpp' on line 28
TRACE                   (140404263171904) calling MenuItem::isVegetarian in file `MenuItem.hpp' on line 43
TRACE                   (140404263171904) leaving MenuItem::isVegetarian in file `MenuItem.hpp' on line 43
TRACE                   (140404263171904) calling MenuItem::getPrice in file `MenuItem.hpp' on line 38
TRACE                   (140404263171904) leaving MenuItem::getPrice in file `MenuItem.hpp' on line 38
TRACE                   (140404263171904) calling MenuItem::getDescription in file `MenuItem.hpp' on line 33
TRACE                   (140404263171904) leaving MenuItem::getDescription in file `MenuItem.hpp' on line 33
TRACE                (140404263171904) leaving MenuItem::print in file `MenuItem.hpp' on line 48
TRACE                (140404263171904) calling MenuIterator::hasNext in file `MenuIterator.hpp' on line 37
TRACE                (140404263171904) leaving MenuIterator::hasNext in file `MenuIterator.hpp' on line 37
TRACE                (140404263171904) calling MenuIterator::next in file `MenuIterator.hpp' on line 31
TRACE                (140404263171904) leaving MenuIterator::next in file `MenuIterator.hpp' on line 31
TRACE                (140404263171904) calling MenuItem::print in file `MenuItem.hpp' on line 48
TRACE                   (140404263171904) calling MenuItem::getName in file `MenuItem.hpp' on line 28
TRACE                   (140404263171904) leaving MenuItem::getName in file `MenuItem.hpp' on line 28
TRACE                   (140404263171904) calling MenuItem::isVegetarian in file `MenuItem.hpp' on line 43
TRACE                   (140404263171904) leaving MenuItem::isVegetarian in file `MenuItem.hpp' on line 43
TRACE                   (140404263171904) calling MenuItem::getPrice in file `MenuItem.hpp' on line 38
TRACE                   (140404263171904) leaving MenuItem::getPrice in file `MenuItem.hpp' on line 38
TRACE                   (140404263171904) calling MenuItem::getDescription in file `MenuItem.hpp' on line 33
TRACE                   (140404263171904) leaving MenuItem::getDescription in file `MenuItem.hpp' on line 33
TRACE                (140404263171904) leaving MenuItem::print in file `MenuItem.hpp' on line 48
TRACE                (140404263171904) calling MenuIterator::hasNext in file `MenuIterator.hpp' on line 37
TRACE                (140404263171904) leaving MenuIterator::hasNext in file `MenuIterator.hpp' on line 37
TRACE             (140404263171904) leaving Menu::print in file `Menu.hpp' on line 56
TRACE             (140404263171904) calling MenuIterator::hasNext in file `MenuIterator.hpp' on line 37
TRACE             (140404263171904) leaving MenuIterator::hasNext in file `MenuIterator.hpp' on line 37
TRACE          (140404263171904) leaving Menu::print in file `Menu.hpp' on line 56
TRACE          (140404263171904) calling MenuIterator::hasNext in file `MenuIterator.hpp' on line 37
TRACE          (140404263171904) leaving MenuIterator::hasNext in file `MenuIterator.hpp' on line 37
TRACE       (140404263171904) leaving Menu::print in file `Menu.hpp' on line 56
TRACE    (140404263171904) leaving Waitress::printMenu in file `Waitress.hpp' on line 27
TRACE    (140404263171904) calling MenuComponent::~MenuComponent in file `MenuComponent.hpp' on line 25
TRACE    (140404263171904) leaving MenuComponent::~MenuComponent in file `MenuComponent.hpp' on line 25
TRACE    (140404263171904) calling MenuComponent::~MenuComponent in file `MenuComponent.hpp' on line 25
TRACE    (140404263171904) leaving MenuComponent::~MenuComponent in file `MenuComponent.hpp' on line 25
TRACE    (140404263171904) calling MenuComponent::~MenuComponent in file `MenuComponent.hpp' on line 25
TRACE    (140404263171904) leaving MenuComponent::~MenuComponent in file `MenuComponent.hpp' on line 25
TRACE    (140404263171904) calling MenuComponent::~MenuComponent in file `MenuComponent.hpp' on line 25
TRACE    (140404263171904) leaving MenuComponent::~MenuComponent in file `MenuComponent.hpp' on line 25
TRACE    (140404263171904) calling MenuComponent::~MenuComponent in file `MenuComponent.hpp' on line 25
TRACE    (140404263171904) leaving MenuComponent::~MenuComponent in file `MenuComponent.hpp' on line 25
TRACE    (140404263171904) calling MenuComponent::~MenuComponent in file `MenuComponent.hpp' on line 25
TRACE    (140404263171904) leaving MenuComponent::~MenuComponent in file `MenuComponent.hpp' on line 25
TRACE (140404263171904) leaving main in file `Menus.cpp' on line 13
