TRACE (139954445461312) calling main in file `DinerMergerI.cpp' on line 13
TRACE    (139954445461312) calling PancakeHouseMenu::PancakeHouseMenu in file `PancakeHouseMenu.hpp' on line 20
TRACE       (139954445461312) calling PancakeHouseMenu::addItem in file `PancakeHouseMenu.hpp' on line 33
TRACE          (139954445461312) calling MenuItem::MenuItem in file `MenuItem.hpp' on line 27
TRACE          (139954445461312) leaving MenuItem::MenuItem in file `MenuItem.hpp' on line 27
TRACE       (139954445461312) leaving PancakeHouseMenu::addItem in file `PancakeHouseMenu.hpp' on line 33
TRACE       (139954445461312) calling PancakeHouseMenu::addItem in file `PancakeHouseMenu.hpp' on line 33
TRACE          (139954445461312) calling MenuItem::MenuItem in file `MenuItem.hpp' on line 27
TRACE          (139954445461312) leaving MenuItem::MenuItem in file `MenuItem.hpp' on line 27
TRACE       (139954445461312) leaving PancakeHouseMenu::addItem in file `PancakeHouseMenu.hpp' on line 33
TRACE       (139954445461312) calling PancakeHouseMenu::addItem in file `PancakeHouseMenu.hpp' on line 33
TRACE          (139954445461312) calling MenuItem::MenuItem in file `MenuItem.hpp' on line 27
TRACE          (139954445461312) leaving MenuItem::MenuItem in file `MenuItem.hpp' on line 27
TRACE       (139954445461312) leaving PancakeHouseMenu::addItem in file `PancakeHouseMenu.hpp' on line 33
TRACE       (139954445461312) calling PancakeHouseMenu::addItem in file `PancakeHouseMenu.hpp' on line 33
TRACE          (139954445461312) calling MenuItem::MenuItem in file `MenuItem.hpp' on line 27
TRACE          (139954445461312) leaving MenuItem::MenuItem in file `MenuItem.hpp' on line 27
TRACE       (139954445461312) leaving PancakeHouseMenu::addItem in file `PancakeHouseMenu.hpp' on line 33
TRACE    (139954445461312) leaving PancakeHouseMenu::PancakeHouseMenu in file `PancakeHouseMenu.hpp' on line 20
TRACE    (139954445461312) calling DinerMenu::DinerMenu in file `DinerMenu.hpp' on line 23
TRACE       (139954445461312) calling DinerMenu::addItem in file `DinerMenu.hpp' on line 46
TRACE          (139954445461312) calling MenuItem::MenuItem in file `MenuItem.hpp' on line 27
TRACE          (139954445461312) leaving MenuItem::MenuItem in file `MenuItem.hpp' on line 27
TRACE       (139954445461312) leaving DinerMenu::addItem in file `DinerMenu.hpp' on line 46
TRACE       (139954445461312) calling DinerMenu::addItem in file `DinerMenu.hpp' on line 46
TRACE          (139954445461312) calling MenuItem::MenuItem in file `MenuItem.hpp' on line 27
TRACE          (139954445461312) leaving MenuItem::MenuItem in file `MenuItem.hpp' on line 27
TRACE       (139954445461312) leaving DinerMenu::addItem in file `DinerMenu.hpp' on line 46
TRACE       (139954445461312) calling DinerMenu::addItem in file `DinerMenu.hpp' on line 46
TRACE          (139954445461312) calling MenuItem::MenuItem in file `MenuItem.hpp' on line 27
TRACE          (139954445461312) leaving MenuItem::MenuItem in file `MenuItem.hpp' on line 27
TRACE       (139954445461312) leaving DinerMenu::addItem in file `DinerMenu.hpp' on line 46
TRACE       (139954445461312) calling DinerMenu::addItem in file `DinerMenu.hpp' on line 46
TRACE          (139954445461312) calling MenuItem::MenuItem in file `MenuItem.hpp' on line 27
TRACE          (139954445461312) leaving MenuItem::MenuItem in file `MenuItem.hpp' on line 27
TRACE       (139954445461312) leaving DinerMenu::addItem in file `DinerMenu.hpp' on line 46
TRACE       (139954445461312) calling DinerMenu::addItem in file `DinerMenu.hpp' on line 46
TRACE          (139954445461312) calling MenuItem::MenuItem in file `MenuItem.hpp' on line 27
TRACE          (139954445461312) leaving MenuItem::MenuItem in file `MenuItem.hpp' on line 27
TRACE       (139954445461312) leaving DinerMenu::addItem in file `DinerMenu.hpp' on line 46
TRACE       (139954445461312) calling DinerMenu::addItem in file `DinerMenu.hpp' on line 46
TRACE          (139954445461312) calling MenuItem::MenuItem in file `MenuItem.hpp' on line 27
TRACE          (139954445461312) leaving MenuItem::MenuItem in file `MenuItem.hpp' on line 27
TRACE       (139954445461312) leaving DinerMenu::addItem in file `DinerMenu.hpp' on line 46
TRACE    (139954445461312) leaving DinerMenu::DinerMenu in file `DinerMenu.hpp' on line 23
TRACE    (139954445461312) calling Waitress::Waitress in file `Waitress.hpp' on line 64
TRACE    (139954445461312) leaving Waitress::Waitress in file `Waitress.hpp' on line 64
TRACE    (139954445461312) calling Waitress::printMenu in file `Waitress.hpp' on line 68
TRACE       (139954445461312) calling PancakeHouseMenu::createIterator in file `PancakeHouseMenu.hpp' on line 45
TRACE          (139954445461312) calling PancakeHouseMenuIterator::PancakeHouseMenuIterator in file `PancakeHouseMenuIterator.hpp' on line 24
TRACE          (139954445461312) leaving PancakeHouseMenuIterator::PancakeHouseMenuIterator in file `PancakeHouseMenuIterator.hpp' on line 24
TRACE       (139954445461312) leaving PancakeHouseMenu::createIterator in file `PancakeHouseMenu.hpp' on line 45
TRACE       (139954445461312) calling DinerMenu::createIterator in file `DinerMenu.hpp' on line 64
TRACE          (139954445461312) calling DinerMenuIterator::DinerMenuIterator in file `DinerMenuIterator.hpp' on line 22
TRACE          (139954445461312) leaving DinerMenuIterator::DinerMenuIterator in file `DinerMenuIterator.hpp' on line 22
TRACE       (139954445461312) leaving DinerMenu::createIterator in file `DinerMenu.hpp' on line 64
TRACE       (139954445461312) calling Waitress::printMenu in file `Waitress.hpp' on line 21
TRACE          (139954445461312) calling PancakeHouseMenuIterator::hasNext in file `PancakeHouseMenuIterator.hpp' on line 35
TRACE          (139954445461312) leaving PancakeHouseMenuIterator::hasNext in file `PancakeHouseMenuIterator.hpp' on line 35
TRACE          (139954445461312) calling PancakeHouseMenuIterator::next in file `PancakeHouseMenuIterator.hpp' on line 29
TRACE          (139954445461312) leaving PancakeHouseMenuIterator::next in file `PancakeHouseMenuIterator.hpp' on line 29
TRACE          (139954445461312) calling MenuItem::getName in file `MenuItem.hpp' on line 31
TRACE          (139954445461312) leaving MenuItem::getName in file `MenuItem.hpp' on line 31
TRACE          (139954445461312) calling MenuItem::getPrice in file `MenuItem.hpp' on line 41
TRACE          (139954445461312) leaving MenuItem::getPrice in file `MenuItem.hpp' on line 41
TRACE          (139954445461312) calling MenuItem::getDescription in file `MenuItem.hpp' on line 36
TRACE          (139954445461312) leaving MenuItem::getDescription in file `MenuItem.hpp' on line 36
TRACE          (139954445461312) calling PancakeHouseMenuIterator::hasNext in file `PancakeHouseMenuIterator.hpp' on line 35
TRACE          (139954445461312) leaving PancakeHouseMenuIterator::hasNext in file `PancakeHouseMenuIterator.hpp' on line 35
TRACE          (139954445461312) calling PancakeHouseMenuIterator::next in file `PancakeHouseMenuIterator.hpp' on line 29
TRACE          (139954445461312) leaving PancakeHouseMenuIterator::next in file `PancakeHouseMenuIterator.hpp' on line 29
TRACE          (139954445461312) calling MenuItem::getName in file `MenuItem.hpp' on line 31
TRACE          (139954445461312) leaving MenuItem::getName in file `MenuItem.hpp' on line 31
TRACE          (139954445461312) calling MenuItem::getPrice in file `MenuItem.hpp' on line 41
TRACE          (139954445461312) leaving MenuItem::getPrice in file `MenuItem.hpp' on line 41
TRACE          (139954445461312) calling MenuItem::getDescription in file `MenuItem.hpp' on line 36
TRACE          (139954445461312) leaving MenuItem::getDescription in file `MenuItem.hpp' on line 36
TRACE          (139954445461312) calling PancakeHouseMenuIterator::hasNext in file `PancakeHouseMenuIterator.hpp' on line 35
TRACE          (139954445461312) leaving PancakeHouseMenuIterator::hasNext in file `PancakeHouseMenuIterator.hpp' on line 35
TRACE          (139954445461312) calling PancakeHouseMenuIterator::next in file `PancakeHouseMenuIterator.hpp' on line 29
TRACE          (139954445461312) leaving PancakeHouseMenuIterator::next in file `PancakeHouseMenuIterator.hpp' on line 29
TRACE          (139954445461312) calling MenuItem::getName in file `MenuItem.hpp' on line 31
TRACE          (139954445461312) leaving MenuItem::getName in file `MenuItem.hpp' on line 31
TRACE          (139954445461312) calling MenuItem::getPrice in file `MenuItem.hpp' on line 41
TRACE          (139954445461312) leaving MenuItem::getPrice in file `MenuItem.hpp' on line 41
TRACE          (139954445461312) calling MenuItem::getDescription in file `MenuItem.hpp' on line 36
TRACE          (139954445461312) leaving MenuItem::getDescription in file `MenuItem.hpp' on line 36
TRACE          (139954445461312) calling PancakeHouseMenuIterator::hasNext in file `PancakeHouseMenuIterator.hpp' on line 35
TRACE          (139954445461312) leaving PancakeHouseMenuIterator::hasNext in file `PancakeHouseMenuIterator.hpp' on line 35
TRACE          (139954445461312) calling PancakeHouseMenuIterator::next in file `PancakeHouseMenuIterator.hpp' on line 29
TRACE          (139954445461312) leaving PancakeHouseMenuIterator::next in file `PancakeHouseMenuIterator.hpp' on line 29
TRACE          (139954445461312) calling MenuItem::getName in file `MenuItem.hpp' on line 31
TRACE          (139954445461312) leaving MenuItem::getName in file `MenuItem.hpp' on line 31
TRACE          (139954445461312) calling MenuItem::getPrice in file `MenuItem.hpp' on line 41
TRACE          (139954445461312) leaving MenuItem::getPrice in file `MenuItem.hpp' on line 41
TRACE          (139954445461312) calling MenuItem::getDescription in file `MenuItem.hpp' on line 36
TRACE          (139954445461312) leaving MenuItem::getDescription in file `MenuItem.hpp' on line 36
TRACE          (139954445461312) calling PancakeHouseMenuIterator::hasNext in file `PancakeHouseMenuIterator.hpp' on line 35
TRACE          (139954445461312) leaving PancakeHouseMenuIterator::hasNext in file `PancakeHouseMenuIterator.hpp' on line 35
TRACE       (139954445461312) leaving Waitress::printMenu in file `Waitress.hpp' on line 21
TRACE       (139954445461312) calling Waitress::printMenu in file `Waitress.hpp' on line 21
TRACE          (139954445461312) calling DinerMenuIterator::hasNext in file `DinerMenuIterator.hpp' on line 33
TRACE          (139954445461312) leaving DinerMenuIterator::hasNext in file `DinerMenuIterator.hpp' on line 33
TRACE          (139954445461312) calling DinerMenuIterator::next in file `DinerMenuIterator.hpp' on line 26
TRACE          (139954445461312) leaving DinerMenuIterator::next in file `DinerMenuIterator.hpp' on line 26
TRACE          (139954445461312) calling MenuItem::getName in file `MenuItem.hpp' on line 31
TRACE          (139954445461312) leaving MenuItem::getName in file `MenuItem.hpp' on line 31
TRACE          (139954445461312) calling MenuItem::getPrice in file `MenuItem.hpp' on line 41
TRACE          (139954445461312) leaving MenuItem::getPrice in file `MenuItem.hpp' on line 41
TRACE          (139954445461312) calling MenuItem::getDescription in file `MenuItem.hpp' on line 36
TRACE          (139954445461312) leaving MenuItem::getDescription in file `MenuItem.hpp' on line 36
TRACE          (139954445461312) calling DinerMenuIterator::hasNext in file `DinerMenuIterator.hpp' on line 33
TRACE          (139954445461312) leaving DinerMenuIterator::hasNext in file `DinerMenuIterator.hpp' on line 33
TRACE          (139954445461312) calling DinerMenuIterator::next in file `DinerMenuIterator.hpp' on line 26
TRACE          (139954445461312) leaving DinerMenuIterator::next in file `DinerMenuIterator.hpp' on line 26
TRACE          (139954445461312) calling MenuItem::getName in file `MenuItem.hpp' on line 31
TRACE          (139954445461312) leaving MenuItem::getName in file `MenuItem.hpp' on line 31
TRACE          (139954445461312) calling MenuItem::getPrice in file `MenuItem.hpp' on line 41
TRACE          (139954445461312) leaving MenuItem::getPrice in file `MenuItem.hpp' on line 41
TRACE          (139954445461312) calling MenuItem::getDescription in file `MenuItem.hpp' on line 36
TRACE          (139954445461312) leaving MenuItem::getDescription in file `MenuItem.hpp' on line 36
TRACE          (139954445461312) calling DinerMenuIterator::hasNext in file `DinerMenuIterator.hpp' on line 33
TRACE          (139954445461312) leaving DinerMenuIterator::hasNext in file `DinerMenuIterator.hpp' on line 33
TRACE          (139954445461312) calling DinerMenuIterator::next in file `DinerMenuIterator.hpp' on line 26
TRACE          (139954445461312) leaving DinerMenuIterator::next in file `DinerMenuIterator.hpp' on line 26
TRACE          (139954445461312) calling MenuItem::getName in file `MenuItem.hpp' on line 31
TRACE          (139954445461312) leaving MenuItem::getName in file `MenuItem.hpp' on line 31
TRACE          (139954445461312) calling MenuItem::getPrice in file `MenuItem.hpp' on line 41
TRACE          (139954445461312) leaving MenuItem::getPrice in file `MenuItem.hpp' on line 41
TRACE          (139954445461312) calling MenuItem::getDescription in file `MenuItem.hpp' on line 36
TRACE          (139954445461312) leaving MenuItem::getDescription in file `MenuItem.hpp' on line 36
TRACE          (139954445461312) calling DinerMenuIterator::hasNext in file `DinerMenuIterator.hpp' on line 33
TRACE          (139954445461312) leaving DinerMenuIterator::hasNext in file `DinerMenuIterator.hpp' on line 33
TRACE          (139954445461312) calling DinerMenuIterator::next in file `DinerMenuIterator.hpp' on line 26
TRACE          (139954445461312) leaving DinerMenuIterator::next in file `DinerMenuIterator.hpp' on line 26
TRACE          (139954445461312) calling MenuItem::getName in file `MenuItem.hpp' on line 31
TRACE          (139954445461312) leaving MenuItem::getName in file `MenuItem.hpp' on line 31
TRACE          (139954445461312) calling MenuItem::getPrice in file `MenuItem.hpp' on line 41
TRACE          (139954445461312) leaving MenuItem::getPrice in file `MenuItem.hpp' on line 41
TRACE          (139954445461312) calling MenuItem::getDescription in file `MenuItem.hpp' on line 36
TRACE          (139954445461312) leaving MenuItem::getDescription in file `MenuItem.hpp' on line 36
TRACE          (139954445461312) calling DinerMenuIterator::hasNext in file `DinerMenuIterator.hpp' on line 33
TRACE          (139954445461312) leaving DinerMenuIterator::hasNext in file `DinerMenuIterator.hpp' on line 33
TRACE          (139954445461312) calling DinerMenuIterator::next in file `DinerMenuIterator.hpp' on line 26
TRACE          (139954445461312) leaving DinerMenuIterator::next in file `DinerMenuIterator.hpp' on line 26
TRACE          (139954445461312) calling MenuItem::getName in file `MenuItem.hpp' on line 31
TRACE          (139954445461312) leaving MenuItem::getName in file `MenuItem.hpp' on line 31
TRACE          (139954445461312) calling MenuItem::getPrice in file `MenuItem.hpp' on line 41
TRACE          (139954445461312) leaving MenuItem::getPrice in file `MenuItem.hpp' on line 41
TRACE          (139954445461312) calling MenuItem::getDescription in file `MenuItem.hpp' on line 36
TRACE          (139954445461312) leaving MenuItem::getDescription in file `MenuItem.hpp' on line 36
TRACE          (139954445461312) calling DinerMenuIterator::hasNext in file `DinerMenuIterator.hpp' on line 33
TRACE          (139954445461312) leaving DinerMenuIterator::hasNext in file `DinerMenuIterator.hpp' on line 33
TRACE          (139954445461312) calling DinerMenuIterator::next in file `DinerMenuIterator.hpp' on line 26
TRACE          (139954445461312) leaving DinerMenuIterator::next in file `DinerMenuIterator.hpp' on line 26
TRACE          (139954445461312) calling MenuItem::getName in file `MenuItem.hpp' on line 31
TRACE          (139954445461312) leaving MenuItem::getName in file `MenuItem.hpp' on line 31
TRACE          (139954445461312) calling MenuItem::getPrice in file `MenuItem.hpp' on line 41
TRACE          (139954445461312) leaving MenuItem::getPrice in file `MenuItem.hpp' on line 41
TRACE          (139954445461312) calling MenuItem::getDescription in file `MenuItem.hpp' on line 36
TRACE          (139954445461312) leaving MenuItem::getDescription in file `MenuItem.hpp' on line 36
TRACE          (139954445461312) calling DinerMenuIterator::hasNext in file `DinerMenuIterator.hpp' on line 33
TRACE          (139954445461312) leaving DinerMenuIterator::hasNext in file `DinerMenuIterator.hpp' on line 33
TRACE       (139954445461312) leaving Waitress::printMenu in file `Waitress.hpp' on line 21
TRACE    (139954445461312) leaving Waitress::printMenu in file `Waitress.hpp' on line 68
TRACE    (139954445461312) calling Waitress::printVegetarianMenu in file `Waitress.hpp' on line 80
TRACE       (139954445461312) calling PancakeHouseMenu::createIterator in file `PancakeHouseMenu.hpp' on line 45
TRACE          (139954445461312) calling PancakeHouseMenuIterator::PancakeHouseMenuIterator in file `PancakeHouseMenuIterator.hpp' on line 24
TRACE          (139954445461312) leaving PancakeHouseMenuIterator::PancakeHouseMenuIterator in file `PancakeHouseMenuIterator.hpp' on line 24
TRACE       (139954445461312) leaving PancakeHouseMenu::createIterator in file `PancakeHouseMenu.hpp' on line 45
TRACE       (139954445461312) calling Waitress::printVegetarianMenu in file `Waitress.hpp' on line 33
TRACE          (139954445461312) calling PancakeHouseMenuIterator::hasNext in file `PancakeHouseMenuIterator.hpp' on line 35
TRACE          (139954445461312) leaving PancakeHouseMenuIterator::hasNext in file `PancakeHouseMenuIterator.hpp' on line 35
TRACE          (139954445461312) calling PancakeHouseMenuIterator::next in file `PancakeHouseMenuIterator.hpp' on line 29
TRACE          (139954445461312) leaving PancakeHouseMenuIterator::next in file `PancakeHouseMenuIterator.hpp' on line 29
TRACE          (139954445461312) calling MenuItem::isVegetarian in file `MenuItem.hpp' on line 46
TRACE          (139954445461312) leaving MenuItem::isVegetarian in file `MenuItem.hpp' on line 46
TRACE          (139954445461312) calling MenuItem::getName in file `MenuItem.hpp' on line 31
TRACE          (139954445461312) leaving MenuItem::getName in file `MenuItem.hpp' on line 31
TRACE          (139954445461312) calling MenuItem::getPrice in file `MenuItem.hpp' on line 41
TRACE          (139954445461312) leaving MenuItem::getPrice in file `MenuItem.hpp' on line 41
TRACE          (139954445461312) calling MenuItem::getDescription in file `MenuItem.hpp' on line 36
TRACE          (139954445461312) leaving MenuItem::getDescription in file `MenuItem.hpp' on line 36
TRACE          (139954445461312) calling PancakeHouseMenuIterator::hasNext in file `PancakeHouseMenuIterator.hpp' on line 35
TRACE          (139954445461312) leaving PancakeHouseMenuIterator::hasNext in file `PancakeHouseMenuIterator.hpp' on line 35
TRACE          (139954445461312) calling PancakeHouseMenuIterator::next in file `PancakeHouseMenuIterator.hpp' on line 29
TRACE          (139954445461312) leaving PancakeHouseMenuIterator::next in file `PancakeHouseMenuIterator.hpp' on line 29
TRACE          (139954445461312) calling MenuItem::isVegetarian in file `MenuItem.hpp' on line 46
TRACE          (139954445461312) leaving MenuItem::isVegetarian in file `MenuItem.hpp' on line 46
TRACE          (139954445461312) calling PancakeHouseMenuIterator::hasNext in file `PancakeHouseMenuIterator.hpp' on line 35
TRACE          (139954445461312) leaving PancakeHouseMenuIterator::hasNext in file `PancakeHouseMenuIterator.hpp' on line 35
TRACE          (139954445461312) calling PancakeHouseMenuIterator::next in file `PancakeHouseMenuIterator.hpp' on line 29
TRACE          (139954445461312) leaving PancakeHouseMenuIterator::next in file `PancakeHouseMenuIterator.hpp' on line 29
TRACE          (139954445461312) calling MenuItem::isVegetarian in file `MenuItem.hpp' on line 46
TRACE          (139954445461312) leaving MenuItem::isVegetarian in file `MenuItem.hpp' on line 46
TRACE          (139954445461312) calling MenuItem::getName in file `MenuItem.hpp' on line 31
TRACE          (139954445461312) leaving MenuItem::getName in file `MenuItem.hpp' on line 31
TRACE          (139954445461312) calling MenuItem::getPrice in file `MenuItem.hpp' on line 41
TRACE          (139954445461312) leaving MenuItem::getPrice in file `MenuItem.hpp' on line 41
TRACE          (139954445461312) calling MenuItem::getDescription in file `MenuItem.hpp' on line 36
TRACE          (139954445461312) leaving MenuItem::getDescription in file `MenuItem.hpp' on line 36
TRACE          (139954445461312) calling PancakeHouseMenuIterator::hasNext in file `PancakeHouseMenuIterator.hpp' on line 35
TRACE          (139954445461312) leaving PancakeHouseMenuIterator::hasNext in file `PancakeHouseMenuIterator.hpp' on line 35
TRACE          (139954445461312) calling PancakeHouseMenuIterator::next in file `PancakeHouseMenuIterator.hpp' on line 29
TRACE          (139954445461312) leaving PancakeHouseMenuIterator::next in file `PancakeHouseMenuIterator.hpp' on line 29
TRACE          (139954445461312) calling MenuItem::isVegetarian in file `MenuItem.hpp' on line 46
TRACE          (139954445461312) leaving MenuItem::isVegetarian in file `MenuItem.hpp' on line 46
TRACE          (139954445461312) calling MenuItem::getName in file `MenuItem.hpp' on line 31
TRACE          (139954445461312) leaving MenuItem::getName in file `MenuItem.hpp' on line 31
TRACE          (139954445461312) calling MenuItem::getPrice in file `MenuItem.hpp' on line 41
TRACE          (139954445461312) leaving MenuItem::getPrice in file `MenuItem.hpp' on line 41
TRACE          (139954445461312) calling MenuItem::getDescription in file `MenuItem.hpp' on line 36
TRACE          (139954445461312) leaving MenuItem::getDescription in file `MenuItem.hpp' on line 36
TRACE          (139954445461312) calling PancakeHouseMenuIterator::hasNext in file `PancakeHouseMenuIterator.hpp' on line 35
TRACE          (139954445461312) leaving PancakeHouseMenuIterator::hasNext in file `PancakeHouseMenuIterator.hpp' on line 35
TRACE       (139954445461312) leaving Waitress::printVegetarianMenu in file `Waitress.hpp' on line 33
TRACE       (139954445461312) calling DinerMenu::createIterator in file `DinerMenu.hpp' on line 64
TRACE          (139954445461312) calling DinerMenuIterator::DinerMenuIterator in file `DinerMenuIterator.hpp' on line 22
TRACE          (139954445461312) leaving DinerMenuIterator::DinerMenuIterator in file `DinerMenuIterator.hpp' on line 22
TRACE       (139954445461312) leaving DinerMenu::createIterator in file `DinerMenu.hpp' on line 64
TRACE       (139954445461312) calling Waitress::printVegetarianMenu in file `Waitress.hpp' on line 33
TRACE          (139954445461312) calling DinerMenuIterator::hasNext in file `DinerMenuIterator.hpp' on line 33
TRACE          (139954445461312) leaving DinerMenuIterator::hasNext in file `DinerMenuIterator.hpp' on line 33
TRACE          (139954445461312) calling DinerMenuIterator::next in file `DinerMenuIterator.hpp' on line 26
TRACE          (139954445461312) leaving DinerMenuIterator::next in file `DinerMenuIterator.hpp' on line 26
TRACE          (139954445461312) calling MenuItem::isVegetarian in file `MenuItem.hpp' on line 46
TRACE          (139954445461312) leaving MenuItem::isVegetarian in file `MenuItem.hpp' on line 46
TRACE          (139954445461312) calling MenuItem::getName in file `MenuItem.hpp' on line 31
TRACE          (139954445461312) leaving MenuItem::getName in file `MenuItem.hpp' on line 31
TRACE          (139954445461312) calling MenuItem::getPrice in file `MenuItem.hpp' on line 41
TRACE          (139954445461312) leaving MenuItem::getPrice in file `MenuItem.hpp' on line 41
TRACE          (139954445461312) calling MenuItem::getDescription in file `MenuItem.hpp' on line 36
TRACE          (139954445461312) leaving MenuItem::getDescription in file `MenuItem.hpp' on line 36
TRACE          (139954445461312) calling DinerMenuIterator::hasNext in file `DinerMenuIterator.hpp' on line 33
TRACE          (139954445461312) leaving DinerMenuIterator::hasNext in file `DinerMenuIterator.hpp' on line 33
TRACE          (139954445461312) calling DinerMenuIterator::next in file `DinerMenuIterator.hpp' on line 26
TRACE          (139954445461312) leaving DinerMenuIterator::next in file `DinerMenuIterator.hpp' on line 26
TRACE          (139954445461312) calling MenuItem::isVegetarian in file `MenuItem.hpp' on line 46
TRACE          (139954445461312) leaving MenuItem::isVegetarian in file `MenuItem.hpp' on line 46
TRACE          (139954445461312) calling DinerMenuIterator::hasNext in file `DinerMenuIterator.hpp' on line 33
TRACE          (139954445461312) leaving DinerMenuIterator::hasNext in file `DinerMenuIterator.hpp' on line 33
TRACE          (139954445461312) calling DinerMenuIterator::next in file `DinerMenuIterator.hpp' on line 26
TRACE          (139954445461312) leaving DinerMenuIterator::next in file `DinerMenuIterator.hpp' on line 26
TRACE          (139954445461312) calling MenuItem::isVegetarian in file `MenuItem.hpp' on line 46
TRACE          (139954445461312) leaving MenuItem::isVegetarian in file `MenuItem.hpp' on line 46
TRACE          (139954445461312) calling DinerMenuIterator::hasNext in file `DinerMenuIterator.hpp' on line 33
TRACE          (139954445461312) leaving DinerMenuIterator::hasNext in file `DinerMenuIterator.hpp' on line 33
TRACE          (139954445461312) calling DinerMenuIterator::next in file `DinerMenuIterator.hpp' on line 26
TRACE          (139954445461312) leaving DinerMenuIterator::next in file `DinerMenuIterator.hpp' on line 26
TRACE          (139954445461312) calling MenuItem::isVegetarian in file `MenuItem.hpp' on line 46
TRACE          (139954445461312) leaving MenuItem::isVegetarian in file `MenuItem.hpp' on line 46
TRACE          (139954445461312) calling DinerMenuIterator::hasNext in file `DinerMenuIterator.hpp' on line 33
TRACE          (139954445461312) leaving DinerMenuIterator::hasNext in file `DinerMenuIterator.hpp' on line 33
TRACE          (139954445461312) calling DinerMenuIterator::next in file `DinerMenuIterator.hpp' on line 26
TRACE          (139954445461312) leaving DinerMenuIterator::next in file `DinerMenuIterator.hpp' on line 26
TRACE          (139954445461312) calling MenuItem::isVegetarian in file `MenuItem.hpp' on line 46
TRACE          (139954445461312) leaving MenuItem::isVegetarian in file `MenuItem.hpp' on line 46
TRACE          (139954445461312) calling MenuItem::getName in file `MenuItem.hpp' on line 31
TRACE          (139954445461312) leaving MenuItem::getName in file `MenuItem.hpp' on line 31
TRACE          (139954445461312) calling MenuItem::getPrice in file `MenuItem.hpp' on line 41
TRACE          (139954445461312) leaving MenuItem::getPrice in file `MenuItem.hpp' on line 41
TRACE          (139954445461312) calling MenuItem::getDescription in file `MenuItem.hpp' on line 36
TRACE          (139954445461312) leaving MenuItem::getDescription in file `MenuItem.hpp' on line 36
TRACE          (139954445461312) calling DinerMenuIterator::hasNext in file `DinerMenuIterator.hpp' on line 33
TRACE          (139954445461312) leaving DinerMenuIterator::hasNext in file `DinerMenuIterator.hpp' on line 33
TRACE          (139954445461312) calling DinerMenuIterator::next in file `DinerMenuIterator.hpp' on line 26
TRACE          (139954445461312) leaving DinerMenuIterator::next in file `DinerMenuIterator.hpp' on line 26
TRACE          (139954445461312) calling MenuItem::isVegetarian in file `MenuItem.hpp' on line 46
TRACE          (139954445461312) leaving MenuItem::isVegetarian in file `MenuItem.hpp' on line 46
TRACE          (139954445461312) calling MenuItem::getName in file `MenuItem.hpp' on line 31
TRACE          (139954445461312) leaving MenuItem::getName in file `MenuItem.hpp' on line 31
TRACE          (139954445461312) calling MenuItem::getPrice in file `MenuItem.hpp' on line 41
TRACE          (139954445461312) leaving MenuItem::getPrice in file `MenuItem.hpp' on line 41
TRACE          (139954445461312) calling MenuItem::getDescription in file `MenuItem.hpp' on line 36
TRACE          (139954445461312) leaving MenuItem::getDescription in file `MenuItem.hpp' on line 36
TRACE          (139954445461312) calling DinerMenuIterator::hasNext in file `DinerMenuIterator.hpp' on line 33
TRACE          (139954445461312) leaving DinerMenuIterator::hasNext in file `DinerMenuIterator.hpp' on line 33
TRACE       (139954445461312) leaving Waitress::printVegetarianMenu in file `Waitress.hpp' on line 33
TRACE    (139954445461312) leaving Waitress::printVegetarianMenu in file `Waitress.hpp' on line 80
TRACE    (139954445461312) calling Waitress::isItemVegetarian in file `Waitress.hpp' on line 88
TRACE       (139954445461312) calling PancakeHouseMenu::createIterator in file `PancakeHouseMenu.hpp' on line 45
TRACE          (139954445461312) calling PancakeHouseMenuIterator::PancakeHouseMenuIterator in file `PancakeHouseMenuIterator.hpp' on line 24
TRACE          (139954445461312) leaving PancakeHouseMenuIterator::PancakeHouseMenuIterator in file `PancakeHouseMenuIterator.hpp' on line 24
TRACE       (139954445461312) leaving PancakeHouseMenu::createIterator in file `PancakeHouseMenu.hpp' on line 45
TRACE       (139954445461312) calling Waitress::isVegetarian in file `Waitress.hpp' on line 46
TRACE          (139954445461312) calling PancakeHouseMenuIterator::hasNext in file `PancakeHouseMenuIterator.hpp' on line 35
TRACE          (139954445461312) leaving PancakeHouseMenuIterator::hasNext in file `PancakeHouseMenuIterator.hpp' on line 35
TRACE          (139954445461312) calling PancakeHouseMenuIterator::next in file `PancakeHouseMenuIterator.hpp' on line 29
TRACE          (139954445461312) leaving PancakeHouseMenuIterator::next in file `PancakeHouseMenuIterator.hpp' on line 29
TRACE          (139954445461312) calling MenuItem::getName in file `MenuItem.hpp' on line 31
TRACE          (139954445461312) leaving MenuItem::getName in file `MenuItem.hpp' on line 31
TRACE          (139954445461312) calling PancakeHouseMenuIterator::hasNext in file `PancakeHouseMenuIterator.hpp' on line 35
TRACE          (139954445461312) leaving PancakeHouseMenuIterator::hasNext in file `PancakeHouseMenuIterator.hpp' on line 35
TRACE          (139954445461312) calling PancakeHouseMenuIterator::next in file `PancakeHouseMenuIterator.hpp' on line 29
TRACE          (139954445461312) leaving PancakeHouseMenuIterator::next in file `PancakeHouseMenuIterator.hpp' on line 29
TRACE          (139954445461312) calling MenuItem::getName in file `MenuItem.hpp' on line 31
TRACE          (139954445461312) leaving MenuItem::getName in file `MenuItem.hpp' on line 31
TRACE          (139954445461312) calling PancakeHouseMenuIterator::hasNext in file `PancakeHouseMenuIterator.hpp' on line 35
TRACE          (139954445461312) leaving PancakeHouseMenuIterator::hasNext in file `PancakeHouseMenuIterator.hpp' on line 35
TRACE          (139954445461312) calling PancakeHouseMenuIterator::next in file `PancakeHouseMenuIterator.hpp' on line 29
TRACE          (139954445461312) leaving PancakeHouseMenuIterator::next in file `PancakeHouseMenuIterator.hpp' on line 29
TRACE          (139954445461312) calling MenuItem::getName in file `MenuItem.hpp' on line 31
TRACE          (139954445461312) leaving MenuItem::getName in file `MenuItem.hpp' on line 31
TRACE          (139954445461312) calling PancakeHouseMenuIterator::hasNext in file `PancakeHouseMenuIterator.hpp' on line 35
TRACE          (139954445461312) leaving PancakeHouseMenuIterator::hasNext in file `PancakeHouseMenuIterator.hpp' on line 35
TRACE          (139954445461312) calling PancakeHouseMenuIterator::next in file `PancakeHouseMenuIterator.hpp' on line 29
TRACE          (139954445461312) leaving PancakeHouseMenuIterator::next in file `PancakeHouseMenuIterator.hpp' on line 29
TRACE          (139954445461312) calling MenuItem::getName in file `MenuItem.hpp' on line 31
TRACE          (139954445461312) leaving MenuItem::getName in file `MenuItem.hpp' on line 31
TRACE          (139954445461312) calling PancakeHouseMenuIterator::hasNext in file `PancakeHouseMenuIterator.hpp' on line 35
TRACE          (139954445461312) leaving PancakeHouseMenuIterator::hasNext in file `PancakeHouseMenuIterator.hpp' on line 35
TRACE       (139954445461312) leaving Waitress::isVegetarian in file `Waitress.hpp' on line 46
TRACE       (139954445461312) calling DinerMenu::createIterator in file `DinerMenu.hpp' on line 64
TRACE          (139954445461312) calling DinerMenuIterator::DinerMenuIterator in file `DinerMenuIterator.hpp' on line 22
TRACE          (139954445461312) leaving DinerMenuIterator::DinerMenuIterator in file `DinerMenuIterator.hpp' on line 22
TRACE       (139954445461312) leaving DinerMenu::createIterator in file `DinerMenu.hpp' on line 64
TRACE       (139954445461312) calling Waitress::isVegetarian in file `Waitress.hpp' on line 46
TRACE          (139954445461312) calling DinerMenuIterator::hasNext in file `DinerMenuIterator.hpp' on line 33
TRACE          (139954445461312) leaving DinerMenuIterator::hasNext in file `DinerMenuIterator.hpp' on line 33
TRACE          (139954445461312) calling DinerMenuIterator::next in file `DinerMenuIterator.hpp' on line 26
TRACE          (139954445461312) leaving DinerMenuIterator::next in file `DinerMenuIterator.hpp' on line 26
TRACE          (139954445461312) calling MenuItem::getName in file `MenuItem.hpp' on line 31
TRACE          (139954445461312) leaving MenuItem::getName in file `MenuItem.hpp' on line 31
TRACE          (139954445461312) calling DinerMenuIterator::hasNext in file `DinerMenuIterator.hpp' on line 33
TRACE          (139954445461312) leaving DinerMenuIterator::hasNext in file `DinerMenuIterator.hpp' on line 33
TRACE          (139954445461312) calling DinerMenuIterator::next in file `DinerMenuIterator.hpp' on line 26
TRACE          (139954445461312) leaving DinerMenuIterator::next in file `DinerMenuIterator.hpp' on line 26
TRACE          (139954445461312) calling MenuItem::getName in file `MenuItem.hpp' on line 31
TRACE          (139954445461312) leaving MenuItem::getName in file `MenuItem.hpp' on line 31
TRACE          (139954445461312) calling DinerMenuIterator::hasNext in file `DinerMenuIterator.hpp' on line 33
TRACE          (139954445461312) leaving DinerMenuIterator::hasNext in file `DinerMenuIterator.hpp' on line 33
TRACE          (139954445461312) calling DinerMenuIterator::next in file `DinerMenuIterator.hpp' on line 26
TRACE          (139954445461312) leaving DinerMenuIterator::next in file `DinerMenuIterator.hpp' on line 26
TRACE          (139954445461312) calling MenuItem::getName in file `MenuItem.hpp' on line 31
TRACE          (139954445461312) leaving MenuItem::getName in file `MenuItem.hpp' on line 31
TRACE          (139954445461312) calling DinerMenuIterator::hasNext in file `DinerMenuIterator.hpp' on line 33
TRACE          (139954445461312) leaving DinerMenuIterator::hasNext in file `DinerMenuIterator.hpp' on line 33
TRACE          (139954445461312) calling DinerMenuIterator::next in file `DinerMenuIterator.hpp' on line 26
TRACE          (139954445461312) leaving DinerMenuIterator::next in file `DinerMenuIterator.hpp' on line 26
TRACE          (139954445461312) calling MenuItem::getName in file `MenuItem.hpp' on line 31
TRACE          (139954445461312) leaving MenuItem::getName in file `MenuItem.hpp' on line 31
TRACE          (139954445461312) calling MenuItem::isVegetarian in file `MenuItem.hpp' on line 46
TRACE          (139954445461312) leaving MenuItem::isVegetarian in file `MenuItem.hpp' on line 46
TRACE          (139954445461312) calling DinerMenuIterator::hasNext in file `DinerMenuIterator.hpp' on line 33
TRACE          (139954445461312) leaving DinerMenuIterator::hasNext in file `DinerMenuIterator.hpp' on line 33
TRACE          (139954445461312) calling DinerMenuIterator::next in file `DinerMenuIterator.hpp' on line 26
TRACE          (139954445461312) leaving DinerMenuIterator::next in file `DinerMenuIterator.hpp' on line 26
TRACE          (139954445461312) calling MenuItem::getName in file `MenuItem.hpp' on line 31
TRACE          (139954445461312) leaving MenuItem::getName in file `MenuItem.hpp' on line 31
TRACE          (139954445461312) calling DinerMenuIterator::hasNext in file `DinerMenuIterator.hpp' on line 33
TRACE          (139954445461312) leaving DinerMenuIterator::hasNext in file `DinerMenuIterator.hpp' on line 33
TRACE          (139954445461312) calling DinerMenuIterator::next in file `DinerMenuIterator.hpp' on line 26
TRACE          (139954445461312) leaving DinerMenuIterator::next in file `DinerMenuIterator.hpp' on line 26
TRACE          (139954445461312) calling MenuItem::getName in file `MenuItem.hpp' on line 31
TRACE          (139954445461312) leaving MenuItem::getName in file `MenuItem.hpp' on line 31
TRACE          (139954445461312) calling DinerMenuIterator::hasNext in file `DinerMenuIterator.hpp' on line 33
TRACE          (139954445461312) leaving DinerMenuIterator::hasNext in file `DinerMenuIterator.hpp' on line 33
TRACE       (139954445461312) leaving Waitress::isVegetarian in file `Waitress.hpp' on line 46
TRACE    (139954445461312) leaving Waitress::isItemVegetarian in file `Waitress.hpp' on line 88
TRACE    (139954445461312) calling Waitress::isItemVegetarian in file `Waitress.hpp' on line 88
TRACE       (139954445461312) calling PancakeHouseMenu::createIterator in file `PancakeHouseMenu.hpp' on line 45
TRACE          (139954445461312) calling PancakeHouseMenuIterator::PancakeHouseMenuIterator in file `PancakeHouseMenuIterator.hpp' on line 24
TRACE          (139954445461312) leaving PancakeHouseMenuIterator::PancakeHouseMenuIterator in file `PancakeHouseMenuIterator.hpp' on line 24
TRACE       (139954445461312) leaving PancakeHouseMenu::createIterator in file `PancakeHouseMenu.hpp' on line 45
TRACE       (139954445461312) calling Waitress::isVegetarian in file `Waitress.hpp' on line 46
TRACE          (139954445461312) calling PancakeHouseMenuIterator::hasNext in file `PancakeHouseMenuIterator.hpp' on line 35
TRACE          (139954445461312) leaving PancakeHouseMenuIterator::hasNext in file `PancakeHouseMenuIterator.hpp' on line 35
TRACE          (139954445461312) calling PancakeHouseMenuIterator::next in file `PancakeHouseMenuIterator.hpp' on line 29
TRACE          (139954445461312) leaving PancakeHouseMenuIterator::next in file `PancakeHouseMenuIterator.hpp' on line 29
TRACE          (139954445461312) calling MenuItem::getName in file `MenuItem.hpp' on line 31
TRACE          (139954445461312) leaving MenuItem::getName in file `MenuItem.hpp' on line 31
TRACE          (139954445461312) calling PancakeHouseMenuIterator::hasNext in file `PancakeHouseMenuIterator.hpp' on line 35
TRACE          (139954445461312) leaving PancakeHouseMenuIterator::hasNext in file `PancakeHouseMenuIterator.hpp' on line 35
TRACE          (139954445461312) calling PancakeHouseMenuIterator::next in file `PancakeHouseMenuIterator.hpp' on line 29
TRACE          (139954445461312) leaving PancakeHouseMenuIterator::next in file `PancakeHouseMenuIterator.hpp' on line 29
TRACE          (139954445461312) calling MenuItem::getName in file `MenuItem.hpp' on line 31
TRACE          (139954445461312) leaving MenuItem::getName in file `MenuItem.hpp' on line 31
TRACE          (139954445461312) calling PancakeHouseMenuIterator::hasNext in file `PancakeHouseMenuIterator.hpp' on line 35
TRACE          (139954445461312) leaving PancakeHouseMenuIterator::hasNext in file `PancakeHouseMenuIterator.hpp' on line 35
TRACE          (139954445461312) calling PancakeHouseMenuIterator::next in file `PancakeHouseMenuIterator.hpp' on line 29
TRACE          (139954445461312) leaving PancakeHouseMenuIterator::next in file `PancakeHouseMenuIterator.hpp' on line 29
TRACE          (139954445461312) calling MenuItem::getName in file `MenuItem.hpp' on line 31
TRACE          (139954445461312) leaving MenuItem::getName in file `MenuItem.hpp' on line 31
TRACE          (139954445461312) calling PancakeHouseMenuIterator::hasNext in file `PancakeHouseMenuIterator.hpp' on line 35
TRACE          (139954445461312) leaving PancakeHouseMenuIterator::hasNext in file `PancakeHouseMenuIterator.hpp' on line 35
TRACE          (139954445461312) calling PancakeHouseMenuIterator::next in file `PancakeHouseMenuIterator.hpp' on line 29
TRACE          (139954445461312) leaving PancakeHouseMenuIterator::next in file `PancakeHouseMenuIterator.hpp' on line 29
TRACE          (139954445461312) calling MenuItem::getName in file `MenuItem.hpp' on line 31
TRACE          (139954445461312) leaving MenuItem::getName in file `MenuItem.hpp' on line 31
TRACE          (139954445461312) calling MenuItem::isVegetarian in file `MenuItem.hpp' on line 46
TRACE          (139954445461312) leaving MenuItem::isVegetarian in file `MenuItem.hpp' on line 46
TRACE       (139954445461312) leaving Waitress::isVegetarian in file `Waitress.hpp' on line 46
TRACE    (139954445461312) leaving Waitress::isItemVegetarian in file `Waitress.hpp' on line 88
TRACE    (139954445461312) calling Menu::~Menu in file `Menu.hpp' on line 16
TRACE    (139954445461312) leaving Menu::~Menu in file `Menu.hpp' on line 16
TRACE    (139954445461312) calling Menu::~Menu in file `Menu.hpp' on line 16
TRACE    (139954445461312) leaving Menu::~Menu in file `Menu.hpp' on line 16
TRACE (139954445461312) leaving main in file `DinerMergerI.cpp' on line 13
