TRACE (139900757149504) calling main in file `Starbuzz.cpp' on line 13
TRACE    (139900757149504) calling Beverage::Beverage in file `Beverage.hpp' on line 20
TRACE    (139900757149504) leaving Beverage::Beverage in file `Beverage.hpp' on line 20
TRACE    (139900757149504) calling Espresso::Espresso in file `Espresso.hpp' on line 17
TRACE    (139900757149504) leaving Espresso::Espresso in file `Espresso.hpp' on line 17
TRACE    (139900757149504) calling Espresso::cost in file `Espresso.hpp' on line 22
TRACE    (139900757149504) leaving Espresso::cost in file `Espresso.hpp' on line 22
TRACE    (139900757149504) calling Beverage::getDescription in file `Beverage.hpp' on line 29
TRACE    (139900757149504) leaving Beverage::getDescription in file `Beverage.hpp' on line 29
TRACE    (139900757149504) calling Beverage::Beverage in file `Beverage.hpp' on line 20
TRACE    (139900757149504) leaving Beverage::Beverage in file `Beverage.hpp' on line 20
TRACE    (139900757149504) calling DarkRoast::DarkRoast in file `DarkRoast.hpp' on line 17
TRACE    (139900757149504) leaving DarkRoast::DarkRoast in file `DarkRoast.hpp' on line 17
TRACE    (139900757149504) calling Beverage::Beverage in file `Beverage.hpp' on line 20
TRACE    (139900757149504) leaving Beverage::Beverage in file `Beverage.hpp' on line 20
TRACE    (139900757149504) calling CondimentDecorator::CondimentDecorator in file `CondimentDecorator.hpp' on line 20
TRACE    (139900757149504) leaving CondimentDecorator::CondimentDecorator in file `CondimentDecorator.hpp' on line 20
TRACE    (139900757149504) calling Mocha::Mocha in file `Mocha.hpp' on line 21
TRACE    (139900757149504) leaving Mocha::Mocha in file `Mocha.hpp' on line 21
TRACE    (139900757149504) calling Beverage::Beverage in file `Beverage.hpp' on line 20
TRACE    (139900757149504) leaving Beverage::Beverage in file `Beverage.hpp' on line 20
TRACE    (139900757149504) calling CondimentDecorator::CondimentDecorator in file `CondimentDecorator.hpp' on line 20
TRACE    (139900757149504) leaving CondimentDecorator::CondimentDecorator in file `CondimentDecorator.hpp' on line 20
TRACE    (139900757149504) calling Mocha::Mocha in file `Mocha.hpp' on line 21
TRACE    (139900757149504) leaving Mocha::Mocha in file `Mocha.hpp' on line 21
TRACE    (139900757149504) calling Beverage::Beverage in file `Beverage.hpp' on line 20
TRACE    (139900757149504) leaving Beverage::Beverage in file `Beverage.hpp' on line 20
TRACE    (139900757149504) calling CondimentDecorator::CondimentDecorator in file `CondimentDecorator.hpp' on line 20
TRACE    (139900757149504) leaving CondimentDecorator::CondimentDecorator in file `CondimentDecorator.hpp' on line 20
TRACE    (139900757149504) calling Whip::Whip in file `Whip.hpp' on line 21
TRACE    (139900757149504) leaving Whip::Whip in file `Whip.hpp' on line 21
TRACE    (139900757149504) calling Whip::cost in file `Whip.hpp' on line 34
TRACE       (139900757149504) calling Mocha::cost in file `Mocha.hpp' on line 35
TRACE          (139900757149504) calling Mocha::cost in file `Mocha.hpp' on line 35
TRACE             (139900757149504) calling DarkRoast::cost in file `DarkRoast.hpp' on line 22
TRACE             (139900757149504) leaving DarkRoast::cost in file `DarkRoast.hpp' on line 22
TRACE          (139900757149504) leaving Mocha::cost in file `Mocha.hpp' on line 35
TRACE       (139900757149504) leaving Mocha::cost in file `Mocha.hpp' on line 35
TRACE    (139900757149504) leaving Whip::cost in file `Whip.hpp' on line 34
TRACE    (139900757149504) calling Whip::getDescription in file `Whip.hpp' on line 29
TRACE       (139900757149504) calling Mocha::getDescription in file `Mocha.hpp' on line 30
TRACE          (139900757149504) calling Mocha::getDescription in file `Mocha.hpp' on line 30
TRACE             (139900757149504) calling Beverage::getDescription in file `Beverage.hpp' on line 29
TRACE             (139900757149504) leaving Beverage::getDescription in file `Beverage.hpp' on line 29
TRACE          (139900757149504) leaving Mocha::getDescription in file `Mocha.hpp' on line 30
TRACE       (139900757149504) leaving Mocha::getDescription in file `Mocha.hpp' on line 30
TRACE    (139900757149504) leaving Whip::getDescription in file `Whip.hpp' on line 29
TRACE    (139900757149504) calling Beverage::Beverage in file `Beverage.hpp' on line 20
TRACE    (139900757149504) leaving Beverage::Beverage in file `Beverage.hpp' on line 20
TRACE    (139900757149504) calling HouseBlend::HouseBlend in file `HouseBlend.hpp' on line 17
TRACE    (139900757149504) leaving HouseBlend::HouseBlend in file `HouseBlend.hpp' on line 17
TRACE    (139900757149504) calling Beverage::Beverage in file `Beverage.hpp' on line 20
TRACE    (139900757149504) leaving Beverage::Beverage in file `Beverage.hpp' on line 20
TRACE    (139900757149504) calling CondimentDecorator::CondimentDecorator in file `CondimentDecorator.hpp' on line 20
TRACE    (139900757149504) leaving CondimentDecorator::CondimentDecorator in file `CondimentDecorator.hpp' on line 20
TRACE    (139900757149504) calling Soy::Soy in file `Soy.hpp' on line 21
TRACE    (139900757149504) leaving Soy::Soy in file `Soy.hpp' on line 21
TRACE    (139900757149504) calling Beverage::Beverage in file `Beverage.hpp' on line 20
TRACE    (139900757149504) leaving Beverage::Beverage in file `Beverage.hpp' on line 20
TRACE    (139900757149504) calling CondimentDecorator::CondimentDecorator in file `CondimentDecorator.hpp' on line 20
TRACE    (139900757149504) leaving CondimentDecorator::CondimentDecorator in file `CondimentDecorator.hpp' on line 20
TRACE    (139900757149504) calling Mocha::Mocha in file `Mocha.hpp' on line 21
TRACE    (139900757149504) leaving Mocha::Mocha in file `Mocha.hpp' on line 21
TRACE    (139900757149504) calling Beverage::Beverage in file `Beverage.hpp' on line 20
TRACE    (139900757149504) leaving Beverage::Beverage in file `Beverage.hpp' on line 20
TRACE    (139900757149504) calling CondimentDecorator::CondimentDecorator in file `CondimentDecorator.hpp' on line 20
TRACE    (139900757149504) leaving CondimentDecorator::CondimentDecorator in file `CondimentDecorator.hpp' on line 20
TRACE    (139900757149504) calling Whip::Whip in file `Whip.hpp' on line 21
TRACE    (139900757149504) leaving Whip::Whip in file `Whip.hpp' on line 21
TRACE    (139900757149504) calling Whip::cost in file `Whip.hpp' on line 34
TRACE       (139900757149504) calling Mocha::cost in file `Mocha.hpp' on line 35
TRACE          (139900757149504) calling Soy::cost in file `Soy.hpp' on line 35
TRACE             (139900757149504) calling HouseBlend::cost in file `HouseBlend.hpp' on line 22
TRACE             (139900757149504) leaving HouseBlend::cost in file `HouseBlend.hpp' on line 22
TRACE          (139900757149504) leaving Soy::cost in file `Soy.hpp' on line 35
TRACE       (139900757149504) leaving Mocha::cost in file `Mocha.hpp' on line 35
TRACE    (139900757149504) leaving Whip::cost in file `Whip.hpp' on line 34
TRACE    (139900757149504) calling Whip::getDescription in file `Whip.hpp' on line 29
TRACE       (139900757149504) calling Mocha::getDescription in file `Mocha.hpp' on line 30
TRACE          (139900757149504) calling Soy::getDescription in file `Soy.hpp' on line 30
TRACE             (139900757149504) calling Beverage::getDescription in file `Beverage.hpp' on line 29
TRACE             (139900757149504) leaving Beverage::getDescription in file `Beverage.hpp' on line 29
TRACE          (139900757149504) leaving Soy::getDescription in file `Soy.hpp' on line 30
TRACE       (139900757149504) leaving Mocha::getDescription in file `Mocha.hpp' on line 30
TRACE    (139900757149504) leaving Whip::getDescription in file `Whip.hpp' on line 29
TRACE    (139900757149504) calling Whip::~Whip in file `Whip.hpp' on line 24
TRACE       (139900757149504) calling Mocha::~Mocha in file `Mocha.hpp' on line 25
TRACE          (139900757149504) calling Soy::~Soy in file `Soy.hpp' on line 25
TRACE             (139900757149504) calling Beverage::~Beverage in file `Beverage.hpp' on line 25
TRACE             (139900757149504) leaving Beverage::~Beverage in file `Beverage.hpp' on line 25
TRACE          (139900757149504) leaving Soy::~Soy in file `Soy.hpp' on line 25
TRACE          (139900757149504) calling CondimentDecorator::~CondimentDecorator in file `CondimentDecorator.hpp' on line 25
TRACE          (139900757149504) leaving CondimentDecorator::~CondimentDecorator in file `CondimentDecorator.hpp' on line 25
TRACE          (139900757149504) calling Beverage::~Beverage in file `Beverage.hpp' on line 25
TRACE          (139900757149504) leaving Beverage::~Beverage in file `Beverage.hpp' on line 25
TRACE       (139900757149504) leaving Mocha::~Mocha in file `Mocha.hpp' on line 25
TRACE       (139900757149504) calling CondimentDecorator::~CondimentDecorator in file `CondimentDecorator.hpp' on line 25
TRACE       (139900757149504) leaving CondimentDecorator::~CondimentDecorator in file `CondimentDecorator.hpp' on line 25
TRACE       (139900757149504) calling Beverage::~Beverage in file `Beverage.hpp' on line 25
TRACE       (139900757149504) leaving Beverage::~Beverage in file `Beverage.hpp' on line 25
TRACE    (139900757149504) leaving Whip::~Whip in file `Whip.hpp' on line 24
TRACE    (139900757149504) calling CondimentDecorator::~CondimentDecorator in file `CondimentDecorator.hpp' on line 25
TRACE    (139900757149504) leaving CondimentDecorator::~CondimentDecorator in file `CondimentDecorator.hpp' on line 25
TRACE    (139900757149504) calling Beverage::~Beverage in file `Beverage.hpp' on line 25
TRACE    (139900757149504) leaving Beverage::~Beverage in file `Beverage.hpp' on line 25
TRACE    (139900757149504) calling Whip::~Whip in file `Whip.hpp' on line 24
TRACE       (139900757149504) calling Mocha::~Mocha in file `Mocha.hpp' on line 25
TRACE          (139900757149504) calling Mocha::~Mocha in file `Mocha.hpp' on line 25
TRACE             (139900757149504) calling Beverage::~Beverage in file `Beverage.hpp' on line 25
TRACE             (139900757149504) leaving Beverage::~Beverage in file `Beverage.hpp' on line 25
TRACE          (139900757149504) leaving Mocha::~Mocha in file `Mocha.hpp' on line 25
TRACE          (139900757149504) calling CondimentDecorator::~CondimentDecorator in file `CondimentDecorator.hpp' on line 25
TRACE          (139900757149504) leaving CondimentDecorator::~CondimentDecorator in file `CondimentDecorator.hpp' on line 25
TRACE          (139900757149504) calling Beverage::~Beverage in file `Beverage.hpp' on line 25
TRACE          (139900757149504) leaving Beverage::~Beverage in file `Beverage.hpp' on line 25
TRACE       (139900757149504) leaving Mocha::~Mocha in file `Mocha.hpp' on line 25
TRACE       (139900757149504) calling CondimentDecorator::~CondimentDecorator in file `CondimentDecorator.hpp' on line 25
TRACE       (139900757149504) leaving CondimentDecorator::~CondimentDecorator in file `CondimentDecorator.hpp' on line 25
TRACE       (139900757149504) calling Beverage::~Beverage in file `Beverage.hpp' on line 25
TRACE       (139900757149504) leaving Beverage::~Beverage in file `Beverage.hpp' on line 25
TRACE    (139900757149504) leaving Whip::~Whip in file `Whip.hpp' on line 24
TRACE    (139900757149504) calling CondimentDecorator::~CondimentDecorator in file `CondimentDecorator.hpp' on line 25
TRACE    (139900757149504) leaving CondimentDecorator::~CondimentDecorator in file `CondimentDecorator.hpp' on line 25
TRACE    (139900757149504) calling Beverage::~Beverage in file `Beverage.hpp' on line 25
TRACE    (139900757149504) leaving Beverage::~Beverage in file `Beverage.hpp' on line 25
TRACE    (139900757149504) calling Beverage::~Beverage in file `Beverage.hpp' on line 25
TRACE    (139900757149504) leaving Beverage::~Beverage in file `Beverage.hpp' on line 25
TRACE (139900757149504) leaving main in file `Starbuzz.cpp' on line 13
