TRACE (139860015359808) calling main in file `Menus.cpp' on line 13
TRACE    (139860015359808) calling MenuComponent:: in file `MenuComponent.hpp' on line 19
TRACE    (139860015359808) leaving MenuComponent:: in file `MenuComponent.hpp' on line 19
TRACE    (139860015359808) calling Menu::Menu in file `Menu.hpp' on line 21
TRACE    (139860015359808) leaving Menu::Menu in file `Menu.hpp' on line 21
TRACE    (139860015359808) calling MenuComponent:: in file `MenuComponent.hpp' on line 19
TRACE    (139860015359808) leaving MenuComponent:: in file `MenuComponent.hpp' on line 19
TRACE    (139860015359808) calling Menu::Menu in file `Menu.hpp' on line 21
TRACE    (139860015359808) leaving Menu::Menu in file `Menu.hpp' on line 21
TRACE    (139860015359808) calling MenuComponent:: in file `MenuComponent.hpp' on line 19
TRACE    (139860015359808) leaving MenuComponent:: in file `MenuComponent.hpp' on line 19
TRACE    (139860015359808) calling Menu::Menu in file `Menu.hpp' on line 21
TRACE    (139860015359808) leaving Menu::Menu in file `Menu.hpp' on line 21
TRACE    (139860015359808) calling MenuComponent:: in file `MenuComponent.hpp' on line 19
TRACE    (139860015359808) leaving MenuComponent:: in file `MenuComponent.hpp' on line 19
TRACE    (139860015359808) calling Menu::Menu in file `Menu.hpp' on line 21
TRACE    (139860015359808) leaving Menu::Menu in file `Menu.hpp' on line 21
TRACE    (139860015359808) calling MenuComponent:: in file `MenuComponent.hpp' on line 19
TRACE    (139860015359808) leaving MenuComponent:: in file `MenuComponent.hpp' on line 19
TRACE    (139860015359808) calling Menu::Menu in file `Menu.hpp' on line 21
TRACE    (139860015359808) leaving Menu::Menu in file `Menu.hpp' on line 21
TRACE    (139860015359808) calling MenuComponent:: in file `MenuComponent.hpp' on line 19
TRACE    (139860015359808) leaving MenuComponent:: in file `MenuComponent.hpp' on line 19
TRACE    (139860015359808) calling Menu::Menu in file `Menu.hpp' on line 21
TRACE    (139860015359808) leaving Menu::Menu in file `Menu.hpp' on line 21
TRACE    (139860015359808) calling Menu::add in file `Menu.hpp' on line 26
TRACE    (139860015359808) leaving Menu::add in file `Menu.hpp' on line 26
TRACE    (139860015359808) calling Menu::add in file `Menu.hpp' on line 26
TRACE    (139860015359808) leaving Menu::add in file `Menu.hpp' on line 26
TRACE    (139860015359808) calling Menu::add in file `Menu.hpp' on line 26
TRACE    (139860015359808) leaving Menu::add in file `Menu.hpp' on line 26
TRACE    (139860015359808) calling MenuComponent:: in file `MenuComponent.hpp' on line 19
TRACE    (139860015359808) leaving MenuComponent:: in file `MenuComponent.hpp' on line 19
TRACE    (139860015359808) calling MenuItem::MenuItem in file `MenuItem.hpp' on line 24
TRACE    (139860015359808) leaving MenuItem::MenuItem in file `MenuItem.hpp' on line 24
TRACE    (139860015359808) calling Menu::add in file `Menu.hpp' on line 26
TRACE    (139860015359808) leaving Menu::add in file `Menu.hpp' on line 26
TRACE    (139860015359808) calling MenuComponent:: in file `MenuComponent.hpp' on line 19
TRACE    (139860015359808) leaving MenuComponent:: in file `MenuComponent.hpp' on line 19
TRACE    (139860015359808) calling MenuItem::MenuItem in file `MenuItem.hpp' on line 24
TRACE    (139860015359808) leaving MenuItem::MenuItem in file `MenuItem.hpp' on line 24
TRACE    (139860015359808) calling Menu::add in file `Menu.hpp' on line 26
TRACE    (139860015359808) leaving Menu::add in file `Menu.hpp' on line 26
TRACE    (139860015359808) calling MenuComponent:: in file `MenuComponent.hpp' on line 19
TRACE    (139860015359808) leaving MenuComponent:: in file `MenuComponent.hpp' on line 19
TRACE    (139860015359808) calling MenuItem::MenuItem in file `MenuItem.hpp' on line 24
TRACE    (139860015359808) leaving MenuItem::MenuItem in file `MenuItem.hpp' on line 24
TRACE    (139860015359808) calling Menu::add in file `Menu.hpp' on line 26
TRACE    (139860015359808) leaving Menu::add in file `Menu.hpp' on line 26
TRACE    (139860015359808) calling MenuComponent:: in file `MenuComponent.hpp' on line 19
TRACE    (139860015359808) leaving MenuComponent:: in file `MenuComponent.hpp' on line 19
TRACE    (139860015359808) calling MenuItem::MenuItem in file `MenuItem.hpp' on line 24
TRACE    (139860015359808) leaving MenuItem::MenuItem in file `MenuItem.hpp' on line 24
TRACE    (139860015359808) calling Menu::add in file `Menu.hpp' on line 26
TRACE    (139860015359808) leaving Menu::add in file `Menu.hpp' on line 26
TRACE    (139860015359808) calling MenuComponent:: in file `MenuComponent.hpp' on line 19
TRACE    (139860015359808) leaving MenuComponent:: in file `MenuComponent.hpp' on line 19
TRACE    (139860015359808) calling MenuItem::MenuItem in file `MenuItem.hpp' on line 24
TRACE    (139860015359808) leaving MenuItem::MenuItem in file `MenuItem.hpp' on line 24
TRACE    (139860015359808) calling Menu::add in file `Menu.hpp' on line 26
TRACE    (139860015359808) leaving Menu::add in file `Menu.hpp' on line 26
TRACE    (139860015359808) calling MenuComponent:: in file `MenuComponent.hpp' on line 19
TRACE    (139860015359808) leaving MenuComponent:: in file `MenuComponent.hpp' on line 19
TRACE    (139860015359808) calling MenuItem::MenuItem in file `MenuItem.hpp' on line 24
TRACE    (139860015359808) leaving MenuItem::MenuItem in file `MenuItem.hpp' on line 24
TRACE    (139860015359808) calling Menu::add in file `Menu.hpp' on line 26
TRACE    (139860015359808) leaving Menu::add in file `Menu.hpp' on line 26
TRACE    (139860015359808) calling MenuComponent:: in file `MenuComponent.hpp' on line 19
TRACE    (139860015359808) leaving MenuComponent:: in file `MenuComponent.hpp' on line 19
TRACE    (139860015359808) calling MenuItem::MenuItem in file `MenuItem.hpp' on line 24
TRACE    (139860015359808) leaving MenuItem::MenuItem in file `MenuItem.hpp' on line 24
TRACE    (139860015359808) calling Menu::add in file `Menu.hpp' on line 26
TRACE    (139860015359808) leaving Menu::add in file `Menu.hpp' on line 26
TRACE    (139860015359808) calling MenuComponent:: in file `MenuComponent.hpp' on line 19
TRACE    (139860015359808) leaving MenuComponent:: in file `MenuComponent.hpp' on line 19
TRACE    (139860015359808) calling MenuItem::MenuItem in file `MenuItem.hpp' on line 24
TRACE    (139860015359808) leaving MenuItem::MenuItem in file `MenuItem.hpp' on line 24
TRACE    (139860015359808) calling Menu::add in file `Menu.hpp' on line 26
TRACE    (139860015359808) leaving Menu::add in file `Menu.hpp' on line 26
TRACE    (139860015359808) calling MenuComponent:: in file `MenuComponent.hpp' on line 19
TRACE    (139860015359808) leaving MenuComponent:: in file `MenuComponent.hpp' on line 19
TRACE    (139860015359808) calling MenuItem::MenuItem in file `MenuItem.hpp' on line 24
TRACE    (139860015359808) leaving MenuItem::MenuItem in file `MenuItem.hpp' on line 24
TRACE    (139860015359808) calling Menu::add in file `Menu.hpp' on line 26
TRACE    (139860015359808) leaving Menu::add in file `Menu.hpp' on line 26
TRACE    (139860015359808) calling MenuComponent:: in file `MenuComponent.hpp' on line 19
TRACE    (139860015359808) leaving MenuComponent:: in file `MenuComponent.hpp' on line 19
TRACE    (139860015359808) calling MenuItem::MenuItem in file `MenuItem.hpp' on line 24
TRACE    (139860015359808) leaving MenuItem::MenuItem in file `MenuItem.hpp' on line 24
TRACE    (139860015359808) calling Menu::add in file `Menu.hpp' on line 26
TRACE    (139860015359808) leaving Menu::add in file `Menu.hpp' on line 26
TRACE    (139860015359808) calling Menu::add in file `Menu.hpp' on line 26
TRACE    (139860015359808) leaving Menu::add in file `Menu.hpp' on line 26
TRACE    (139860015359808) calling MenuComponent:: in file `MenuComponent.hpp' on line 19
TRACE    (139860015359808) leaving MenuComponent:: in file `MenuComponent.hpp' on line 19
TRACE    (139860015359808) calling MenuItem::MenuItem in file `MenuItem.hpp' on line 24
TRACE    (139860015359808) leaving MenuItem::MenuItem in file `MenuItem.hpp' on line 24
TRACE    (139860015359808) calling Menu::add in file `Menu.hpp' on line 26
TRACE    (139860015359808) leaving Menu::add in file `Menu.hpp' on line 26
TRACE    (139860015359808) calling MenuComponent:: in file `MenuComponent.hpp' on line 19
TRACE    (139860015359808) leaving MenuComponent:: in file `MenuComponent.hpp' on line 19
TRACE    (139860015359808) calling MenuItem::MenuItem in file `MenuItem.hpp' on line 24
TRACE    (139860015359808) leaving MenuItem::MenuItem in file `MenuItem.hpp' on line 24
TRACE    (139860015359808) calling Menu::add in file `Menu.hpp' on line 26
TRACE    (139860015359808) leaving Menu::add in file `Menu.hpp' on line 26
TRACE    (139860015359808) calling MenuComponent:: in file `MenuComponent.hpp' on line 19
TRACE    (139860015359808) leaving MenuComponent:: in file `MenuComponent.hpp' on line 19
TRACE    (139860015359808) calling MenuItem::MenuItem in file `MenuItem.hpp' on line 24
TRACE    (139860015359808) leaving MenuItem::MenuItem in file `MenuItem.hpp' on line 24
TRACE    (139860015359808) calling Menu::add in file `Menu.hpp' on line 26
TRACE    (139860015359808) leaving Menu::add in file `Menu.hpp' on line 26
TRACE    (139860015359808) calling MenuComponent:: in file `MenuComponent.hpp' on line 19
TRACE    (139860015359808) leaving MenuComponent:: in file `MenuComponent.hpp' on line 19
TRACE    (139860015359808) calling MenuItem::MenuItem in file `MenuItem.hpp' on line 24
TRACE    (139860015359808) leaving MenuItem::MenuItem in file `MenuItem.hpp' on line 24
TRACE    (139860015359808) calling Menu::add in file `Menu.hpp' on line 26
TRACE    (139860015359808) leaving Menu::add in file `Menu.hpp' on line 26
TRACE    (139860015359808) calling MenuComponent:: in file `MenuComponent.hpp' on line 19
TRACE    (139860015359808) leaving MenuComponent:: in file `MenuComponent.hpp' on line 19
TRACE    (139860015359808) calling MenuItem::MenuItem in file `MenuItem.hpp' on line 24
TRACE    (139860015359808) leaving MenuItem::MenuItem in file `MenuItem.hpp' on line 24
TRACE    (139860015359808) calling Menu::add in file `Menu.hpp' on line 26
TRACE    (139860015359808) leaving Menu::add in file `Menu.hpp' on line 26
TRACE    (139860015359808) calling MenuComponent:: in file `MenuComponent.hpp' on line 19
TRACE    (139860015359808) leaving MenuComponent:: in file `MenuComponent.hpp' on line 19
TRACE    (139860015359808) calling MenuItem::MenuItem in file `MenuItem.hpp' on line 24
TRACE    (139860015359808) leaving MenuItem::MenuItem in file `MenuItem.hpp' on line 24
TRACE    (139860015359808) calling Menu::add in file `Menu.hpp' on line 26
TRACE    (139860015359808) leaving Menu::add in file `Menu.hpp' on line 26
TRACE    (139860015359808) calling Menu::add in file `Menu.hpp' on line 26
TRACE    (139860015359808) leaving Menu::add in file `Menu.hpp' on line 26
TRACE    (139860015359808) calling MenuComponent:: in file `MenuComponent.hpp' on line 19
TRACE    (139860015359808) leaving MenuComponent:: in file `MenuComponent.hpp' on line 19
TRACE    (139860015359808) calling MenuItem::MenuItem in file `MenuItem.hpp' on line 24
TRACE    (139860015359808) leaving MenuItem::MenuItem in file `MenuItem.hpp' on line 24
TRACE    (139860015359808) calling Menu::add in file `Menu.hpp' on line 26
TRACE    (139860015359808) leaving Menu::add in file `Menu.hpp' on line 26
TRACE    (139860015359808) calling MenuComponent:: in file `MenuComponent.hpp' on line 19
TRACE    (139860015359808) leaving MenuComponent:: in file `MenuComponent.hpp' on line 19
TRACE    (139860015359808) calling MenuItem::MenuItem in file `MenuItem.hpp' on line 24
TRACE    (139860015359808) leaving MenuItem::MenuItem in file `MenuItem.hpp' on line 24
TRACE    (139860015359808) calling Menu::add in file `Menu.hpp' on line 26
TRACE    (139860015359808) leaving Menu::add in file `Menu.hpp' on line 26
TRACE    (139860015359808) calling MenuComponent:: in file `MenuComponent.hpp' on line 19
TRACE    (139860015359808) leaving MenuComponent:: in file `MenuComponent.hpp' on line 19
TRACE    (139860015359808) calling MenuItem::MenuItem in file `MenuItem.hpp' on line 24
TRACE    (139860015359808) leaving MenuItem::MenuItem in file `MenuItem.hpp' on line 24
TRACE    (139860015359808) calling Menu::add in file `Menu.hpp' on line 26
TRACE    (139860015359808) leaving Menu::add in file `Menu.hpp' on line 26
TRACE    (139860015359808) calling Waitress::Waitress in file `Waitress.hpp' on line 23
TRACE    (139860015359808) leaving Waitress::Waitress in file `Waitress.hpp' on line 23
TRACE    (139860015359808) calling Waitress::printMenu in file `Waitress.hpp' on line 27
TRACE       (139860015359808) calling Menu::print in file `Menu.hpp' on line 53
TRACE          (139860015359808) calling Menu::getName in file `Menu.hpp' on line 43
TRACE          (139860015359808) leaving Menu::getName in file `Menu.hpp' on line 43
TRACE          (139860015359808) calling Menu::getDescription in file `Menu.hpp' on line 48
TRACE          (139860015359808) leaving Menu::getDescription in file `Menu.hpp' on line 48
TRACE          (139860015359808) calling Menu::print in file `Menu.hpp' on line 53
TRACE             (139860015359808) calling Menu::getName in file `Menu.hpp' on line 43
TRACE             (139860015359808) leaving Menu::getName in file `Menu.hpp' on line 43
TRACE             (139860015359808) calling Menu::getDescription in file `Menu.hpp' on line 48
TRACE             (139860015359808) leaving Menu::getDescription in file `Menu.hpp' on line 48
TRACE             (139860015359808) calling MenuItem::print in file `MenuItem.hpp' on line 48
TRACE                (139860015359808) calling MenuItem::getName in file `MenuItem.hpp' on line 28
TRACE                (139860015359808) leaving MenuItem::getName in file `MenuItem.hpp' on line 28
TRACE                (139860015359808) calling MenuItem::isVegetarian in file `MenuItem.hpp' on line 43
TRACE                (139860015359808) leaving MenuItem::isVegetarian in file `MenuItem.hpp' on line 43
TRACE                (139860015359808) calling MenuItem::getPrice in file `MenuItem.hpp' on line 38
TRACE                (139860015359808) leaving MenuItem::getPrice in file `MenuItem.hpp' on line 38
TRACE                (139860015359808) calling MenuItem::getDescription in file `MenuItem.hpp' on line 33
TRACE                (139860015359808) leaving MenuItem::getDescription in file `MenuItem.hpp' on line 33
TRACE             (139860015359808) leaving MenuItem::print in file `MenuItem.hpp' on line 48
TRACE             (139860015359808) calling MenuItem::print in file `MenuItem.hpp' on line 48
TRACE                (139860015359808) calling MenuItem::getName in file `MenuItem.hpp' on line 28
TRACE                (139860015359808) leaving MenuItem::getName in file `MenuItem.hpp' on line 28
TRACE                (139860015359808) calling MenuItem::isVegetarian in file `MenuItem.hpp' on line 43
TRACE                (139860015359808) leaving MenuItem::isVegetarian in file `MenuItem.hpp' on line 43
TRACE                (139860015359808) calling MenuItem::getPrice in file `MenuItem.hpp' on line 38
TRACE                (139860015359808) leaving MenuItem::getPrice in file `MenuItem.hpp' on line 38
TRACE                (139860015359808) calling MenuItem::getDescription in file `MenuItem.hpp' on line 33
TRACE                (139860015359808) leaving MenuItem::getDescription in file `MenuItem.hpp' on line 33
TRACE             (139860015359808) leaving MenuItem::print in file `MenuItem.hpp' on line 48
TRACE             (139860015359808) calling MenuItem::print in file `MenuItem.hpp' on line 48
TRACE                (139860015359808) calling MenuItem::getName in file `MenuItem.hpp' on line 28
TRACE                (139860015359808) leaving MenuItem::getName in file `MenuItem.hpp' on line 28
TRACE                (139860015359808) calling MenuItem::isVegetarian in file `MenuItem.hpp' on line 43
TRACE                (139860015359808) leaving MenuItem::isVegetarian in file `MenuItem.hpp' on line 43
TRACE                (139860015359808) calling MenuItem::getPrice in file `MenuItem.hpp' on line 38
TRACE                (139860015359808) leaving MenuItem::getPrice in file `MenuItem.hpp' on line 38
TRACE                (139860015359808) calling MenuItem::getDescription in file `MenuItem.hpp' on line 33
TRACE                (139860015359808) leaving MenuItem::getDescription in file `MenuItem.hpp' on line 33
TRACE             (139860015359808) leaving MenuItem::print in file `MenuItem.hpp' on line 48
TRACE             (139860015359808) calling MenuItem::print in file `MenuItem.hpp' on line 48
TRACE                (139860015359808) calling MenuItem::getName in file `MenuItem.hpp' on line 28
TRACE                (139860015359808) leaving MenuItem::getName in file `MenuItem.hpp' on line 28
TRACE                (139860015359808) calling MenuItem::isVegetarian in file `MenuItem.hpp' on line 43
TRACE                (139860015359808) leaving MenuItem::isVegetarian in file `MenuItem.hpp' on line 43
TRACE                (139860015359808) calling MenuItem::getPrice in file `MenuItem.hpp' on line 38
TRACE                (139860015359808) leaving MenuItem::getPrice in file `MenuItem.hpp' on line 38
TRACE                (139860015359808) calling MenuItem::getDescription in file `MenuItem.hpp' on line 33
TRACE                (139860015359808) leaving MenuItem::getDescription in file `MenuItem.hpp' on line 33
TRACE             (139860015359808) leaving MenuItem::print in file `MenuItem.hpp' on line 48
TRACE          (139860015359808) leaving Menu::print in file `Menu.hpp' on line 53
TRACE          (139860015359808) calling Menu::print in file `Menu.hpp' on line 53
TRACE             (139860015359808) calling Menu::getName in file `Menu.hpp' on line 43
TRACE             (139860015359808) leaving Menu::getName in file `Menu.hpp' on line 43
TRACE             (139860015359808) calling Menu::getDescription in file `Menu.hpp' on line 48
TRACE             (139860015359808) leaving Menu::getDescription in file `Menu.hpp' on line 48
TRACE             (139860015359808) calling MenuItem::print in file `MenuItem.hpp' on line 48
TRACE                (139860015359808) calling MenuItem::getName in file `MenuItem.hpp' on line 28
TRACE                (139860015359808) leaving MenuItem::getName in file `MenuItem.hpp' on line 28
TRACE                (139860015359808) calling MenuItem::isVegetarian in file `MenuItem.hpp' on line 43
TRACE                (139860015359808) leaving MenuItem::isVegetarian in file `MenuItem.hpp' on line 43
TRACE                (139860015359808) calling MenuItem::getPrice in file `MenuItem.hpp' on line 38
TRACE                (139860015359808) leaving MenuItem::getPrice in file `MenuItem.hpp' on line 38
TRACE                (139860015359808) calling MenuItem::getDescription in file `MenuItem.hpp' on line 33
TRACE                (139860015359808) leaving MenuItem::getDescription in file `MenuItem.hpp' on line 33
TRACE             (139860015359808) leaving MenuItem::print in file `MenuItem.hpp' on line 48
TRACE             (139860015359808) calling MenuItem::print in file `MenuItem.hpp' on line 48
TRACE                (139860015359808) calling MenuItem::getName in file `MenuItem.hpp' on line 28
TRACE                (139860015359808) leaving MenuItem::getName in file `MenuItem.hpp' on line 28
TRACE                (139860015359808) calling MenuItem::isVegetarian in file `MenuItem.hpp' on line 43
TRACE                (139860015359808) leaving MenuItem::isVegetarian in file `MenuItem.hpp' on line 43
TRACE                (139860015359808) calling MenuItem::getPrice in file `MenuItem.hpp' on line 38
TRACE                (139860015359808) leaving MenuItem::getPrice in file `MenuItem.hpp' on line 38
TRACE                (139860015359808) calling MenuItem::getDescription in file `MenuItem.hpp' on line 33
TRACE                (139860015359808) leaving MenuItem::getDescription in file `MenuItem.hpp' on line 33
TRACE             (139860015359808) leaving MenuItem::print in file `MenuItem.hpp' on line 48
TRACE             (139860015359808) calling MenuItem::print in file `MenuItem.hpp' on line 48
TRACE                (139860015359808) calling MenuItem::getName in file `MenuItem.hpp' on line 28
TRACE                (139860015359808) leaving MenuItem::getName in file `MenuItem.hpp' on line 28
TRACE                (139860015359808) calling MenuItem::isVegetarian in file `MenuItem.hpp' on line 43
TRACE                (139860015359808) leaving MenuItem::isVegetarian in file `MenuItem.hpp' on line 43
TRACE                (139860015359808) calling MenuItem::getPrice in file `MenuItem.hpp' on line 38
TRACE                (139860015359808) leaving MenuItem::getPrice in file `MenuItem.hpp' on line 38
TRACE                (139860015359808) calling MenuItem::getDescription in file `MenuItem.hpp' on line 33
TRACE                (139860015359808) leaving MenuItem::getDescription in file `MenuItem.hpp' on line 33
TRACE             (139860015359808) leaving MenuItem::print in file `MenuItem.hpp' on line 48
TRACE             (139860015359808) calling MenuItem::print in file `MenuItem.hpp' on line 48
TRACE                (139860015359808) calling MenuItem::getName in file `MenuItem.hpp' on line 28
TRACE                (139860015359808) leaving MenuItem::getName in file `MenuItem.hpp' on line 28
TRACE                (139860015359808) calling MenuItem::isVegetarian in file `MenuItem.hpp' on line 43
TRACE                (139860015359808) leaving MenuItem::isVegetarian in file `MenuItem.hpp' on line 43
TRACE                (139860015359808) calling MenuItem::getPrice in file `MenuItem.hpp' on line 38
TRACE                (139860015359808) leaving MenuItem::getPrice in file `MenuItem.hpp' on line 38
TRACE                (139860015359808) calling MenuItem::getDescription in file `MenuItem.hpp' on line 33
TRACE                (139860015359808) leaving MenuItem::getDescription in file `MenuItem.hpp' on line 33
TRACE             (139860015359808) leaving MenuItem::print in file `MenuItem.hpp' on line 48
TRACE             (139860015359808) calling MenuItem::print in file `MenuItem.hpp' on line 48
TRACE                (139860015359808) calling MenuItem::getName in file `MenuItem.hpp' on line 28
TRACE                (139860015359808) leaving MenuItem::getName in file `MenuItem.hpp' on line 28
TRACE                (139860015359808) calling MenuItem::isVegetarian in file `MenuItem.hpp' on line 43
TRACE                (139860015359808) leaving MenuItem::isVegetarian in file `MenuItem.hpp' on line 43
TRACE                (139860015359808) calling MenuItem::getPrice in file `MenuItem.hpp' on line 38
TRACE                (139860015359808) leaving MenuItem::getPrice in file `MenuItem.hpp' on line 38
TRACE                (139860015359808) calling MenuItem::getDescription in file `MenuItem.hpp' on line 33
TRACE                (139860015359808) leaving MenuItem::getDescription in file `MenuItem.hpp' on line 33
TRACE             (139860015359808) leaving MenuItem::print in file `MenuItem.hpp' on line 48
TRACE             (139860015359808) calling MenuItem::print in file `MenuItem.hpp' on line 48
TRACE                (139860015359808) calling MenuItem::getName in file `MenuItem.hpp' on line 28
TRACE                (139860015359808) leaving MenuItem::getName in file `MenuItem.hpp' on line 28
TRACE                (139860015359808) calling MenuItem::isVegetarian in file `MenuItem.hpp' on line 43
TRACE                (139860015359808) leaving MenuItem::isVegetarian in file `MenuItem.hpp' on line 43
TRACE                (139860015359808) calling MenuItem::getPrice in file `MenuItem.hpp' on line 38
TRACE                (139860015359808) leaving MenuItem::getPrice in file `MenuItem.hpp' on line 38
TRACE                (139860015359808) calling MenuItem::getDescription in file `MenuItem.hpp' on line 33
TRACE                (139860015359808) leaving MenuItem::getDescription in file `MenuItem.hpp' on line 33
TRACE             (139860015359808) leaving MenuItem::print in file `MenuItem.hpp' on line 48
TRACE             (139860015359808) calling Menu::print in file `Menu.hpp' on line 53
TRACE                (139860015359808) calling Menu::getName in file `Menu.hpp' on line 43
TRACE                (139860015359808) leaving Menu::getName in file `Menu.hpp' on line 43
TRACE                (139860015359808) calling Menu::getDescription in file `Menu.hpp' on line 48
TRACE                (139860015359808) leaving Menu::getDescription in file `Menu.hpp' on line 48
TRACE                (139860015359808) calling MenuItem::print in file `MenuItem.hpp' on line 48
TRACE                   (139860015359808) calling MenuItem::getName in file `MenuItem.hpp' on line 28
TRACE                   (139860015359808) leaving MenuItem::getName in file `MenuItem.hpp' on line 28
TRACE                   (139860015359808) calling MenuItem::isVegetarian in file `MenuItem.hpp' on line 43
TRACE                   (139860015359808) leaving MenuItem::isVegetarian in file `MenuItem.hpp' on line 43
TRACE                   (139860015359808) calling MenuItem::getPrice in file `MenuItem.hpp' on line 38
TRACE                   (139860015359808) leaving MenuItem::getPrice in file `MenuItem.hpp' on line 38
TRACE                   (139860015359808) calling MenuItem::getDescription in file `MenuItem.hpp' on line 33
TRACE                   (139860015359808) leaving MenuItem::getDescription in file `MenuItem.hpp' on line 33
TRACE                (139860015359808) leaving MenuItem::print in file `MenuItem.hpp' on line 48
TRACE                (139860015359808) calling MenuItem::print in file `MenuItem.hpp' on line 48
TRACE                   (139860015359808) calling MenuItem::getName in file `MenuItem.hpp' on line 28
TRACE                   (139860015359808) leaving MenuItem::getName in file `MenuItem.hpp' on line 28
TRACE                   (139860015359808) calling MenuItem::isVegetarian in file `MenuItem.hpp' on line 43
TRACE                   (139860015359808) leaving MenuItem::isVegetarian in file `MenuItem.hpp' on line 43
TRACE                   (139860015359808) calling MenuItem::getPrice in file `MenuItem.hpp' on line 38
TRACE                   (139860015359808) leaving MenuItem::getPrice in file `MenuItem.hpp' on line 38
TRACE                   (139860015359808) calling MenuItem::getDescription in file `MenuItem.hpp' on line 33
TRACE                   (139860015359808) leaving MenuItem::getDescription in file `MenuItem.hpp' on line 33
TRACE                (139860015359808) leaving MenuItem::print in file `MenuItem.hpp' on line 48
TRACE                (139860015359808) calling MenuItem::print in file `MenuItem.hpp' on line 48
TRACE                   (139860015359808) calling MenuItem::getName in file `MenuItem.hpp' on line 28
TRACE                   (139860015359808) leaving MenuItem::getName in file `MenuItem.hpp' on line 28
TRACE                   (139860015359808) calling MenuItem::isVegetarian in file `MenuItem.hpp' on line 43
TRACE                   (139860015359808) leaving MenuItem::isVegetarian in file `MenuItem.hpp' on line 43
TRACE                   (139860015359808) calling MenuItem::getPrice in file `MenuItem.hpp' on line 38
TRACE                   (139860015359808) leaving MenuItem::getPrice in file `MenuItem.hpp' on line 38
TRACE                   (139860015359808) calling MenuItem::getDescription in file `MenuItem.hpp' on line 33
TRACE                   (139860015359808) leaving MenuItem::getDescription in file `MenuItem.hpp' on line 33
TRACE                (139860015359808) leaving MenuItem::print in file `MenuItem.hpp' on line 48
TRACE             (139860015359808) leaving Menu::print in file `Menu.hpp' on line 53
TRACE          (139860015359808) leaving Menu::print in file `Menu.hpp' on line 53
TRACE          (139860015359808) calling Menu::print in file `Menu.hpp' on line 53
TRACE             (139860015359808) calling Menu::getName in file `Menu.hpp' on line 43
TRACE             (139860015359808) leaving Menu::getName in file `Menu.hpp' on line 43
TRACE             (139860015359808) calling Menu::getDescription in file `Menu.hpp' on line 48
TRACE             (139860015359808) leaving Menu::getDescription in file `Menu.hpp' on line 48
TRACE             (139860015359808) calling MenuItem::print in file `MenuItem.hpp' on line 48
TRACE                (139860015359808) calling MenuItem::getName in file `MenuItem.hpp' on line 28
TRACE                (139860015359808) leaving MenuItem::getName in file `MenuItem.hpp' on line 28
TRACE                (139860015359808) calling MenuItem::isVegetarian in file `MenuItem.hpp' on line 43
TRACE                (139860015359808) leaving MenuItem::isVegetarian in file `MenuItem.hpp' on line 43
TRACE                (139860015359808) calling MenuItem::getPrice in file `MenuItem.hpp' on line 38
TRACE                (139860015359808) leaving MenuItem::getPrice in file `MenuItem.hpp' on line 38
TRACE                (139860015359808) calling MenuItem::getDescription in file `MenuItem.hpp' on line 33
TRACE                (139860015359808) leaving MenuItem::getDescription in file `MenuItem.hpp' on line 33
TRACE             (139860015359808) leaving MenuItem::print in file `MenuItem.hpp' on line 48
TRACE             (139860015359808) calling MenuItem::print in file `MenuItem.hpp' on line 48
TRACE                (139860015359808) calling MenuItem::getName in file `MenuItem.hpp' on line 28
TRACE                (139860015359808) leaving MenuItem::getName in file `MenuItem.hpp' on line 28
TRACE                (139860015359808) calling MenuItem::isVegetarian in file `MenuItem.hpp' on line 43
TRACE                (139860015359808) leaving MenuItem::isVegetarian in file `MenuItem.hpp' on line 43
TRACE                (139860015359808) calling MenuItem::getPrice in file `MenuItem.hpp' on line 38
TRACE                (139860015359808) leaving MenuItem::getPrice in file `MenuItem.hpp' on line 38
TRACE                (139860015359808) calling MenuItem::getDescription in file `MenuItem.hpp' on line 33
TRACE                (139860015359808) leaving MenuItem::getDescription in file `MenuItem.hpp' on line 33
TRACE             (139860015359808) leaving MenuItem::print in file `MenuItem.hpp' on line 48
TRACE             (139860015359808) calling MenuItem::print in file `MenuItem.hpp' on line 48
TRACE                (139860015359808) calling MenuItem::getName in file `MenuItem.hpp' on line 28
TRACE                (139860015359808) leaving MenuItem::getName in file `MenuItem.hpp' on line 28
TRACE                (139860015359808) calling MenuItem::isVegetarian in file `MenuItem.hpp' on line 43
TRACE                (139860015359808) leaving MenuItem::isVegetarian in file `MenuItem.hpp' on line 43
TRACE                (139860015359808) calling MenuItem::getPrice in file `MenuItem.hpp' on line 38
TRACE                (139860015359808) leaving MenuItem::getPrice in file `MenuItem.hpp' on line 38
TRACE                (139860015359808) calling MenuItem::getDescription in file `MenuItem.hpp' on line 33
TRACE                (139860015359808) leaving MenuItem::getDescription in file `MenuItem.hpp' on line 33
TRACE             (139860015359808) leaving MenuItem::print in file `MenuItem.hpp' on line 48
TRACE             (139860015359808) calling Menu::print in file `Menu.hpp' on line 53
TRACE                (139860015359808) calling Menu::getName in file `Menu.hpp' on line 43
TRACE                (139860015359808) leaving Menu::getName in file `Menu.hpp' on line 43
TRACE                (139860015359808) calling Menu::getDescription in file `Menu.hpp' on line 48
TRACE                (139860015359808) leaving Menu::getDescription in file `Menu.hpp' on line 48
TRACE                (139860015359808) calling MenuItem::print in file `MenuItem.hpp' on line 48
TRACE                   (139860015359808) calling MenuItem::getName in file `MenuItem.hpp' on line 28
TRACE                   (139860015359808) leaving MenuItem::getName in file `MenuItem.hpp' on line 28
TRACE                   (139860015359808) calling MenuItem::isVegetarian in file `MenuItem.hpp' on line 43
TRACE                   (139860015359808) leaving MenuItem::isVegetarian in file `MenuItem.hpp' on line 43
TRACE                   (139860015359808) calling MenuItem::getPrice in file `MenuItem.hpp' on line 38
TRACE                   (139860015359808) leaving MenuItem::getPrice in file `MenuItem.hpp' on line 38
TRACE                   (139860015359808) calling MenuItem::getDescription in file `MenuItem.hpp' on line 33
TRACE                   (139860015359808) leaving MenuItem::getDescription in file `MenuItem.hpp' on line 33
TRACE                (139860015359808) leaving MenuItem::print in file `MenuItem.hpp' on line 48
TRACE                (139860015359808) calling MenuItem::print in file `MenuItem.hpp' on line 48
TRACE                   (139860015359808) calling MenuItem::getName in file `MenuItem.hpp' on line 28
TRACE                   (139860015359808) leaving MenuItem::getName in file `MenuItem.hpp' on line 28
TRACE                   (139860015359808) calling MenuItem::isVegetarian in file `MenuItem.hpp' on line 43
TRACE                   (139860015359808) leaving MenuItem::isVegetarian in file `MenuItem.hpp' on line 43
TRACE                   (139860015359808) calling MenuItem::getPrice in file `MenuItem.hpp' on line 38
TRACE                   (139860015359808) leaving MenuItem::getPrice in file `MenuItem.hpp' on line 38
TRACE                   (139860015359808) calling MenuItem::getDescription in file `MenuItem.hpp' on line 33
TRACE                   (139860015359808) leaving MenuItem::getDescription in file `MenuItem.hpp' on line 33
TRACE                (139860015359808) leaving MenuItem::print in file `MenuItem.hpp' on line 48
TRACE                (139860015359808) calling MenuItem::print in file `MenuItem.hpp' on line 48
TRACE                   (139860015359808) calling MenuItem::getName in file `MenuItem.hpp' on line 28
TRACE                   (139860015359808) leaving MenuItem::getName in file `MenuItem.hpp' on line 28
TRACE                   (139860015359808) calling MenuItem::isVegetarian in file `MenuItem.hpp' on line 43
TRACE                   (139860015359808) leaving MenuItem::isVegetarian in file `MenuItem.hpp' on line 43
TRACE                   (139860015359808) calling MenuItem::getPrice in file `MenuItem.hpp' on line 38
TRACE                   (139860015359808) leaving MenuItem::getPrice in file `MenuItem.hpp' on line 38
TRACE                   (139860015359808) calling MenuItem::getDescription in file `MenuItem.hpp' on line 33
TRACE                   (139860015359808) leaving MenuItem::getDescription in file `MenuItem.hpp' on line 33
TRACE                (139860015359808) leaving MenuItem::print in file `MenuItem.hpp' on line 48
TRACE             (139860015359808) leaving Menu::print in file `Menu.hpp' on line 53
TRACE          (139860015359808) leaving Menu::print in file `Menu.hpp' on line 53
TRACE       (139860015359808) leaving Menu::print in file `Menu.hpp' on line 53
TRACE    (139860015359808) leaving Waitress::printMenu in file `Waitress.hpp' on line 27
TRACE    (139860015359808) calling MenuComponent::~MenuComponent in file `MenuComponent.hpp' on line 23
TRACE    (139860015359808) leaving MenuComponent::~MenuComponent in file `MenuComponent.hpp' on line 23
TRACE    (139860015359808) calling MenuComponent::~MenuComponent in file `MenuComponent.hpp' on line 23
TRACE    (139860015359808) leaving MenuComponent::~MenuComponent in file `MenuComponent.hpp' on line 23
TRACE    (139860015359808) calling MenuComponent::~MenuComponent in file `MenuComponent.hpp' on line 23
TRACE    (139860015359808) leaving MenuComponent::~MenuComponent in file `MenuComponent.hpp' on line 23
TRACE    (139860015359808) calling MenuComponent::~MenuComponent in file `MenuComponent.hpp' on line 23
TRACE    (139860015359808) leaving MenuComponent::~MenuComponent in file `MenuComponent.hpp' on line 23
TRACE    (139860015359808) calling MenuComponent::~MenuComponent in file `MenuComponent.hpp' on line 23
TRACE    (139860015359808) leaving MenuComponent::~MenuComponent in file `MenuComponent.hpp' on line 23
TRACE    (139860015359808) calling MenuComponent::~MenuComponent in file `MenuComponent.hpp' on line 23
TRACE    (139860015359808) leaving MenuComponent::~MenuComponent in file `MenuComponent.hpp' on line 23
TRACE (139860015359808) leaving main in file `Menus.cpp' on line 13
