TRACE (140732500100928) calling main in file `Pizzaaf.cpp' on line 12
TRACE    (140732500100928) calling PizzaStore::PizzaStore in file `PizzaStore.hpp' on line 18
TRACE    (140732500100928) leaving PizzaStore::PizzaStore in file `PizzaStore.hpp' on line 18
TRACE    (140732500100928) calling PizzaStore::PizzaStore in file `PizzaStore.hpp' on line 18
TRACE    (140732500100928) leaving PizzaStore::PizzaStore in file `PizzaStore.hpp' on line 18
TRACE    (140732500100928) calling PizzaStore::orderPizza in file `PizzaStore.hpp' on line 27
TRACE       (140732500100928) calling NYPizzaStore::createPizza in file `NYPizzaStore.hpp' on line 18
TRACE          (140732500100928) calling Pizza::Pizza in file `Pizza.hpp' on line 29
TRACE          (140732500100928) leaving Pizza::Pizza in file `Pizza.hpp' on line 29
TRACE          (140732500100928) calling CheesePizza::CheesePizza in file `CheesePizza.hpp' on line 22
TRACE          (140732500100928) leaving CheesePizza::CheesePizza in file `CheesePizza.hpp' on line 22
TRACE          (140732500100928) calling Pizza::setName in file `Pizza.hpp' on line 61
TRACE          (140732500100928) leaving Pizza::setName in file `Pizza.hpp' on line 61
TRACE       (140732500100928) leaving NYPizzaStore::createPizza in file `NYPizzaStore.hpp' on line 18
TRACE       (140732500100928) calling Pizza::getName in file `Pizza.hpp' on line 66
TRACE       (140732500100928) leaving Pizza::getName in file `Pizza.hpp' on line 66
TRACE       (140732500100928) calling CheesePizza::prepare in file `CheesePizza.hpp' on line 26
TRACE          (140732500100928) calling Pizza::getName in file `Pizza.hpp' on line 66
TRACE          (140732500100928) leaving Pizza::getName in file `Pizza.hpp' on line 66
TRACE          (140732500100928) calling NYPizzaIngredientFactory::createDough in file `NYPizzaIngredientFactory.hpp' on line 18
TRACE          (140732500100928) leaving NYPizzaIngredientFactory::createDough in file `NYPizzaIngredientFactory.hpp' on line 18
TRACE          (140732500100928) calling NYPizzaIngredientFactory::createSauce in file `NYPizzaIngredientFactory.hpp' on line 23
TRACE          (140732500100928) leaving NYPizzaIngredientFactory::createSauce in file `NYPizzaIngredientFactory.hpp' on line 23
TRACE          (140732500100928) calling NYPizzaIngredientFactory::createCheese in file `NYPizzaIngredientFactory.hpp' on line 28
TRACE          (140732500100928) leaving NYPizzaIngredientFactory::createCheese in file `NYPizzaIngredientFactory.hpp' on line 28
TRACE       (140732500100928) leaving CheesePizza::prepare in file `CheesePizza.hpp' on line 26
TRACE       (140732500100928) calling Pizza::bake in file `Pizza.hpp' on line 46
TRACE       (140732500100928) leaving Pizza::bake in file `Pizza.hpp' on line 46
TRACE       (140732500100928) calling Pizza::cut in file `Pizza.hpp' on line 51
TRACE       (140732500100928) leaving Pizza::cut in file `Pizza.hpp' on line 51
TRACE       (140732500100928) calling Pizza::box in file `Pizza.hpp' on line 56
TRACE       (140732500100928) leaving Pizza::box in file `Pizza.hpp' on line 56
TRACE    (140732500100928) leaving PizzaStore::orderPizza in file `PizzaStore.hpp' on line 27
TRACE    (140732500100928) calling Pizza::toString in file `Pizza.hpp' on line 71
TRACE       (140732500100928) calling ThinCrustDough::toString in file `ThinCrustDough.hpp' on line 17
TRACE       (140732500100928) leaving ThinCrustDough::toString in file `ThinCrustDough.hpp' on line 17
TRACE       (140732500100928) calling MarinaraSauce::toString in file `MarinaraSauce.hpp' on line 18
TRACE       (140732500100928) leaving MarinaraSauce::toString in file `MarinaraSauce.hpp' on line 18
TRACE       (140732500100928) calling ReggianoCheese::toString in file `RegginanoCheese.hpp' on line 18
TRACE       (140732500100928) leaving ReggianoCheese::toString in file `RegginanoCheese.hpp' on line 18
TRACE    (140732500100928) leaving Pizza::toString in file `Pizza.hpp' on line 71
TRACE    (140732500100928) calling PizzaStore::orderPizza in file `PizzaStore.hpp' on line 27
TRACE       (140732500100928) calling ChicagoPizzaStore::createPizza in file `ChicagoPizzaStore.hpp' on line 18
TRACE          (140732500100928) calling Pizza::Pizza in file `Pizza.hpp' on line 29
TRACE          (140732500100928) leaving Pizza::Pizza in file `Pizza.hpp' on line 29
TRACE          (140732500100928) calling CheesePizza::CheesePizza in file `CheesePizza.hpp' on line 22
TRACE          (140732500100928) leaving CheesePizza::CheesePizza in file `CheesePizza.hpp' on line 22
TRACE          (140732500100928) calling Pizza::setName in file `Pizza.hpp' on line 61
TRACE          (140732500100928) leaving Pizza::setName in file `Pizza.hpp' on line 61
TRACE       (140732500100928) leaving ChicagoPizzaStore::createPizza in file `ChicagoPizzaStore.hpp' on line 18
TRACE       (140732500100928) calling Pizza::getName in file `Pizza.hpp' on line 66
TRACE       (140732500100928) leaving Pizza::getName in file `Pizza.hpp' on line 66
TRACE       (140732500100928) calling CheesePizza::prepare in file `CheesePizza.hpp' on line 26
TRACE          (140732500100928) calling Pizza::getName in file `Pizza.hpp' on line 66
TRACE          (140732500100928) leaving Pizza::getName in file `Pizza.hpp' on line 66
TRACE          (140732500100928) calling NYPizzaIngredientFactory::createDough in file `NYPizzaIngredientFactory.hpp' on line 18
TRACE          (140732500100928) leaving NYPizzaIngredientFactory::createDough in file `NYPizzaIngredientFactory.hpp' on line 18
TRACE          (140732500100928) calling NYPizzaIngredientFactory::createSauce in file `NYPizzaIngredientFactory.hpp' on line 23
TRACE          (140732500100928) leaving NYPizzaIngredientFactory::createSauce in file `NYPizzaIngredientFactory.hpp' on line 23
TRACE          (140732500100928) calling NYPizzaIngredientFactory::createCheese in file `NYPizzaIngredientFactory.hpp' on line 28
TRACE          (140732500100928) leaving NYPizzaIngredientFactory::createCheese in file `NYPizzaIngredientFactory.hpp' on line 28
TRACE       (140732500100928) leaving CheesePizza::prepare in file `CheesePizza.hpp' on line 26
TRACE       (140732500100928) calling Pizza::bake in file `Pizza.hpp' on line 46
TRACE       (140732500100928) leaving Pizza::bake in file `Pizza.hpp' on line 46
TRACE       (140732500100928) calling Pizza::cut in file `Pizza.hpp' on line 51
TRACE       (140732500100928) leaving Pizza::cut in file `Pizza.hpp' on line 51
TRACE       (140732500100928) calling Pizza::box in file `Pizza.hpp' on line 56
TRACE       (140732500100928) leaving Pizza::box in file `Pizza.hpp' on line 56
TRACE    (140732500100928) leaving PizzaStore::orderPizza in file `PizzaStore.hpp' on line 27
TRACE    (140732500100928) calling PizzaIngredientFactory::~PizzaIngredientFactory in file `PizzaIngredientFactory.hpp' on line 24
TRACE    (140732500100928) leaving PizzaIngredientFactory::~PizzaIngredientFactory in file `PizzaIngredientFactory.hpp' on line 24
TRACE    (140732500100928) calling Pizza::~Pizza in file `Pizza.hpp' on line 37
TRACE    (140732500100928) leaving Pizza::~Pizza in file `Pizza.hpp' on line 37
TRACE    (140732500100928) calling Cheese::~Cheese in file `Cheese.hpp' on line 17
TRACE    (140732500100928) leaving Cheese::~Cheese in file `Cheese.hpp' on line 17
TRACE    (140732500100928) calling Sauce::~Sauce in file `Sauce.hpp' on line 18
TRACE    (140732500100928) leaving Sauce::~Sauce in file `Sauce.hpp' on line 18
TRACE    (140732500100928) calling Dough::~Dough in file `Dough.hpp' on line 18
TRACE    (140732500100928) leaving Dough::~Dough in file `Dough.hpp' on line 18
TRACE    (140732500100928) calling Pizza::toString in file `Pizza.hpp' on line 71
TRACE       (140732500100928) calling ThinCrustDough::toString in file `ThinCrustDough.hpp' on line 17
TRACE       (140732500100928) leaving ThinCrustDough::toString in file `ThinCrustDough.hpp' on line 17
TRACE       (140732500100928) calling MarinaraSauce::toString in file `MarinaraSauce.hpp' on line 18
TRACE       (140732500100928) leaving MarinaraSauce::toString in file `MarinaraSauce.hpp' on line 18
TRACE       (140732500100928) calling ReggianoCheese::toString in file `RegginanoCheese.hpp' on line 18
TRACE       (140732500100928) leaving ReggianoCheese::toString in file `RegginanoCheese.hpp' on line 18
TRACE    (140732500100928) leaving Pizza::toString in file `Pizza.hpp' on line 71
TRACE    (140732500100928) calling PizzaStore::orderPizza in file `PizzaStore.hpp' on line 27
TRACE       (140732500100928) calling NYPizzaStore::createPizza in file `NYPizzaStore.hpp' on line 18
TRACE          (140732500100928) calling Pizza::Pizza in file `Pizza.hpp' on line 29
TRACE          (140732500100928) leaving Pizza::Pizza in file `Pizza.hpp' on line 29
TRACE          (140732500100928) calling ClamPizza::ClamPizza in file `ClamPizza.hpp' on line 22
TRACE          (140732500100928) leaving ClamPizza::ClamPizza in file `ClamPizza.hpp' on line 22
TRACE          (140732500100928) calling Pizza::setName in file `Pizza.hpp' on line 61
TRACE          (140732500100928) leaving Pizza::setName in file `Pizza.hpp' on line 61
TRACE       (140732500100928) leaving NYPizzaStore::createPizza in file `NYPizzaStore.hpp' on line 18
TRACE       (140732500100928) calling Pizza::getName in file `Pizza.hpp' on line 66
TRACE       (140732500100928) leaving Pizza::getName in file `Pizza.hpp' on line 66
TRACE       (140732500100928) calling ClamPizza::prepare in file `ClamPizza.hpp' on line 26
TRACE          (140732500100928) calling Pizza::getName in file `Pizza.hpp' on line 66
TRACE          (140732500100928) leaving Pizza::getName in file `Pizza.hpp' on line 66
TRACE          (140732500100928) calling NYPizzaIngredientFactory::createDough in file `NYPizzaIngredientFactory.hpp' on line 18
TRACE          (140732500100928) leaving NYPizzaIngredientFactory::createDough in file `NYPizzaIngredientFactory.hpp' on line 18
TRACE          (140732500100928) calling NYPizzaIngredientFactory::createSauce in file `NYPizzaIngredientFactory.hpp' on line 23
TRACE          (140732500100928) leaving NYPizzaIngredientFactory::createSauce in file `NYPizzaIngredientFactory.hpp' on line 23
TRACE          (140732500100928) calling NYPizzaIngredientFactory::createCheese in file `NYPizzaIngredientFactory.hpp' on line 28
TRACE          (140732500100928) leaving NYPizzaIngredientFactory::createCheese in file `NYPizzaIngredientFactory.hpp' on line 28
TRACE          (140732500100928) calling NYPizzaIngredientFactory::createClam in file `NYPizzaIngredientFactory.hpp' on line 48
TRACE          (140732500100928) leaving NYPizzaIngredientFactory::createClam in file `NYPizzaIngredientFactory.hpp' on line 48
TRACE       (140732500100928) leaving ClamPizza::prepare in file `ClamPizza.hpp' on line 26
TRACE       (140732500100928) calling Pizza::bake in file `Pizza.hpp' on line 46
TRACE       (140732500100928) leaving Pizza::bake in file `Pizza.hpp' on line 46
TRACE       (140732500100928) calling Pizza::cut in file `Pizza.hpp' on line 51
TRACE       (140732500100928) leaving Pizza::cut in file `Pizza.hpp' on line 51
TRACE       (140732500100928) calling Pizza::box in file `Pizza.hpp' on line 56
TRACE       (140732500100928) leaving Pizza::box in file `Pizza.hpp' on line 56
TRACE    (140732500100928) leaving PizzaStore::orderPizza in file `PizzaStore.hpp' on line 27
TRACE    (140732500100928) calling PizzaIngredientFactory::~PizzaIngredientFactory in file `PizzaIngredientFactory.hpp' on line 24
TRACE    (140732500100928) leaving PizzaIngredientFactory::~PizzaIngredientFactory in file `PizzaIngredientFactory.hpp' on line 24
TRACE    (140732500100928) calling Pizza::~Pizza in file `Pizza.hpp' on line 37
TRACE    (140732500100928) leaving Pizza::~Pizza in file `Pizza.hpp' on line 37
TRACE    (140732500100928) calling Cheese::~Cheese in file `Cheese.hpp' on line 17
TRACE    (140732500100928) leaving Cheese::~Cheese in file `Cheese.hpp' on line 17
TRACE    (140732500100928) calling Sauce::~Sauce in file `Sauce.hpp' on line 18
TRACE    (140732500100928) leaving Sauce::~Sauce in file `Sauce.hpp' on line 18
TRACE    (140732500100928) calling Dough::~Dough in file `Dough.hpp' on line 18
TRACE    (140732500100928) leaving Dough::~Dough in file `Dough.hpp' on line 18
TRACE    (140732500100928) calling Pizza::toString in file `Pizza.hpp' on line 71
TRACE       (140732500100928) calling ThinCrustDough::toString in file `ThinCrustDough.hpp' on line 17
TRACE       (140732500100928) leaving ThinCrustDough::toString in file `ThinCrustDough.hpp' on line 17
TRACE       (140732500100928) calling MarinaraSauce::toString in file `MarinaraSauce.hpp' on line 18
TRACE       (140732500100928) leaving MarinaraSauce::toString in file `MarinaraSauce.hpp' on line 18
TRACE       (140732500100928) calling ReggianoCheese::toString in file `RegginanoCheese.hpp' on line 18
TRACE       (140732500100928) leaving ReggianoCheese::toString in file `RegginanoCheese.hpp' on line 18
TRACE       (140732500100928) calling FreshClams::toString in file `FreshClams.hpp' on line 18
TRACE       (140732500100928) leaving FreshClams::toString in file `FreshClams.hpp' on line 18
TRACE    (140732500100928) leaving Pizza::toString in file `Pizza.hpp' on line 71
TRACE    (140732500100928) calling PizzaStore::orderPizza in file `PizzaStore.hpp' on line 27
TRACE       (140732500100928) calling ChicagoPizzaStore::createPizza in file `ChicagoPizzaStore.hpp' on line 18
TRACE          (140732500100928) calling Pizza::Pizza in file `Pizza.hpp' on line 29
TRACE          (140732500100928) leaving Pizza::Pizza in file `Pizza.hpp' on line 29
TRACE          (140732500100928) calling ClamPizza::ClamPizza in file `ClamPizza.hpp' on line 22
TRACE          (140732500100928) leaving ClamPizza::ClamPizza in file `ClamPizza.hpp' on line 22
TRACE          (140732500100928) calling Pizza::setName in file `Pizza.hpp' on line 61
TRACE          (140732500100928) leaving Pizza::setName in file `Pizza.hpp' on line 61
TRACE       (140732500100928) leaving ChicagoPizzaStore::createPizza in file `ChicagoPizzaStore.hpp' on line 18
TRACE       (140732500100928) calling Pizza::getName in file `Pizza.hpp' on line 66
TRACE       (140732500100928) leaving Pizza::getName in file `Pizza.hpp' on line 66
TRACE       (140732500100928) calling ClamPizza::prepare in file `ClamPizza.hpp' on line 26
TRACE          (140732500100928) calling Pizza::getName in file `Pizza.hpp' on line 66
TRACE          (140732500100928) leaving Pizza::getName in file `Pizza.hpp' on line 66
TRACE          (140732500100928) calling NYPizzaIngredientFactory::createDough in file `NYPizzaIngredientFactory.hpp' on line 18
TRACE          (140732500100928) leaving NYPizzaIngredientFactory::createDough in file `NYPizzaIngredientFactory.hpp' on line 18
TRACE          (140732500100928) calling NYPizzaIngredientFactory::createSauce in file `NYPizzaIngredientFactory.hpp' on line 23
TRACE          (140732500100928) leaving NYPizzaIngredientFactory::createSauce in file `NYPizzaIngredientFactory.hpp' on line 23
TRACE          (140732500100928) calling NYPizzaIngredientFactory::createCheese in file `NYPizzaIngredientFactory.hpp' on line 28
TRACE          (140732500100928) leaving NYPizzaIngredientFactory::createCheese in file `NYPizzaIngredientFactory.hpp' on line 28
TRACE          (140732500100928) calling NYPizzaIngredientFactory::createClam in file `NYPizzaIngredientFactory.hpp' on line 48
TRACE          (140732500100928) leaving NYPizzaIngredientFactory::createClam in file `NYPizzaIngredientFactory.hpp' on line 48
TRACE       (140732500100928) leaving ClamPizza::prepare in file `ClamPizza.hpp' on line 26
TRACE       (140732500100928) calling Pizza::bake in file `Pizza.hpp' on line 46
TRACE       (140732500100928) leaving Pizza::bake in file `Pizza.hpp' on line 46
TRACE       (140732500100928) calling Pizza::cut in file `Pizza.hpp' on line 51
TRACE       (140732500100928) leaving Pizza::cut in file `Pizza.hpp' on line 51
TRACE       (140732500100928) calling Pizza::box in file `Pizza.hpp' on line 56
TRACE       (140732500100928) leaving Pizza::box in file `Pizza.hpp' on line 56
TRACE    (140732500100928) leaving PizzaStore::orderPizza in file `PizzaStore.hpp' on line 27
TRACE    (140732500100928) calling PizzaIngredientFactory::~PizzaIngredientFactory in file `PizzaIngredientFactory.hpp' on line 24
TRACE    (140732500100928) leaving PizzaIngredientFactory::~PizzaIngredientFactory in file `PizzaIngredientFactory.hpp' on line 24
TRACE    (140732500100928) calling Pizza::~Pizza in file `Pizza.hpp' on line 37
TRACE    (140732500100928) leaving Pizza::~Pizza in file `Pizza.hpp' on line 37
TRACE    (140732500100928) calling Clams::~Clams in file `Clams.hpp' on line 18
TRACE    (140732500100928) leaving Clams::~Clams in file `Clams.hpp' on line 18
TRACE    (140732500100928) calling Cheese::~Cheese in file `Cheese.hpp' on line 17
TRACE    (140732500100928) leaving Cheese::~Cheese in file `Cheese.hpp' on line 17
TRACE    (140732500100928) calling Sauce::~Sauce in file `Sauce.hpp' on line 18
TRACE    (140732500100928) leaving Sauce::~Sauce in file `Sauce.hpp' on line 18
TRACE    (140732500100928) calling Dough::~Dough in file `Dough.hpp' on line 18
TRACE    (140732500100928) leaving Dough::~Dough in file `Dough.hpp' on line 18
TRACE    (140732500100928) calling Pizza::toString in file `Pizza.hpp' on line 71
TRACE       (140732500100928) calling ThinCrustDough::toString in file `ThinCrustDough.hpp' on line 17
TRACE       (140732500100928) leaving ThinCrustDough::toString in file `ThinCrustDough.hpp' on line 17
TRACE       (140732500100928) calling MarinaraSauce::toString in file `MarinaraSauce.hpp' on line 18
TRACE       (140732500100928) leaving MarinaraSauce::toString in file `MarinaraSauce.hpp' on line 18
TRACE       (140732500100928) calling ReggianoCheese::toString in file `RegginanoCheese.hpp' on line 18
TRACE       (140732500100928) leaving ReggianoCheese::toString in file `RegginanoCheese.hpp' on line 18
TRACE       (140732500100928) calling FreshClams::toString in file `FreshClams.hpp' on line 18
TRACE       (140732500100928) leaving FreshClams::toString in file `FreshClams.hpp' on line 18
TRACE    (140732500100928) leaving Pizza::toString in file `Pizza.hpp' on line 71
TRACE    (140732500100928) calling PizzaStore::orderPizza in file `PizzaStore.hpp' on line 27
TRACE       (140732500100928) calling NYPizzaStore::createPizza in file `NYPizzaStore.hpp' on line 18
TRACE          (140732500100928) calling Pizza::Pizza in file `Pizza.hpp' on line 29
TRACE          (140732500100928) leaving Pizza::Pizza in file `Pizza.hpp' on line 29
TRACE          (140732500100928) calling PepperoniPizza::PepperoniPizza in file `PepperoniPizza.hpp' on line 22
TRACE          (140732500100928) leaving PepperoniPizza::PepperoniPizza in file `PepperoniPizza.hpp' on line 22
TRACE          (140732500100928) calling Pizza::setName in file `Pizza.hpp' on line 61
TRACE          (140732500100928) leaving Pizza::setName in file `Pizza.hpp' on line 61
TRACE       (140732500100928) leaving NYPizzaStore::createPizza in file `NYPizzaStore.hpp' on line 18
TRACE       (140732500100928) calling Pizza::getName in file `Pizza.hpp' on line 66
TRACE       (140732500100928) leaving Pizza::getName in file `Pizza.hpp' on line 66
TRACE       (140732500100928) calling PepperoniPizza::prepare in file `PepperoniPizza.hpp' on line 26
TRACE          (140732500100928) calling Pizza::getName in file `Pizza.hpp' on line 66
TRACE          (140732500100928) leaving Pizza::getName in file `Pizza.hpp' on line 66
TRACE          (140732500100928) calling NYPizzaIngredientFactory::createDough in file `NYPizzaIngredientFactory.hpp' on line 18
TRACE          (140732500100928) leaving NYPizzaIngredientFactory::createDough in file `NYPizzaIngredientFactory.hpp' on line 18
TRACE          (140732500100928) calling NYPizzaIngredientFactory::createSauce in file `NYPizzaIngredientFactory.hpp' on line 23
TRACE          (140732500100928) leaving NYPizzaIngredientFactory::createSauce in file `NYPizzaIngredientFactory.hpp' on line 23
TRACE          (140732500100928) calling NYPizzaIngredientFactory::createCheese in file `NYPizzaIngredientFactory.hpp' on line 28
TRACE          (140732500100928) leaving NYPizzaIngredientFactory::createCheese in file `NYPizzaIngredientFactory.hpp' on line 28
TRACE          (140732500100928) calling NYPizzaIngredientFactory::createPepperoni in file `NYPizzaIngredientFactory.hpp' on line 43
TRACE          (140732500100928) leaving NYPizzaIngredientFactory::createPepperoni in file `NYPizzaIngredientFactory.hpp' on line 43
TRACE          (140732500100928) calling NYPizzaIngredientFactory::createVeggies in file `NYPizzaIngredientFactory.hpp' on line 33
TRACE          (140732500100928) leaving NYPizzaIngredientFactory::createVeggies in file `NYPizzaIngredientFactory.hpp' on line 33
TRACE       (140732500100928) leaving PepperoniPizza::prepare in file `PepperoniPizza.hpp' on line 26
TRACE       (140732500100928) calling Pizza::bake in file `Pizza.hpp' on line 46
TRACE       (140732500100928) leaving Pizza::bake in file `Pizza.hpp' on line 46
TRACE       (140732500100928) calling Pizza::cut in file `Pizza.hpp' on line 51
TRACE       (140732500100928) leaving Pizza::cut in file `Pizza.hpp' on line 51
TRACE       (140732500100928) calling Pizza::box in file `Pizza.hpp' on line 56
TRACE       (140732500100928) leaving Pizza::box in file `Pizza.hpp' on line 56
TRACE    (140732500100928) leaving PizzaStore::orderPizza in file `PizzaStore.hpp' on line 27
TRACE    (140732500100928) calling PizzaIngredientFactory::~PizzaIngredientFactory in file `PizzaIngredientFactory.hpp' on line 24
TRACE    (140732500100928) leaving PizzaIngredientFactory::~PizzaIngredientFactory in file `PizzaIngredientFactory.hpp' on line 24
TRACE    (140732500100928) calling Pizza::~Pizza in file `Pizza.hpp' on line 37
TRACE    (140732500100928) leaving Pizza::~Pizza in file `Pizza.hpp' on line 37
TRACE    (140732500100928) calling Clams::~Clams in file `Clams.hpp' on line 18
TRACE    (140732500100928) leaving Clams::~Clams in file `Clams.hpp' on line 18
TRACE    (140732500100928) calling Cheese::~Cheese in file `Cheese.hpp' on line 17
TRACE    (140732500100928) leaving Cheese::~Cheese in file `Cheese.hpp' on line 17
TRACE    (140732500100928) calling Sauce::~Sauce in file `Sauce.hpp' on line 18
TRACE    (140732500100928) leaving Sauce::~Sauce in file `Sauce.hpp' on line 18
TRACE    (140732500100928) calling Dough::~Dough in file `Dough.hpp' on line 18
TRACE    (140732500100928) leaving Dough::~Dough in file `Dough.hpp' on line 18
TRACE    (140732500100928) calling Pizza::toString in file `Pizza.hpp' on line 71
TRACE       (140732500100928) calling ThinCrustDough::toString in file `ThinCrustDough.hpp' on line 17
TRACE       (140732500100928) leaving ThinCrustDough::toString in file `ThinCrustDough.hpp' on line 17
TRACE       (140732500100928) calling MarinaraSauce::toString in file `MarinaraSauce.hpp' on line 18
TRACE       (140732500100928) leaving MarinaraSauce::toString in file `MarinaraSauce.hpp' on line 18
TRACE       (140732500100928) calling ReggianoCheese::toString in file `RegginanoCheese.hpp' on line 18
TRACE       (140732500100928) leaving ReggianoCheese::toString in file `RegginanoCheese.hpp' on line 18
TRACE       (140732500100928) calling SlicedPepperoni::toString in file `SlicedPepperoni.hpp' on line 18
TRACE       (140732500100928) leaving SlicedPepperoni::toString in file `SlicedPepperoni.hpp' on line 18
TRACE       (140732500100928) calling Garlic::toString in file `Garlic.hpp' on line 18
TRACE       (140732500100928) leaving Garlic::toString in file `Garlic.hpp' on line 18
TRACE       (140732500100928) calling Onion::toString in file `Onion.hpp' on line 18
TRACE       (140732500100928) leaving Onion::toString in file `Onion.hpp' on line 18
TRACE       (140732500100928) calling Mushroom::toString in file `Mushroom.hpp' on line 18
TRACE       (140732500100928) leaving Mushroom::toString in file `Mushroom.hpp' on line 18
TRACE       (140732500100928) calling RedPepper::toString in file `RedPepper.hpp' on line 18
TRACE       (140732500100928) leaving RedPepper::toString in file `RedPepper.hpp' on line 18
TRACE    (140732500100928) leaving Pizza::toString in file `Pizza.hpp' on line 71
TRACE    (140732500100928) calling PizzaStore::orderPizza in file `PizzaStore.hpp' on line 27
TRACE       (140732500100928) calling ChicagoPizzaStore::createPizza in file `ChicagoPizzaStore.hpp' on line 18
TRACE          (140732500100928) calling Pizza::Pizza in file `Pizza.hpp' on line 29
TRACE          (140732500100928) leaving Pizza::Pizza in file `Pizza.hpp' on line 29
TRACE          (140732500100928) calling PepperoniPizza::PepperoniPizza in file `PepperoniPizza.hpp' on line 22
TRACE          (140732500100928) leaving PepperoniPizza::PepperoniPizza in file `PepperoniPizza.hpp' on line 22
TRACE          (140732500100928) calling Pizza::setName in file `Pizza.hpp' on line 61
TRACE          (140732500100928) leaving Pizza::setName in file `Pizza.hpp' on line 61
TRACE       (140732500100928) leaving ChicagoPizzaStore::createPizza in file `ChicagoPizzaStore.hpp' on line 18
TRACE       (140732500100928) calling Pizza::getName in file `Pizza.hpp' on line 66
TRACE       (140732500100928) leaving Pizza::getName in file `Pizza.hpp' on line 66
TRACE       (140732500100928) calling PepperoniPizza::prepare in file `PepperoniPizza.hpp' on line 26
TRACE          (140732500100928) calling Pizza::getName in file `Pizza.hpp' on line 66
TRACE          (140732500100928) leaving Pizza::getName in file `Pizza.hpp' on line 66
TRACE          (140732500100928) calling NYPizzaIngredientFactory::createDough in file `NYPizzaIngredientFactory.hpp' on line 18
TRACE          (140732500100928) leaving NYPizzaIngredientFactory::createDough in file `NYPizzaIngredientFactory.hpp' on line 18
TRACE          (140732500100928) calling NYPizzaIngredientFactory::createSauce in file `NYPizzaIngredientFactory.hpp' on line 23
TRACE          (140732500100928) leaving NYPizzaIngredientFactory::createSauce in file `NYPizzaIngredientFactory.hpp' on line 23
TRACE          (140732500100928) calling NYPizzaIngredientFactory::createCheese in file `NYPizzaIngredientFactory.hpp' on line 28
TRACE          (140732500100928) leaving NYPizzaIngredientFactory::createCheese in file `NYPizzaIngredientFactory.hpp' on line 28
TRACE          (140732500100928) calling NYPizzaIngredientFactory::createPepperoni in file `NYPizzaIngredientFactory.hpp' on line 43
TRACE          (140732500100928) leaving NYPizzaIngredientFactory::createPepperoni in file `NYPizzaIngredientFactory.hpp' on line 43
TRACE          (140732500100928) calling NYPizzaIngredientFactory::createVeggies in file `NYPizzaIngredientFactory.hpp' on line 33
TRACE          (140732500100928) leaving NYPizzaIngredientFactory::createVeggies in file `NYPizzaIngredientFactory.hpp' on line 33
TRACE       (140732500100928) leaving PepperoniPizza::prepare in file `PepperoniPizza.hpp' on line 26
TRACE       (140732500100928) calling Pizza::bake in file `Pizza.hpp' on line 46
TRACE       (140732500100928) leaving Pizza::bake in file `Pizza.hpp' on line 46
TRACE       (140732500100928) calling Pizza::cut in file `Pizza.hpp' on line 51
TRACE       (140732500100928) leaving Pizza::cut in file `Pizza.hpp' on line 51
TRACE       (140732500100928) calling Pizza::box in file `Pizza.hpp' on line 56
TRACE       (140732500100928) leaving Pizza::box in file `Pizza.hpp' on line 56
TRACE    (140732500100928) leaving PizzaStore::orderPizza in file `PizzaStore.hpp' on line 27
TRACE    (140732500100928) calling PizzaIngredientFactory::~PizzaIngredientFactory in file `PizzaIngredientFactory.hpp' on line 24
TRACE    (140732500100928) leaving PizzaIngredientFactory::~PizzaIngredientFactory in file `PizzaIngredientFactory.hpp' on line 24
TRACE    (140732500100928) calling Pizza::~Pizza in file `Pizza.hpp' on line 37
TRACE       (140732500100928) calling Veggies::~Veggies in file `Veggies.hpp' on line 18
TRACE       (140732500100928) leaving Veggies::~Veggies in file `Veggies.hpp' on line 18
TRACE       (140732500100928) calling Veggies::~Veggies in file `Veggies.hpp' on line 18
TRACE       (140732500100928) leaving Veggies::~Veggies in file `Veggies.hpp' on line 18
TRACE       (140732500100928) calling Veggies::~Veggies in file `Veggies.hpp' on line 18
TRACE       (140732500100928) leaving Veggies::~Veggies in file `Veggies.hpp' on line 18
TRACE       (140732500100928) calling Veggies::~Veggies in file `Veggies.hpp' on line 18
TRACE       (140732500100928) leaving Veggies::~Veggies in file `Veggies.hpp' on line 18
TRACE    (140732500100928) leaving Pizza::~Pizza in file `Pizza.hpp' on line 37
TRACE    (140732500100928) calling Pepperoni::~Pepperoni in file `Pepperoni.hpp' on line 18
TRACE    (140732500100928) leaving Pepperoni::~Pepperoni in file `Pepperoni.hpp' on line 18
TRACE    (140732500100928) calling Cheese::~Cheese in file `Cheese.hpp' on line 17
TRACE    (140732500100928) leaving Cheese::~Cheese in file `Cheese.hpp' on line 17
TRACE    (140732500100928) calling Sauce::~Sauce in file `Sauce.hpp' on line 18
TRACE    (140732500100928) leaving Sauce::~Sauce in file `Sauce.hpp' on line 18
TRACE    (140732500100928) calling Dough::~Dough in file `Dough.hpp' on line 18
TRACE    (140732500100928) leaving Dough::~Dough in file `Dough.hpp' on line 18
TRACE    (140732500100928) calling Pizza::toString in file `Pizza.hpp' on line 71
TRACE       (140732500100928) calling ThinCrustDough::toString in file `ThinCrustDough.hpp' on line 17
TRACE       (140732500100928) leaving ThinCrustDough::toString in file `ThinCrustDough.hpp' on line 17
TRACE       (140732500100928) calling MarinaraSauce::toString in file `MarinaraSauce.hpp' on line 18
TRACE       (140732500100928) leaving MarinaraSauce::toString in file `MarinaraSauce.hpp' on line 18
TRACE       (140732500100928) calling ReggianoCheese::toString in file `RegginanoCheese.hpp' on line 18
TRACE       (140732500100928) leaving ReggianoCheese::toString in file `RegginanoCheese.hpp' on line 18
TRACE       (140732500100928) calling SlicedPepperoni::toString in file `SlicedPepperoni.hpp' on line 18
TRACE       (140732500100928) leaving SlicedPepperoni::toString in file `SlicedPepperoni.hpp' on line 18
TRACE       (140732500100928) calling Garlic::toString in file `Garlic.hpp' on line 18
TRACE       (140732500100928) leaving Garlic::toString in file `Garlic.hpp' on line 18
TRACE       (140732500100928) calling Onion::toString in file `Onion.hpp' on line 18
TRACE       (140732500100928) leaving Onion::toString in file `Onion.hpp' on line 18
TRACE       (140732500100928) calling Mushroom::toString in file `Mushroom.hpp' on line 18
TRACE       (140732500100928) leaving Mushroom::toString in file `Mushroom.hpp' on line 18
TRACE       (140732500100928) calling RedPepper::toString in file `RedPepper.hpp' on line 18
TRACE       (140732500100928) leaving RedPepper::toString in file `RedPepper.hpp' on line 18
TRACE    (140732500100928) leaving Pizza::toString in file `Pizza.hpp' on line 71
TRACE    (140732500100928) calling PizzaStore::orderPizza in file `PizzaStore.hpp' on line 27
TRACE       (140732500100928) calling NYPizzaStore::createPizza in file `NYPizzaStore.hpp' on line 18
TRACE          (140732500100928) calling Pizza::Pizza in file `Pizza.hpp' on line 29
TRACE          (140732500100928) leaving Pizza::Pizza in file `Pizza.hpp' on line 29
TRACE          (140732500100928) calling VeggiePizza::VeggiePizza in file `VeggiePizza.hpp' on line 22
TRACE          (140732500100928) leaving VeggiePizza::VeggiePizza in file `VeggiePizza.hpp' on line 22
TRACE          (140732500100928) calling Pizza::setName in file `Pizza.hpp' on line 61
TRACE          (140732500100928) leaving Pizza::setName in file `Pizza.hpp' on line 61
TRACE       (140732500100928) leaving NYPizzaStore::createPizza in file `NYPizzaStore.hpp' on line 18
TRACE       (140732500100928) calling Pizza::getName in file `Pizza.hpp' on line 66
TRACE       (140732500100928) leaving Pizza::getName in file `Pizza.hpp' on line 66
TRACE       (140732500100928) calling VeggiePizza::prepare in file `VeggiePizza.hpp' on line 27
TRACE          (140732500100928) calling Pizza::getName in file `Pizza.hpp' on line 66
TRACE          (140732500100928) leaving Pizza::getName in file `Pizza.hpp' on line 66
TRACE          (140732500100928) calling NYPizzaIngredientFactory::createDough in file `NYPizzaIngredientFactory.hpp' on line 18
TRACE          (140732500100928) leaving NYPizzaIngredientFactory::createDough in file `NYPizzaIngredientFactory.hpp' on line 18
TRACE          (140732500100928) calling NYPizzaIngredientFactory::createSauce in file `NYPizzaIngredientFactory.hpp' on line 23
TRACE          (140732500100928) leaving NYPizzaIngredientFactory::createSauce in file `NYPizzaIngredientFactory.hpp' on line 23
TRACE          (140732500100928) calling NYPizzaIngredientFactory::createCheese in file `NYPizzaIngredientFactory.hpp' on line 28
TRACE          (140732500100928) leaving NYPizzaIngredientFactory::createCheese in file `NYPizzaIngredientFactory.hpp' on line 28
TRACE          (140732500100928) calling NYPizzaIngredientFactory::createVeggies in file `NYPizzaIngredientFactory.hpp' on line 33
TRACE          (140732500100928) leaving NYPizzaIngredientFactory::createVeggies in file `NYPizzaIngredientFactory.hpp' on line 33
TRACE       (140732500100928) leaving VeggiePizza::prepare in file `VeggiePizza.hpp' on line 27
TRACE       (140732500100928) calling Pizza::bake in file `Pizza.hpp' on line 46
TRACE       (140732500100928) leaving Pizza::bake in file `Pizza.hpp' on line 46
TRACE       (140732500100928) calling Pizza::cut in file `Pizza.hpp' on line 51
TRACE       (140732500100928) leaving Pizza::cut in file `Pizza.hpp' on line 51
TRACE       (140732500100928) calling Pizza::box in file `Pizza.hpp' on line 56
TRACE       (140732500100928) leaving Pizza::box in file `Pizza.hpp' on line 56
TRACE    (140732500100928) leaving PizzaStore::orderPizza in file `PizzaStore.hpp' on line 27
TRACE    (140732500100928) calling PizzaIngredientFactory::~PizzaIngredientFactory in file `PizzaIngredientFactory.hpp' on line 24
TRACE    (140732500100928) leaving PizzaIngredientFactory::~PizzaIngredientFactory in file `PizzaIngredientFactory.hpp' on line 24
TRACE    (140732500100928) calling Pizza::~Pizza in file `Pizza.hpp' on line 37
TRACE       (140732500100928) calling Veggies::~Veggies in file `Veggies.hpp' on line 18
TRACE       (140732500100928) leaving Veggies::~Veggies in file `Veggies.hpp' on line 18
TRACE       (140732500100928) calling Veggies::~Veggies in file `Veggies.hpp' on line 18
TRACE       (140732500100928) leaving Veggies::~Veggies in file `Veggies.hpp' on line 18
TRACE       (140732500100928) calling Veggies::~Veggies in file `Veggies.hpp' on line 18
TRACE       (140732500100928) leaving Veggies::~Veggies in file `Veggies.hpp' on line 18
TRACE       (140732500100928) calling Veggies::~Veggies in file `Veggies.hpp' on line 18
TRACE       (140732500100928) leaving Veggies::~Veggies in file `Veggies.hpp' on line 18
TRACE    (140732500100928) leaving Pizza::~Pizza in file `Pizza.hpp' on line 37
TRACE    (140732500100928) calling Pepperoni::~Pepperoni in file `Pepperoni.hpp' on line 18
TRACE    (140732500100928) leaving Pepperoni::~Pepperoni in file `Pepperoni.hpp' on line 18
TRACE    (140732500100928) calling Cheese::~Cheese in file `Cheese.hpp' on line 17
TRACE    (140732500100928) leaving Cheese::~Cheese in file `Cheese.hpp' on line 17
TRACE    (140732500100928) calling Sauce::~Sauce in file `Sauce.hpp' on line 18
TRACE    (140732500100928) leaving Sauce::~Sauce in file `Sauce.hpp' on line 18
TRACE    (140732500100928) calling Dough::~Dough in file `Dough.hpp' on line 18
TRACE    (140732500100928) leaving Dough::~Dough in file `Dough.hpp' on line 18
TRACE    (140732500100928) calling Pizza::toString in file `Pizza.hpp' on line 71
TRACE       (140732500100928) calling ThinCrustDough::toString in file `ThinCrustDough.hpp' on line 17
TRACE       (140732500100928) leaving ThinCrustDough::toString in file `ThinCrustDough.hpp' on line 17
TRACE       (140732500100928) calling MarinaraSauce::toString in file `MarinaraSauce.hpp' on line 18
TRACE       (140732500100928) leaving MarinaraSauce::toString in file `MarinaraSauce.hpp' on line 18
TRACE       (140732500100928) calling ReggianoCheese::toString in file `RegginanoCheese.hpp' on line 18
TRACE       (140732500100928) leaving ReggianoCheese::toString in file `RegginanoCheese.hpp' on line 18
TRACE       (140732500100928) calling Garlic::toString in file `Garlic.hpp' on line 18
TRACE       (140732500100928) leaving Garlic::toString in file `Garlic.hpp' on line 18
TRACE       (140732500100928) calling Onion::toString in file `Onion.hpp' on line 18
TRACE       (140732500100928) leaving Onion::toString in file `Onion.hpp' on line 18
TRACE       (140732500100928) calling Mushroom::toString in file `Mushroom.hpp' on line 18
TRACE       (140732500100928) leaving Mushroom::toString in file `Mushroom.hpp' on line 18
TRACE       (140732500100928) calling RedPepper::toString in file `RedPepper.hpp' on line 18
TRACE       (140732500100928) leaving RedPepper::toString in file `RedPepper.hpp' on line 18
TRACE    (140732500100928) leaving Pizza::toString in file `Pizza.hpp' on line 71
TRACE    (140732500100928) calling PizzaStore::orderPizza in file `PizzaStore.hpp' on line 27
TRACE       (140732500100928) calling ChicagoPizzaStore::createPizza in file `ChicagoPizzaStore.hpp' on line 18
TRACE          (140732500100928) calling Pizza::Pizza in file `Pizza.hpp' on line 29
TRACE          (140732500100928) leaving Pizza::Pizza in file `Pizza.hpp' on line 29
TRACE          (140732500100928) calling VeggiePizza::VeggiePizza in file `VeggiePizza.hpp' on line 22
TRACE          (140732500100928) leaving VeggiePizza::VeggiePizza in file `VeggiePizza.hpp' on line 22
TRACE          (140732500100928) calling Pizza::setName in file `Pizza.hpp' on line 61
TRACE          (140732500100928) leaving Pizza::setName in file `Pizza.hpp' on line 61
TRACE       (140732500100928) leaving ChicagoPizzaStore::createPizza in file `ChicagoPizzaStore.hpp' on line 18
TRACE       (140732500100928) calling Pizza::getName in file `Pizza.hpp' on line 66
TRACE       (140732500100928) leaving Pizza::getName in file `Pizza.hpp' on line 66
TRACE       (140732500100928) calling VeggiePizza::prepare in file `VeggiePizza.hpp' on line 27
TRACE          (140732500100928) calling Pizza::getName in file `Pizza.hpp' on line 66
TRACE          (140732500100928) leaving Pizza::getName in file `Pizza.hpp' on line 66
TRACE          (140732500100928) calling NYPizzaIngredientFactory::createDough in file `NYPizzaIngredientFactory.hpp' on line 18
TRACE          (140732500100928) leaving NYPizzaIngredientFactory::createDough in file `NYPizzaIngredientFactory.hpp' on line 18
TRACE          (140732500100928) calling NYPizzaIngredientFactory::createSauce in file `NYPizzaIngredientFactory.hpp' on line 23
TRACE          (140732500100928) leaving NYPizzaIngredientFactory::createSauce in file `NYPizzaIngredientFactory.hpp' on line 23
TRACE          (140732500100928) calling NYPizzaIngredientFactory::createCheese in file `NYPizzaIngredientFactory.hpp' on line 28
TRACE          (140732500100928) leaving NYPizzaIngredientFactory::createCheese in file `NYPizzaIngredientFactory.hpp' on line 28
TRACE          (140732500100928) calling NYPizzaIngredientFactory::createVeggies in file `NYPizzaIngredientFactory.hpp' on line 33
TRACE          (140732500100928) leaving NYPizzaIngredientFactory::createVeggies in file `NYPizzaIngredientFactory.hpp' on line 33
TRACE       (140732500100928) leaving VeggiePizza::prepare in file `VeggiePizza.hpp' on line 27
TRACE       (140732500100928) calling Pizza::bake in file `Pizza.hpp' on line 46
TRACE       (140732500100928) leaving Pizza::bake in file `Pizza.hpp' on line 46
TRACE       (140732500100928) calling Pizza::cut in file `Pizza.hpp' on line 51
TRACE       (140732500100928) leaving Pizza::cut in file `Pizza.hpp' on line 51
TRACE       (140732500100928) calling Pizza::box in file `Pizza.hpp' on line 56
TRACE       (140732500100928) leaving Pizza::box in file `Pizza.hpp' on line 56
TRACE    (140732500100928) leaving PizzaStore::orderPizza in file `PizzaStore.hpp' on line 27
TRACE    (140732500100928) calling PizzaIngredientFactory::~PizzaIngredientFactory in file `PizzaIngredientFactory.hpp' on line 24
TRACE    (140732500100928) leaving PizzaIngredientFactory::~PizzaIngredientFactory in file `PizzaIngredientFactory.hpp' on line 24
TRACE    (140732500100928) calling Pizza::~Pizza in file `Pizza.hpp' on line 37
TRACE       (140732500100928) calling Veggies::~Veggies in file `Veggies.hpp' on line 18
TRACE       (140732500100928) leaving Veggies::~Veggies in file `Veggies.hpp' on line 18
TRACE       (140732500100928) calling Veggies::~Veggies in file `Veggies.hpp' on line 18
TRACE       (140732500100928) leaving Veggies::~Veggies in file `Veggies.hpp' on line 18
TRACE       (140732500100928) calling Veggies::~Veggies in file `Veggies.hpp' on line 18
TRACE       (140732500100928) leaving Veggies::~Veggies in file `Veggies.hpp' on line 18
TRACE       (140732500100928) calling Veggies::~Veggies in file `Veggies.hpp' on line 18
TRACE       (140732500100928) leaving Veggies::~Veggies in file `Veggies.hpp' on line 18
TRACE    (140732500100928) leaving Pizza::~Pizza in file `Pizza.hpp' on line 37
TRACE    (140732500100928) calling Cheese::~Cheese in file `Cheese.hpp' on line 17
TRACE    (140732500100928) leaving Cheese::~Cheese in file `Cheese.hpp' on line 17
TRACE    (140732500100928) calling Sauce::~Sauce in file `Sauce.hpp' on line 18
TRACE    (140732500100928) leaving Sauce::~Sauce in file `Sauce.hpp' on line 18
TRACE    (140732500100928) calling Dough::~Dough in file `Dough.hpp' on line 18
TRACE    (140732500100928) leaving Dough::~Dough in file `Dough.hpp' on line 18
TRACE    (140732500100928) calling Pizza::toString in file `Pizza.hpp' on line 71
TRACE       (140732500100928) calling ThinCrustDough::toString in file `ThinCrustDough.hpp' on line 17
TRACE       (140732500100928) leaving ThinCrustDough::toString in file `ThinCrustDough.hpp' on line 17
TRACE       (140732500100928) calling MarinaraSauce::toString in file `MarinaraSauce.hpp' on line 18
TRACE       (140732500100928) leaving MarinaraSauce::toString in file `MarinaraSauce.hpp' on line 18
TRACE       (140732500100928) calling ReggianoCheese::toString in file `RegginanoCheese.hpp' on line 18
TRACE       (140732500100928) leaving ReggianoCheese::toString in file `RegginanoCheese.hpp' on line 18
TRACE       (140732500100928) calling Garlic::toString in file `Garlic.hpp' on line 18
TRACE       (140732500100928) leaving Garlic::toString in file `Garlic.hpp' on line 18
TRACE       (140732500100928) calling Onion::toString in file `Onion.hpp' on line 18
TRACE       (140732500100928) leaving Onion::toString in file `Onion.hpp' on line 18
TRACE       (140732500100928) calling Mushroom::toString in file `Mushroom.hpp' on line 18
TRACE       (140732500100928) leaving Mushroom::toString in file `Mushroom.hpp' on line 18
TRACE       (140732500100928) calling RedPepper::toString in file `RedPepper.hpp' on line 18
TRACE       (140732500100928) leaving RedPepper::toString in file `RedPepper.hpp' on line 18
TRACE    (140732500100928) leaving Pizza::toString in file `Pizza.hpp' on line 71
TRACE    (140732500100928) calling PizzaIngredientFactory::~PizzaIngredientFactory in file `PizzaIngredientFactory.hpp' on line 24
TRACE    (140732500100928) leaving PizzaIngredientFactory::~PizzaIngredientFactory in file `PizzaIngredientFactory.hpp' on line 24
TRACE    (140732500100928) calling Pizza::~Pizza in file `Pizza.hpp' on line 37
TRACE       (140732500100928) calling Veggies::~Veggies in file `Veggies.hpp' on line 18
TRACE       (140732500100928) leaving Veggies::~Veggies in file `Veggies.hpp' on line 18
TRACE       (140732500100928) calling Veggies::~Veggies in file `Veggies.hpp' on line 18
TRACE       (140732500100928) leaving Veggies::~Veggies in file `Veggies.hpp' on line 18
TRACE       (140732500100928) calling Veggies::~Veggies in file `Veggies.hpp' on line 18
TRACE       (140732500100928) leaving Veggies::~Veggies in file `Veggies.hpp' on line 18
TRACE       (140732500100928) calling Veggies::~Veggies in file `Veggies.hpp' on line 18
TRACE       (140732500100928) leaving Veggies::~Veggies in file `Veggies.hpp' on line 18
TRACE    (140732500100928) leaving Pizza::~Pizza in file `Pizza.hpp' on line 37
TRACE    (140732500100928) calling Cheese::~Cheese in file `Cheese.hpp' on line 17
TRACE    (140732500100928) leaving Cheese::~Cheese in file `Cheese.hpp' on line 17
TRACE    (140732500100928) calling Sauce::~Sauce in file `Sauce.hpp' on line 18
TRACE    (140732500100928) leaving Sauce::~Sauce in file `Sauce.hpp' on line 18
TRACE    (140732500100928) calling Dough::~Dough in file `Dough.hpp' on line 18
TRACE    (140732500100928) leaving Dough::~Dough in file `Dough.hpp' on line 18
TRACE    (140732500100928) calling PizzaStore::~PizzaStore in file `PizzaStore.hpp' on line 23
TRACE    (140732500100928) leaving PizzaStore::~PizzaStore in file `PizzaStore.hpp' on line 23
TRACE    (140732500100928) calling PizzaStore::~PizzaStore in file `PizzaStore.hpp' on line 23
TRACE    (140732500100928) leaving PizzaStore::~PizzaStore in file `PizzaStore.hpp' on line 23
TRACE (140732500100928) leaving main in file `Pizzaaf.cpp' on line 12
