TRACE (140084287141696) calling main in file `WeatherStation.cpp' on line 13
TRACE    (140084287141696) calling WeatherData::WeatherData in file `WeatherData.hpp' on line 27
TRACE    (140084287141696) leaving WeatherData::WeatherData in file `WeatherData.hpp' on line 27
TRACE    (140084287141696) calling CurrentConditionsDisplay::CurrentConditionsDisplay in file `CurrentConditionsDisplay.hpp' on line 27
TRACE       (140084287141696) calling WeatherData::registerObserver in file `WeatherData.hpp' on line 32
TRACE       (140084287141696) leaving WeatherData::registerObserver in file `WeatherData.hpp' on line 32
TRACE    (140084287141696) leaving CurrentConditionsDisplay::CurrentConditionsDisplay in file `CurrentConditionsDisplay.hpp' on line 27
TRACE    (140084287141696) calling StatisticsDisplay::StatisticsDisplay in file `StatisticsDisplay.hpp' on line 29
TRACE       (140084287141696) calling WeatherData::registerObserver in file `WeatherData.hpp' on line 32
TRACE       (140084287141696) leaving WeatherData::registerObserver in file `WeatherData.hpp' on line 32
TRACE    (140084287141696) leaving StatisticsDisplay::StatisticsDisplay in file `StatisticsDisplay.hpp' on line 29
TRACE    (140084287141696) calling ForecastDisplay::ForecastDisplay in file `ForecastDisplay.hpp' on line 27
TRACE       (140084287141696) calling WeatherData::registerObserver in file `WeatherData.hpp' on line 32
TRACE       (140084287141696) leaving WeatherData::registerObserver in file `WeatherData.hpp' on line 32
TRACE    (140084287141696) leaving ForecastDisplay::ForecastDisplay in file `ForecastDisplay.hpp' on line 27
TRACE    (140084287141696) calling HeatIndexDisplay::HeatIndexDisplay in file `HeatIndexDisplay.hpp' on line 45
TRACE       (140084287141696) calling WeatherData::registerObserver in file `WeatherData.hpp' on line 32
TRACE       (140084287141696) leaving WeatherData::registerObserver in file `WeatherData.hpp' on line 32
TRACE    (140084287141696) leaving HeatIndexDisplay::HeatIndexDisplay in file `HeatIndexDisplay.hpp' on line 45
TRACE    (140084287141696) calling WeatherData::setMeasurements in file `WeatherData.hpp' on line 57
TRACE       (140084287141696) calling WeatherData::measurementsChanged in file `WeatherData.hpp' on line 52
TRACE          (140084287141696) calling WeatherData::notifyObservers in file `WeatherData.hpp' on line 43
TRACE             (140084287141696) calling CurrentConditionsDisplay::update in file `CurrentConditionsDisplay.hpp' on line 38
TRACE                (140084287141696) calling CurrentConditionsDisplay::display in file `CurrentConditionsDisplay.hpp' on line 45
TRACE                (140084287141696) leaving CurrentConditionsDisplay::display in file `CurrentConditionsDisplay.hpp' on line 45
TRACE             (140084287141696) leaving CurrentConditionsDisplay::update in file `CurrentConditionsDisplay.hpp' on line 38
TRACE             (140084287141696) calling StatisticsDisplay::update in file `StatisticsDisplay.hpp' on line 39
TRACE                (140084287141696) calling StatisticsDisplay::display in file `StatisticsDisplay.hpp' on line 55
TRACE                (140084287141696) leaving StatisticsDisplay::display in file `StatisticsDisplay.hpp' on line 55
TRACE             (140084287141696) leaving StatisticsDisplay::update in file `StatisticsDisplay.hpp' on line 39
TRACE             (140084287141696) calling ForecastDisplay::update in file `ForecastDisplay.hpp' on line 37
TRACE                (140084287141696) calling ForecastDisplay::display in file `ForecastDisplay.hpp' on line 44
TRACE                (140084287141696) leaving ForecastDisplay::display in file `ForecastDisplay.hpp' on line 44
TRACE             (140084287141696) leaving ForecastDisplay::update in file `ForecastDisplay.hpp' on line 37
TRACE             (140084287141696) calling HeatIndexDisplay::update in file `HeatIndexDisplay.hpp' on line 55
TRACE                (140084287141696) calling HeatIndexDisplay::computeHeatIndex in file `HeatIndexDisplay.hpp' on line 22
TRACE                (140084287141696) leaving HeatIndexDisplay::computeHeatIndex in file `HeatIndexDisplay.hpp' on line 22
TRACE                (140084287141696) calling HeatIndexDisplay::display in file `HeatIndexDisplay.hpp' on line 62
TRACE                (140084287141696) leaving HeatIndexDisplay::display in file `HeatIndexDisplay.hpp' on line 62
TRACE             (140084287141696) leaving HeatIndexDisplay::update in file `HeatIndexDisplay.hpp' on line 55
TRACE          (140084287141696) leaving WeatherData::notifyObservers in file `WeatherData.hpp' on line 43
TRACE       (140084287141696) leaving WeatherData::measurementsChanged in file `WeatherData.hpp' on line 52
TRACE    (140084287141696) leaving WeatherData::setMeasurements in file `WeatherData.hpp' on line 57
TRACE    (140084287141696) calling WeatherData::setMeasurements in file `WeatherData.hpp' on line 57
TRACE       (140084287141696) calling WeatherData::measurementsChanged in file `WeatherData.hpp' on line 52
TRACE          (140084287141696) calling WeatherData::notifyObservers in file `WeatherData.hpp' on line 43
TRACE             (140084287141696) calling CurrentConditionsDisplay::update in file `CurrentConditionsDisplay.hpp' on line 38
TRACE                (140084287141696) calling CurrentConditionsDisplay::display in file `CurrentConditionsDisplay.hpp' on line 45
TRACE                (140084287141696) leaving CurrentConditionsDisplay::display in file `CurrentConditionsDisplay.hpp' on line 45
TRACE             (140084287141696) leaving CurrentConditionsDisplay::update in file `CurrentConditionsDisplay.hpp' on line 38
TRACE             (140084287141696) calling StatisticsDisplay::update in file `StatisticsDisplay.hpp' on line 39
TRACE                (140084287141696) calling StatisticsDisplay::display in file `StatisticsDisplay.hpp' on line 55
TRACE                (140084287141696) leaving StatisticsDisplay::display in file `StatisticsDisplay.hpp' on line 55
TRACE             (140084287141696) leaving StatisticsDisplay::update in file `StatisticsDisplay.hpp' on line 39
TRACE             (140084287141696) calling ForecastDisplay::update in file `ForecastDisplay.hpp' on line 37
TRACE                (140084287141696) calling ForecastDisplay::display in file `ForecastDisplay.hpp' on line 44
TRACE                (140084287141696) leaving ForecastDisplay::display in file `ForecastDisplay.hpp' on line 44
TRACE             (140084287141696) leaving ForecastDisplay::update in file `ForecastDisplay.hpp' on line 37
TRACE             (140084287141696) calling HeatIndexDisplay::update in file `HeatIndexDisplay.hpp' on line 55
TRACE                (140084287141696) calling HeatIndexDisplay::computeHeatIndex in file `HeatIndexDisplay.hpp' on line 22
TRACE                (140084287141696) leaving HeatIndexDisplay::computeHeatIndex in file `HeatIndexDisplay.hpp' on line 22
TRACE                (140084287141696) calling HeatIndexDisplay::display in file `HeatIndexDisplay.hpp' on line 62
TRACE                (140084287141696) leaving HeatIndexDisplay::display in file `HeatIndexDisplay.hpp' on line 62
TRACE             (140084287141696) leaving HeatIndexDisplay::update in file `HeatIndexDisplay.hpp' on line 55
TRACE          (140084287141696) leaving WeatherData::notifyObservers in file `WeatherData.hpp' on line 43
TRACE       (140084287141696) leaving WeatherData::measurementsChanged in file `WeatherData.hpp' on line 52
TRACE    (140084287141696) leaving WeatherData::setMeasurements in file `WeatherData.hpp' on line 57
TRACE    (140084287141696) calling WeatherData::setMeasurements in file `WeatherData.hpp' on line 57
TRACE       (140084287141696) calling WeatherData::measurementsChanged in file `WeatherData.hpp' on line 52
TRACE          (140084287141696) calling WeatherData::notifyObservers in file `WeatherData.hpp' on line 43
TRACE             (140084287141696) calling CurrentConditionsDisplay::update in file `CurrentConditionsDisplay.hpp' on line 38
TRACE                (140084287141696) calling CurrentConditionsDisplay::display in file `CurrentConditionsDisplay.hpp' on line 45
TRACE                (140084287141696) leaving CurrentConditionsDisplay::display in file `CurrentConditionsDisplay.hpp' on line 45
TRACE             (140084287141696) leaving CurrentConditionsDisplay::update in file `CurrentConditionsDisplay.hpp' on line 38
TRACE             (140084287141696) calling StatisticsDisplay::update in file `StatisticsDisplay.hpp' on line 39
TRACE                (140084287141696) calling StatisticsDisplay::display in file `StatisticsDisplay.hpp' on line 55
TRACE                (140084287141696) leaving StatisticsDisplay::display in file `StatisticsDisplay.hpp' on line 55
TRACE             (140084287141696) leaving StatisticsDisplay::update in file `StatisticsDisplay.hpp' on line 39
TRACE             (140084287141696) calling ForecastDisplay::update in file `ForecastDisplay.hpp' on line 37
TRACE                (140084287141696) calling ForecastDisplay::display in file `ForecastDisplay.hpp' on line 44
TRACE                (140084287141696) leaving ForecastDisplay::display in file `ForecastDisplay.hpp' on line 44
TRACE             (140084287141696) leaving ForecastDisplay::update in file `ForecastDisplay.hpp' on line 37
TRACE             (140084287141696) calling HeatIndexDisplay::update in file `HeatIndexDisplay.hpp' on line 55
TRACE                (140084287141696) calling HeatIndexDisplay::computeHeatIndex in file `HeatIndexDisplay.hpp' on line 22
TRACE                (140084287141696) leaving HeatIndexDisplay::computeHeatIndex in file `HeatIndexDisplay.hpp' on line 22
TRACE                (140084287141696) calling HeatIndexDisplay::display in file `HeatIndexDisplay.hpp' on line 62
TRACE                (140084287141696) leaving HeatIndexDisplay::display in file `HeatIndexDisplay.hpp' on line 62
TRACE             (140084287141696) leaving HeatIndexDisplay::update in file `HeatIndexDisplay.hpp' on line 55
TRACE          (140084287141696) leaving WeatherData::notifyObservers in file `WeatherData.hpp' on line 43
TRACE       (140084287141696) leaving WeatherData::measurementsChanged in file `WeatherData.hpp' on line 52
TRACE    (140084287141696) leaving WeatherData::setMeasurements in file `WeatherData.hpp' on line 57
TRACE    (140084287141696) calling HeatIndexDisplay::~HeatIndexDisplay in file `HeatIndexDisplay.hpp' on line 50
TRACE       (140084287141696) calling WeatherData::removeObserver in file `WeatherData.hpp' on line 38
TRACE       (140084287141696) leaving WeatherData::removeObserver in file `WeatherData.hpp' on line 38
TRACE    (140084287141696) leaving HeatIndexDisplay::~HeatIndexDisplay in file `HeatIndexDisplay.hpp' on line 50
TRACE    (140084287141696) calling DisplayElement::~DisplayElement in file `DisplayElement.hpp' on line 18
TRACE    (140084287141696) leaving DisplayElement::~DisplayElement in file `DisplayElement.hpp' on line 18
TRACE    (140084287141696) calling Observer::~Observer in file `Observer.hpp' on line 17
TRACE    (140084287141696) leaving Observer::~Observer in file `Observer.hpp' on line 17
TRACE    (140084287141696) calling ForecastDisplay::~ForecastDisplay in file `ForecastDisplay.hpp' on line 32
TRACE       (140084287141696) calling WeatherData::removeObserver in file `WeatherData.hpp' on line 38
TRACE       (140084287141696) leaving WeatherData::removeObserver in file `WeatherData.hpp' on line 38
TRACE    (140084287141696) leaving ForecastDisplay::~ForecastDisplay in file `ForecastDisplay.hpp' on line 32
TRACE    (140084287141696) calling DisplayElement::~DisplayElement in file `DisplayElement.hpp' on line 18
TRACE    (140084287141696) leaving DisplayElement::~DisplayElement in file `DisplayElement.hpp' on line 18
TRACE    (140084287141696) calling Observer::~Observer in file `Observer.hpp' on line 17
TRACE    (140084287141696) leaving Observer::~Observer in file `Observer.hpp' on line 17
TRACE    (140084287141696) calling StatisticsDisplay::~StatisticsDisplay in file `StatisticsDisplay.hpp' on line 34
TRACE       (140084287141696) calling WeatherData::removeObserver in file `WeatherData.hpp' on line 38
TRACE       (140084287141696) leaving WeatherData::removeObserver in file `WeatherData.hpp' on line 38
TRACE    (140084287141696) leaving StatisticsDisplay::~StatisticsDisplay in file `StatisticsDisplay.hpp' on line 34
TRACE    (140084287141696) calling DisplayElement::~DisplayElement in file `DisplayElement.hpp' on line 18
TRACE    (140084287141696) leaving DisplayElement::~DisplayElement in file `DisplayElement.hpp' on line 18
TRACE    (140084287141696) calling Observer::~Observer in file `Observer.hpp' on line 17
TRACE    (140084287141696) leaving Observer::~Observer in file `Observer.hpp' on line 17
TRACE    (140084287141696) calling CurrentConditionsDisplay::~CurrentConditionsDisplay in file `CurrentConditionsDisplay.hpp' on line 33
TRACE       (140084287141696) calling WeatherData::removeObserver in file `WeatherData.hpp' on line 38
TRACE       (140084287141696) leaving WeatherData::removeObserver in file `WeatherData.hpp' on line 38
TRACE    (140084287141696) leaving CurrentConditionsDisplay::~CurrentConditionsDisplay in file `CurrentConditionsDisplay.hpp' on line 33
TRACE    (140084287141696) calling DisplayElement::~DisplayElement in file `DisplayElement.hpp' on line 18
TRACE    (140084287141696) leaving DisplayElement::~DisplayElement in file `DisplayElement.hpp' on line 18
TRACE    (140084287141696) calling Observer::~Observer in file `Observer.hpp' on line 17
TRACE    (140084287141696) leaving Observer::~Observer in file `Observer.hpp' on line 17
TRACE    (140084287141696) calling Subject::~Subject in file `Subject.hpp' on line 17
TRACE    (140084287141696) leaving Subject::~Subject in file `Subject.hpp' on line 17
TRACE (140084287141696) leaving main in file `WeatherStation.cpp' on line 13
