TRACE (139985180456768) calling main in file `GumballStateWinner.cpp' on line 40
TRACE    (139985180456768) calling GumballMachine::GumballMachine in file `GumballStateWinner.cpp' on line 22
TRACE       (139985180456768) calling SoldOutState::SoldOutState in file `SoldOutState.hpp' on line 22
TRACE       (139985180456768) leaving SoldOutState::SoldOutState in file `SoldOutState.hpp' on line 22
TRACE       (139985180456768) calling NoQuarterState::NoQuarterState in file `NoQuarterState.hpp' on line 23
TRACE       (139985180456768) leaving NoQuarterState::NoQuarterState in file `NoQuarterState.hpp' on line 23
TRACE       (139985180456768) calling HasQuarterState::HasQuarterState in file `HasQuarterState.hpp' on line 31
TRACE       (139985180456768) leaving HasQuarterState::HasQuarterState in file `HasQuarterState.hpp' on line 31
TRACE       (139985180456768) calling SoldState::SoldState in file `SoldState.hpp' on line 23
TRACE       (139985180456768) leaving SoldState::SoldState in file `SoldState.hpp' on line 23
TRACE       (139985180456768) calling WinnerState::WinnerState in file `WinnerState.hpp' on line 23
TRACE       (139985180456768) leaving WinnerState::WinnerState in file `WinnerState.hpp' on line 23
TRACE    (139985180456768) leaving GumballMachine::GumballMachine in file `GumballStateWinner.cpp' on line 22
TRACE    (139985180456768) calling GumballMachine::toString in file `GumballMachine.hpp' on line 110
TRACE       (139985180456768) calling NoQuarterState::toString in file `NoQuarterState.hpp' on line 48
TRACE       (139985180456768) leaving NoQuarterState::toString in file `NoQuarterState.hpp' on line 48
TRACE    (139985180456768) leaving GumballMachine::toString in file `GumballMachine.hpp' on line 110

TRACE    (139985180456768) calling GumballMachine::insertQuarter in file `GumballMachine.hpp' on line 38
TRACE       (139985180456768) calling NoQuarterState::insertQuarter in file `NoQuarterState.hpp' on line 27
TRACE          (139985180456768) calling GumballMachine::getHasQuarterState in file `GumballMachine.hpp' on line 95
TRACE          (139985180456768) leaving GumballMachine::getHasQuarterState in file `GumballMachine.hpp' on line 95
TRACE          (139985180456768) calling GumballMachine::setState in file `GumballMachine.hpp' on line 55
TRACE          (139985180456768) leaving GumballMachine::setState in file `GumballMachine.hpp' on line 55
TRACE       (139985180456768) leaving NoQuarterState::insertQuarter in file `NoQuarterState.hpp' on line 27
TRACE    (139985180456768) leaving GumballMachine::insertQuarter in file `GumballMachine.hpp' on line 38

TRACE    (139985180456768) calling GumballMachine::turnCrank in file `GumballMachine.hpp' on line 48
TRACE       (139985180456768) calling HasQuarterState::turnCrank in file `HasQuarterState.hpp' on line 51
TRACE          (139985180456768) calling GumballMachine::getCount in file `GumballMachine.hpp' on line 68
TRACE          (139985180456768) leaving GumballMachine::getCount in file `GumballMachine.hpp' on line 68
TRACE          (139985180456768) calling GumballMachine::getWinnerState in file `GumballMachine.hpp' on line 105
TRACE          (139985180456768) leaving GumballMachine::getWinnerState in file `GumballMachine.hpp' on line 105
TRACE          (139985180456768) calling GumballMachine::setState in file `GumballMachine.hpp' on line 55
TRACE          (139985180456768) leaving GumballMachine::setState in file `GumballMachine.hpp' on line 55
TRACE       (139985180456768) leaving HasQuarterState::turnCrank in file `HasQuarterState.hpp' on line 51
TRACE       (139985180456768) calling WinnerState::dispense in file `WinnerState.hpp' on line 45
TRACE          (139985180456768) calling GumballMachine::releaseBall in file `GumballMachine.hpp' on line 60
TRACE          (139985180456768) leaving GumballMachine::releaseBall in file `GumballMachine.hpp' on line 60
TRACE          (139985180456768) calling GumballMachine::getCount in file `GumballMachine.hpp' on line 68
TRACE          (139985180456768) leaving GumballMachine::getCount in file `GumballMachine.hpp' on line 68
TRACE          (139985180456768) calling GumballMachine::releaseBall in file `GumballMachine.hpp' on line 60
TRACE          (139985180456768) leaving GumballMachine::releaseBall in file `GumballMachine.hpp' on line 60
TRACE          (139985180456768) calling GumballMachine::getCount in file `GumballMachine.hpp' on line 68
TRACE          (139985180456768) leaving GumballMachine::getCount in file `GumballMachine.hpp' on line 68
TRACE          (139985180456768) calling GumballMachine::getNoQuarterState in file `GumballMachine.hpp' on line 90
TRACE          (139985180456768) leaving GumballMachine::getNoQuarterState in file `GumballMachine.hpp' on line 90
TRACE          (139985180456768) calling GumballMachine::setState in file `GumballMachine.hpp' on line 55
TRACE          (139985180456768) leaving GumballMachine::setState in file `GumballMachine.hpp' on line 55
TRACE       (139985180456768) leaving WinnerState::dispense in file `WinnerState.hpp' on line 45
TRACE    (139985180456768) leaving GumballMachine::turnCrank in file `GumballMachine.hpp' on line 48

TRACE    (139985180456768) calling GumballMachine::insertQuarter in file `GumballMachine.hpp' on line 38
TRACE       (139985180456768) calling NoQuarterState::insertQuarter in file `NoQuarterState.hpp' on line 27
TRACE          (139985180456768) calling GumballMachine::getHasQuarterState in file `GumballMachine.hpp' on line 95
TRACE          (139985180456768) leaving GumballMachine::getHasQuarterState in file `GumballMachine.hpp' on line 95
TRACE          (139985180456768) calling GumballMachine::setState in file `GumballMachine.hpp' on line 55
TRACE          (139985180456768) leaving GumballMachine::setState in file `GumballMachine.hpp' on line 55
TRACE       (139985180456768) leaving NoQuarterState::insertQuarter in file `NoQuarterState.hpp' on line 27
TRACE    (139985180456768) leaving GumballMachine::insertQuarter in file `GumballMachine.hpp' on line 38
TRACE    (139985180456768) calling GumballMachine::turnCrank in file `GumballMachine.hpp' on line 48
TRACE       (139985180456768) calling HasQuarterState::turnCrank in file `HasQuarterState.hpp' on line 51
TRACE          (139985180456768) calling GumballMachine::getCount in file `GumballMachine.hpp' on line 68
TRACE          (139985180456768) leaving GumballMachine::getCount in file `GumballMachine.hpp' on line 68
TRACE          (139985180456768) calling GumballMachine::getWinnerState in file `GumballMachine.hpp' on line 105
TRACE          (139985180456768) leaving GumballMachine::getWinnerState in file `GumballMachine.hpp' on line 105
TRACE          (139985180456768) calling GumballMachine::setState in file `GumballMachine.hpp' on line 55
TRACE          (139985180456768) leaving GumballMachine::setState in file `GumballMachine.hpp' on line 55
TRACE       (139985180456768) leaving HasQuarterState::turnCrank in file `HasQuarterState.hpp' on line 51
TRACE       (139985180456768) calling WinnerState::dispense in file `WinnerState.hpp' on line 45
TRACE          (139985180456768) calling GumballMachine::releaseBall in file `GumballMachine.hpp' on line 60
TRACE          (139985180456768) leaving GumballMachine::releaseBall in file `GumballMachine.hpp' on line 60
TRACE          (139985180456768) calling GumballMachine::getCount in file `GumballMachine.hpp' on line 68
TRACE          (139985180456768) leaving GumballMachine::getCount in file `GumballMachine.hpp' on line 68
TRACE          (139985180456768) calling GumballMachine::releaseBall in file `GumballMachine.hpp' on line 60
TRACE          (139985180456768) leaving GumballMachine::releaseBall in file `GumballMachine.hpp' on line 60
TRACE          (139985180456768) calling GumballMachine::getCount in file `GumballMachine.hpp' on line 68
TRACE          (139985180456768) leaving GumballMachine::getCount in file `GumballMachine.hpp' on line 68
TRACE          (139985180456768) calling GumballMachine::getNoQuarterState in file `GumballMachine.hpp' on line 90
TRACE          (139985180456768) leaving GumballMachine::getNoQuarterState in file `GumballMachine.hpp' on line 90
TRACE          (139985180456768) calling GumballMachine::setState in file `GumballMachine.hpp' on line 55
TRACE          (139985180456768) leaving GumballMachine::setState in file `GumballMachine.hpp' on line 55
TRACE       (139985180456768) leaving WinnerState::dispense in file `WinnerState.hpp' on line 45
TRACE    (139985180456768) leaving GumballMachine::turnCrank in file `GumballMachine.hpp' on line 48
TRACE    (139985180456768) calling GumballMachine::toString in file `GumballMachine.hpp' on line 110
TRACE       (139985180456768) calling NoQuarterState::toString in file `NoQuarterState.hpp' on line 48
TRACE       (139985180456768) leaving NoQuarterState::toString in file `NoQuarterState.hpp' on line 48
TRACE    (139985180456768) leaving GumballMachine::toString in file `GumballMachine.hpp' on line 110
TRACE    (139985180456768) calling GumballMachine::insertQuarter in file `GumballMachine.hpp' on line 38
TRACE       (139985180456768) calling NoQuarterState::insertQuarter in file `NoQuarterState.hpp' on line 27
TRACE          (139985180456768) calling GumballMachine::getHasQuarterState in file `GumballMachine.hpp' on line 95
TRACE          (139985180456768) leaving GumballMachine::getHasQuarterState in file `GumballMachine.hpp' on line 95
TRACE          (139985180456768) calling GumballMachine::setState in file `GumballMachine.hpp' on line 55
TRACE          (139985180456768) leaving GumballMachine::setState in file `GumballMachine.hpp' on line 55
TRACE       (139985180456768) leaving NoQuarterState::insertQuarter in file `NoQuarterState.hpp' on line 27
TRACE    (139985180456768) leaving GumballMachine::insertQuarter in file `GumballMachine.hpp' on line 38
TRACE    (139985180456768) calling GumballMachine::turnCrank in file `GumballMachine.hpp' on line 48
TRACE       (139985180456768) calling HasQuarterState::turnCrank in file `HasQuarterState.hpp' on line 51
TRACE          (139985180456768) calling GumballMachine::getCount in file `GumballMachine.hpp' on line 68
TRACE          (139985180456768) leaving GumballMachine::getCount in file `GumballMachine.hpp' on line 68
TRACE          (139985180456768) calling GumballMachine::getWinnerState in file `GumballMachine.hpp' on line 105
TRACE          (139985180456768) leaving GumballMachine::getWinnerState in file `GumballMachine.hpp' on line 105
TRACE          (139985180456768) calling GumballMachine::setState in file `GumballMachine.hpp' on line 55
TRACE          (139985180456768) leaving GumballMachine::setState in file `GumballMachine.hpp' on line 55
TRACE       (139985180456768) leaving HasQuarterState::turnCrank in file `HasQuarterState.hpp' on line 51
TRACE       (139985180456768) calling WinnerState::dispense in file `WinnerState.hpp' on line 45
TRACE          (139985180456768) calling GumballMachine::releaseBall in file `GumballMachine.hpp' on line 60
TRACE          (139985180456768) leaving GumballMachine::releaseBall in file `GumballMachine.hpp' on line 60
TRACE          (139985180456768) calling GumballMachine::getCount in file `GumballMachine.hpp' on line 68
TRACE          (139985180456768) leaving GumballMachine::getCount in file `GumballMachine.hpp' on line 68
TRACE          (139985180456768) calling GumballMachine::releaseBall in file `GumballMachine.hpp' on line 60
TRACE          (139985180456768) leaving GumballMachine::releaseBall in file `GumballMachine.hpp' on line 60
TRACE          (139985180456768) calling GumballMachine::getCount in file `GumballMachine.hpp' on line 68
TRACE          (139985180456768) leaving GumballMachine::getCount in file `GumballMachine.hpp' on line 68
TRACE          (139985180456768) calling GumballMachine::getNoQuarterState in file `GumballMachine.hpp' on line 90
TRACE          (139985180456768) leaving GumballMachine::getNoQuarterState in file `GumballMachine.hpp' on line 90
TRACE          (139985180456768) calling GumballMachine::setState in file `GumballMachine.hpp' on line 55
TRACE          (139985180456768) leaving GumballMachine::setState in file `GumballMachine.hpp' on line 55
TRACE       (139985180456768) leaving WinnerState::dispense in file `WinnerState.hpp' on line 45
TRACE    (139985180456768) leaving GumballMachine::turnCrank in file `GumballMachine.hpp' on line 48
TRACE    (139985180456768) calling GumballMachine::insertQuarter in file `GumballMachine.hpp' on line 38
TRACE       (139985180456768) calling NoQuarterState::insertQuarter in file `NoQuarterState.hpp' on line 27
TRACE          (139985180456768) calling GumballMachine::getHasQuarterState in file `GumballMachine.hpp' on line 95
TRACE          (139985180456768) leaving GumballMachine::getHasQuarterState in file `GumballMachine.hpp' on line 95
TRACE          (139985180456768) calling GumballMachine::setState in file `GumballMachine.hpp' on line 55
TRACE          (139985180456768) leaving GumballMachine::setState in file `GumballMachine.hpp' on line 55
TRACE       (139985180456768) leaving NoQuarterState::insertQuarter in file `NoQuarterState.hpp' on line 27
TRACE    (139985180456768) leaving GumballMachine::insertQuarter in file `GumballMachine.hpp' on line 38
TRACE    (139985180456768) calling GumballMachine::turnCrank in file `GumballMachine.hpp' on line 48
TRACE       (139985180456768) calling HasQuarterState::turnCrank in file `HasQuarterState.hpp' on line 51
TRACE          (139985180456768) calling GumballMachine::getSoldState in file `GumballMachine.hpp' on line 100
TRACE          (139985180456768) leaving GumballMachine::getSoldState in file `GumballMachine.hpp' on line 100
TRACE          (139985180456768) calling GumballMachine::setState in file `GumballMachine.hpp' on line 55
TRACE          (139985180456768) leaving GumballMachine::setState in file `GumballMachine.hpp' on line 55
TRACE       (139985180456768) leaving HasQuarterState::turnCrank in file `HasQuarterState.hpp' on line 51
TRACE       (139985180456768) calling SoldState::dispense in file `SoldState.hpp' on line 44
TRACE          (139985180456768) calling GumballMachine::releaseBall in file `GumballMachine.hpp' on line 60
TRACE          (139985180456768) leaving GumballMachine::releaseBall in file `GumballMachine.hpp' on line 60
TRACE          (139985180456768) calling GumballMachine::getCount in file `GumballMachine.hpp' on line 68
TRACE          (139985180456768) leaving GumballMachine::getCount in file `GumballMachine.hpp' on line 68
TRACE          (139985180456768) calling GumballMachine::getNoQuarterState in file `GumballMachine.hpp' on line 90
TRACE          (139985180456768) leaving GumballMachine::getNoQuarterState in file `GumballMachine.hpp' on line 90
TRACE          (139985180456768) calling GumballMachine::setState in file `GumballMachine.hpp' on line 55
TRACE          (139985180456768) leaving GumballMachine::setState in file `GumballMachine.hpp' on line 55
TRACE       (139985180456768) leaving SoldState::dispense in file `SoldState.hpp' on line 44
TRACE    (139985180456768) leaving GumballMachine::turnCrank in file `GumballMachine.hpp' on line 48
TRACE    (139985180456768) calling GumballMachine::toString in file `GumballMachine.hpp' on line 110
TRACE       (139985180456768) calling NoQuarterState::toString in file `NoQuarterState.hpp' on line 48
TRACE       (139985180456768) leaving NoQuarterState::toString in file `NoQuarterState.hpp' on line 48
TRACE    (139985180456768) leaving GumballMachine::toString in file `GumballMachine.hpp' on line 110
TRACE    (139985180456768) calling GumballMachine::insertQuarter in file `GumballMachine.hpp' on line 38
TRACE       (139985180456768) calling NoQuarterState::insertQuarter in file `NoQuarterState.hpp' on line 27
TRACE          (139985180456768) calling GumballMachine::getHasQuarterState in file `GumballMachine.hpp' on line 95
TRACE          (139985180456768) leaving GumballMachine::getHasQuarterState in file `GumballMachine.hpp' on line 95
TRACE          (139985180456768) calling GumballMachine::setState in file `GumballMachine.hpp' on line 55
TRACE          (139985180456768) leaving GumballMachine::setState in file `GumballMachine.hpp' on line 55
TRACE       (139985180456768) leaving NoQuarterState::insertQuarter in file `NoQuarterState.hpp' on line 27
TRACE    (139985180456768) leaving GumballMachine::insertQuarter in file `GumballMachine.hpp' on line 38
TRACE    (139985180456768) calling GumballMachine::turnCrank in file `GumballMachine.hpp' on line 48
TRACE       (139985180456768) calling HasQuarterState::turnCrank in file `HasQuarterState.hpp' on line 51
TRACE          (139985180456768) calling GumballMachine::getSoldState in file `GumballMachine.hpp' on line 100
TRACE          (139985180456768) leaving GumballMachine::getSoldState in file `GumballMachine.hpp' on line 100
TRACE          (139985180456768) calling GumballMachine::setState in file `GumballMachine.hpp' on line 55
TRACE          (139985180456768) leaving GumballMachine::setState in file `GumballMachine.hpp' on line 55
TRACE       (139985180456768) leaving HasQuarterState::turnCrank in file `HasQuarterState.hpp' on line 51
TRACE       (139985180456768) calling SoldState::dispense in file `SoldState.hpp' on line 44
TRACE          (139985180456768) calling GumballMachine::releaseBall in file `GumballMachine.hpp' on line 60
TRACE          (139985180456768) leaving GumballMachine::releaseBall in file `GumballMachine.hpp' on line 60
TRACE          (139985180456768) calling GumballMachine::getCount in file `GumballMachine.hpp' on line 68
TRACE          (139985180456768) leaving GumballMachine::getCount in file `GumballMachine.hpp' on line 68
TRACE          (139985180456768) calling GumballMachine::getNoQuarterState in file `GumballMachine.hpp' on line 90
TRACE          (139985180456768) leaving GumballMachine::getNoQuarterState in file `GumballMachine.hpp' on line 90
TRACE          (139985180456768) calling GumballMachine::setState in file `GumballMachine.hpp' on line 55
TRACE          (139985180456768) leaving GumballMachine::setState in file `GumballMachine.hpp' on line 55
TRACE       (139985180456768) leaving SoldState::dispense in file `SoldState.hpp' on line 44
TRACE    (139985180456768) leaving GumballMachine::turnCrank in file `GumballMachine.hpp' on line 48
TRACE    (139985180456768) calling GumballMachine::insertQuarter in file `GumballMachine.hpp' on line 38
TRACE       (139985180456768) calling NoQuarterState::insertQuarter in file `NoQuarterState.hpp' on line 27
TRACE          (139985180456768) calling GumballMachine::getHasQuarterState in file `GumballMachine.hpp' on line 95
TRACE          (139985180456768) leaving GumballMachine::getHasQuarterState in file `GumballMachine.hpp' on line 95
TRACE          (139985180456768) calling GumballMachine::setState in file `GumballMachine.hpp' on line 55
TRACE          (139985180456768) leaving GumballMachine::setState in file `GumballMachine.hpp' on line 55
TRACE       (139985180456768) leaving NoQuarterState::insertQuarter in file `NoQuarterState.hpp' on line 27
TRACE    (139985180456768) leaving GumballMachine::insertQuarter in file `GumballMachine.hpp' on line 38
TRACE    (139985180456768) calling GumballMachine::turnCrank in file `GumballMachine.hpp' on line 48
TRACE       (139985180456768) calling HasQuarterState::turnCrank in file `HasQuarterState.hpp' on line 51
TRACE          (139985180456768) calling GumballMachine::getSoldState in file `GumballMachine.hpp' on line 100
TRACE          (139985180456768) leaving GumballMachine::getSoldState in file `GumballMachine.hpp' on line 100
TRACE          (139985180456768) calling GumballMachine::setState in file `GumballMachine.hpp' on line 55
TRACE          (139985180456768) leaving GumballMachine::setState in file `GumballMachine.hpp' on line 55
TRACE       (139985180456768) leaving HasQuarterState::turnCrank in file `HasQuarterState.hpp' on line 51
TRACE       (139985180456768) calling SoldState::dispense in file `SoldState.hpp' on line 44
TRACE          (139985180456768) calling GumballMachine::releaseBall in file `GumballMachine.hpp' on line 60
TRACE          (139985180456768) leaving GumballMachine::releaseBall in file `GumballMachine.hpp' on line 60
TRACE          (139985180456768) calling GumballMachine::getCount in file `GumballMachine.hpp' on line 68
TRACE          (139985180456768) leaving GumballMachine::getCount in file `GumballMachine.hpp' on line 68
TRACE          (139985180456768) calling GumballMachine::getNoQuarterState in file `GumballMachine.hpp' on line 90
TRACE          (139985180456768) leaving GumballMachine::getNoQuarterState in file `GumballMachine.hpp' on line 90
TRACE          (139985180456768) calling GumballMachine::setState in file `GumballMachine.hpp' on line 55
TRACE          (139985180456768) leaving GumballMachine::setState in file `GumballMachine.hpp' on line 55
TRACE       (139985180456768) leaving SoldState::dispense in file `SoldState.hpp' on line 44
TRACE    (139985180456768) leaving GumballMachine::turnCrank in file `GumballMachine.hpp' on line 48
TRACE    (139985180456768) calling GumballMachine::toString in file `GumballMachine.hpp' on line 110
TRACE       (139985180456768) calling NoQuarterState::toString in file `NoQuarterState.hpp' on line 48
TRACE       (139985180456768) leaving NoQuarterState::toString in file `NoQuarterState.hpp' on line 48
TRACE    (139985180456768) leaving GumballMachine::toString in file `GumballMachine.hpp' on line 110
TRACE    (139985180456768) calling GumballMachine::insertQuarter in file `GumballMachine.hpp' on line 38
TRACE       (139985180456768) calling NoQuarterState::insertQuarter in file `NoQuarterState.hpp' on line 27
TRACE          (139985180456768) calling GumballMachine::getHasQuarterState in file `GumballMachine.hpp' on line 95
TRACE          (139985180456768) leaving GumballMachine::getHasQuarterState in file `GumballMachine.hpp' on line 95
TRACE          (139985180456768) calling GumballMachine::setState in file `GumballMachine.hpp' on line 55
TRACE          (139985180456768) leaving GumballMachine::setState in file `GumballMachine.hpp' on line 55
TRACE       (139985180456768) leaving NoQuarterState::insertQuarter in file `NoQuarterState.hpp' on line 27
TRACE    (139985180456768) leaving GumballMachine::insertQuarter in file `GumballMachine.hpp' on line 38
TRACE    (139985180456768) calling GumballMachine::turnCrank in file `GumballMachine.hpp' on line 48
TRACE       (139985180456768) calling HasQuarterState::turnCrank in file `HasQuarterState.hpp' on line 51
TRACE          (139985180456768) calling GumballMachine::getCount in file `GumballMachine.hpp' on line 68
TRACE          (139985180456768) leaving GumballMachine::getCount in file `GumballMachine.hpp' on line 68
TRACE          (139985180456768) calling GumballMachine::getWinnerState in file `GumballMachine.hpp' on line 105
TRACE          (139985180456768) leaving GumballMachine::getWinnerState in file `GumballMachine.hpp' on line 105
TRACE          (139985180456768) calling GumballMachine::setState in file `GumballMachine.hpp' on line 55
TRACE          (139985180456768) leaving GumballMachine::setState in file `GumballMachine.hpp' on line 55
TRACE       (139985180456768) leaving HasQuarterState::turnCrank in file `HasQuarterState.hpp' on line 51
TRACE       (139985180456768) calling WinnerState::dispense in file `WinnerState.hpp' on line 45
TRACE          (139985180456768) calling GumballMachine::releaseBall in file `GumballMachine.hpp' on line 60
TRACE          (139985180456768) leaving GumballMachine::releaseBall in file `GumballMachine.hpp' on line 60
TRACE          (139985180456768) calling GumballMachine::getCount in file `GumballMachine.hpp' on line 68
TRACE          (139985180456768) leaving GumballMachine::getCount in file `GumballMachine.hpp' on line 68
TRACE          (139985180456768) calling GumballMachine::getSoldOutState in file `GumballMachine.hpp' on line 85
TRACE          (139985180456768) leaving GumballMachine::getSoldOutState in file `GumballMachine.hpp' on line 85
TRACE          (139985180456768) calling GumballMachine::setState in file `GumballMachine.hpp' on line 55
TRACE          (139985180456768) leaving GumballMachine::setState in file `GumballMachine.hpp' on line 55
TRACE       (139985180456768) leaving WinnerState::dispense in file `WinnerState.hpp' on line 45
TRACE    (139985180456768) leaving GumballMachine::turnCrank in file `GumballMachine.hpp' on line 48
TRACE    (139985180456768) calling GumballMachine::insertQuarter in file `GumballMachine.hpp' on line 38
TRACE       (139985180456768) calling SoldOutState::insertQuarter in file `SoldOutState.hpp' on line 26
TRACE       (139985180456768) leaving SoldOutState::insertQuarter in file `SoldOutState.hpp' on line 26
TRACE    (139985180456768) leaving GumballMachine::insertQuarter in file `GumballMachine.hpp' on line 38
TRACE    (139985180456768) calling GumballMachine::turnCrank in file `GumballMachine.hpp' on line 48
TRACE       (139985180456768) calling SoldOutState::turnCrank in file `SoldOutState.hpp' on line 38
TRACE       (139985180456768) leaving SoldOutState::turnCrank in file `SoldOutState.hpp' on line 38
TRACE       (139985180456768) calling SoldOutState::dispense in file `SoldOutState.hpp' on line 43
TRACE       (139985180456768) leaving SoldOutState::dispense in file `SoldOutState.hpp' on line 43
TRACE    (139985180456768) leaving GumballMachine::turnCrank in file `GumballMachine.hpp' on line 48
TRACE    (139985180456768) calling GumballMachine::toString in file `GumballMachine.hpp' on line 110
TRACE       (139985180456768) calling SoldOutState::toString in file `SoldOutState.hpp' on line 48
TRACE       (139985180456768) leaving SoldOutState::toString in file `SoldOutState.hpp' on line 48
TRACE    (139985180456768) leaving GumballMachine::toString in file `GumballMachine.hpp' on line 110
TRACE    (139985180456768) calling GumballMachine::insertQuarter in file `GumballMachine.hpp' on line 38
TRACE       (139985180456768) calling SoldOutState::insertQuarter in file `SoldOutState.hpp' on line 26
TRACE       (139985180456768) leaving SoldOutState::insertQuarter in file `SoldOutState.hpp' on line 26
TRACE    (139985180456768) leaving GumballMachine::insertQuarter in file `GumballMachine.hpp' on line 38
TRACE    (139985180456768) calling GumballMachine::turnCrank in file `GumballMachine.hpp' on line 48
TRACE       (139985180456768) calling SoldOutState::turnCrank in file `SoldOutState.hpp' on line 38
TRACE       (139985180456768) leaving SoldOutState::turnCrank in file `SoldOutState.hpp' on line 38
TRACE       (139985180456768) calling SoldOutState::dispense in file `SoldOutState.hpp' on line 43
TRACE       (139985180456768) leaving SoldOutState::dispense in file `SoldOutState.hpp' on line 43
TRACE    (139985180456768) leaving GumballMachine::turnCrank in file `GumballMachine.hpp' on line 48
TRACE    (139985180456768) calling GumballMachine::insertQuarter in file `GumballMachine.hpp' on line 38
TRACE       (139985180456768) calling SoldOutState::insertQuarter in file `SoldOutState.hpp' on line 26
TRACE       (139985180456768) leaving SoldOutState::insertQuarter in file `SoldOutState.hpp' on line 26
TRACE    (139985180456768) leaving GumballMachine::insertQuarter in file `GumballMachine.hpp' on line 38
TRACE    (139985180456768) calling GumballMachine::turnCrank in file `GumballMachine.hpp' on line 48
TRACE       (139985180456768) calling SoldOutState::turnCrank in file `SoldOutState.hpp' on line 38
TRACE       (139985180456768) leaving SoldOutState::turnCrank in file `SoldOutState.hpp' on line 38
TRACE       (139985180456768) calling SoldOutState::dispense in file `SoldOutState.hpp' on line 43
TRACE       (139985180456768) leaving SoldOutState::dispense in file `SoldOutState.hpp' on line 43
TRACE    (139985180456768) leaving GumballMachine::turnCrank in file `GumballMachine.hpp' on line 48
TRACE    (139985180456768) calling GumballMachine::toString in file `GumballMachine.hpp' on line 110
TRACE       (139985180456768) calling SoldOutState::toString in file `SoldOutState.hpp' on line 48
TRACE       (139985180456768) leaving SoldOutState::toString in file `SoldOutState.hpp' on line 48
TRACE    (139985180456768) leaving GumballMachine::toString in file `GumballMachine.hpp' on line 110
TRACE    (139985180456768) calling GumballMachine::~GumballMachine in file `GumballMachine.hpp' on line 28
TRACE       (139985180456768) calling State::~State in file `State.hpp' on line 16
TRACE       (139985180456768) leaving State::~State in file `State.hpp' on line 16
TRACE       (139985180456768) calling State::~State in file `State.hpp' on line 16
TRACE       (139985180456768) leaving State::~State in file `State.hpp' on line 16
TRACE       (139985180456768) calling State::~State in file `State.hpp' on line 16
TRACE       (139985180456768) leaving State::~State in file `State.hpp' on line 16
TRACE       (139985180456768) calling State::~State in file `State.hpp' on line 16
TRACE       (139985180456768) leaving State::~State in file `State.hpp' on line 16
TRACE       (139985180456768) calling State::~State in file `State.hpp' on line 16
TRACE       (139985180456768) leaving State::~State in file `State.hpp' on line 16
TRACE    (139985180456768) leaving GumballMachine::~GumballMachine in file `GumballMachine.hpp' on line 28
TRACE (139985180456768) leaving main in file `GumballStateWinner.cpp' on line 40
