TRACE (140259492902720) calling main in file `Remote.cpp' on line 13
TRACE    (140259492902720) calling RemoteControl::RemoteControl in file `RemoteControl.hpp' on line 31
TRACE       (140259492902720) calling Command::Command in file `Command.hpp' on line 21
TRACE       (140259492902720) leaving Command::Command in file `Command.hpp' on line 21
TRACE    (140259492902720) leaving RemoteControl::RemoteControl in file `RemoteControl.hpp' on line 31
TRACE    (140259492902720) calling Light::Light in file `Light.hpp' on line 21
TRACE    (140259492902720) leaving Light::Light in file `Light.hpp' on line 21
TRACE    (140259492902720) calling Light::Light in file `Light.hpp' on line 21
TRACE    (140259492902720) leaving Light::Light in file `Light.hpp' on line 21
TRACE    (140259492902720) calling CeilingFan::CeilingFan in file `CeilingFan.hpp' on line 26
TRACE    (140259492902720) leaving CeilingFan::CeilingFan in file `CeilingFan.hpp' on line 26
TRACE    (140259492902720) calling GarageDoor::GarageDoor in file `GarageDoor.hpp' on line 21
TRACE    (140259492902720) leaving GarageDoor::GarageDoor in file `GarageDoor.hpp' on line 21
TRACE    (140259492902720) calling Stereo::Stereo in file `Stereo.hpp' on line 21
TRACE    (140259492902720) leaving Stereo::Stereo in file `Stereo.hpp' on line 21
TRACE    (140259492902720) calling Command::Command in file `Command.hpp' on line 21
TRACE    (140259492902720) leaving Command::Command in file `Command.hpp' on line 21
TRACE    (140259492902720) calling LightOnCommand::LightOnCommand in file `LightOnCommand.hpp' on line 22
TRACE    (140259492902720) leaving LightOnCommand::LightOnCommand in file `LightOnCommand.hpp' on line 22
TRACE    (140259492902720) calling Command::Command in file `Command.hpp' on line 21
TRACE    (140259492902720) leaving Command::Command in file `Command.hpp' on line 21
TRACE    (140259492902720) calling LightOffCommand::LightOffCommand in file `LightOffCommand.hpp' on line 22
TRACE    (140259492902720) leaving LightOffCommand::LightOffCommand in file `LightOffCommand.hpp' on line 22
TRACE    (140259492902720) calling Command::Command in file `Command.hpp' on line 21
TRACE    (140259492902720) leaving Command::Command in file `Command.hpp' on line 21
TRACE    (140259492902720) calling LightOnCommand::LightOnCommand in file `LightOnCommand.hpp' on line 22
TRACE    (140259492902720) leaving LightOnCommand::LightOnCommand in file `LightOnCommand.hpp' on line 22
TRACE    (140259492902720) calling Command::Command in file `Command.hpp' on line 21
TRACE    (140259492902720) leaving Command::Command in file `Command.hpp' on line 21
TRACE    (140259492902720) calling LightOffCommand::LightOffCommand in file `LightOffCommand.hpp' on line 22
TRACE    (140259492902720) leaving LightOffCommand::LightOffCommand in file `LightOffCommand.hpp' on line 22
TRACE    (140259492902720) calling Command::Command in file `Command.hpp' on line 21
TRACE    (140259492902720) leaving Command::Command in file `Command.hpp' on line 21
TRACE    (140259492902720) calling CeilingFanOnCommand::CeilingFanOnCommand in file `CeilingFanOnCommand.hpp' on line 22
TRACE    (140259492902720) leaving CeilingFanOnCommand::CeilingFanOnCommand in file `CeilingFanOnCommand.hpp' on line 22
TRACE    (140259492902720) calling Command::Command in file `Command.hpp' on line 21
TRACE    (140259492902720) leaving Command::Command in file `Command.hpp' on line 21
TRACE    (140259492902720) calling CeilingFanOffCommand::CeilingFanOffCommand in file `CeilingFanOffCommand.hpp' on line 22
TRACE    (140259492902720) leaving CeilingFanOffCommand::CeilingFanOffCommand in file `CeilingFanOffCommand.hpp' on line 22
TRACE    (140259492902720) calling Command::Command in file `Command.hpp' on line 21
TRACE    (140259492902720) leaving Command::Command in file `Command.hpp' on line 21
TRACE    (140259492902720) calling GarageDoorUpCommand::GarageDoorUpCommand in file `GarageDoorUpCommand.hpp' on line 22
TRACE    (140259492902720) leaving GarageDoorUpCommand::GarageDoorUpCommand in file `GarageDoorUpCommand.hpp' on line 22
TRACE    (140259492902720) calling Command::Command in file `Command.hpp' on line 21
TRACE    (140259492902720) leaving Command::Command in file `Command.hpp' on line 21
TRACE    (140259492902720) calling GarageDoorDownCommand::GarageDoorDownCommand in file `GarageDoorDownCommand.hpp' on line 22
TRACE    (140259492902720) leaving GarageDoorDownCommand::GarageDoorDownCommand in file `GarageDoorDownCommand.hpp' on line 22
TRACE    (140259492902720) calling Command::Command in file `Command.hpp' on line 21
TRACE    (140259492902720) leaving Command::Command in file `Command.hpp' on line 21
TRACE    (140259492902720) calling StereoOnWithCDCommand::StereoOnWithCDCommand in file `StereoOnWithCDCommand.hpp' on line 22
TRACE    (140259492902720) leaving StereoOnWithCDCommand::StereoOnWithCDCommand in file `StereoOnWithCDCommand.hpp' on line 22
TRACE    (140259492902720) calling Command::Command in file `Command.hpp' on line 21
TRACE    (140259492902720) leaving Command::Command in file `Command.hpp' on line 21
TRACE    (140259492902720) calling StereoOffCommand::StereoOffCommand in file `StereoOffCommand.hpp' on line 21
TRACE    (140259492902720) leaving StereoOffCommand::StereoOffCommand in file `StereoOffCommand.hpp' on line 21
TRACE    (140259492902720) calling RemoteControl::setCommand in file `RemoteControl.hpp' on line 45
TRACE    (140259492902720) leaving RemoteControl::setCommand in file `RemoteControl.hpp' on line 45
TRACE    (140259492902720) calling RemoteControl::setCommand in file `RemoteControl.hpp' on line 45
TRACE    (140259492902720) leaving RemoteControl::setCommand in file `RemoteControl.hpp' on line 45
TRACE    (140259492902720) calling RemoteControl::setCommand in file `RemoteControl.hpp' on line 45
TRACE    (140259492902720) leaving RemoteControl::setCommand in file `RemoteControl.hpp' on line 45
TRACE    (140259492902720) calling RemoteControl::setCommand in file `RemoteControl.hpp' on line 45
TRACE    (140259492902720) leaving RemoteControl::setCommand in file `RemoteControl.hpp' on line 45
TRACE    (140259492902720) calling RemoteControl::setCommand in file `RemoteControl.hpp' on line 45
TRACE    (140259492902720) leaving RemoteControl::setCommand in file `RemoteControl.hpp' on line 45
TRACE    (140259492902720) calling RemoteControl::toString in file `RemoteControl.hpp' on line 64
TRACE    (140259492902720) leaving RemoteControl::toString in file `RemoteControl.hpp' on line 64
TRACE    (140259492902720) calling RemoteControl::onButtonWasPushed in file `RemoteControl.hpp' on line 52
TRACE       (140259492902720) calling LightOnCommand::execute in file `LightOnCommand.hpp' on line 26
TRACE          (140259492902720) calling Light::on in file `Light.hpp' on line 25
TRACE          (140259492902720) leaving Light::on in file `Light.hpp' on line 25
TRACE       (140259492902720) leaving LightOnCommand::execute in file `LightOnCommand.hpp' on line 26
TRACE    (140259492902720) leaving RemoteControl::onButtonWasPushed in file `RemoteControl.hpp' on line 52
TRACE    (140259492902720) calling RemoteControl::offButtonWasPushed in file `RemoteControl.hpp' on line 58
TRACE       (140259492902720) calling LightOffCommand::execute in file `LightOffCommand.hpp' on line 26
TRACE          (140259492902720) calling Light::off in file `Light.hpp' on line 30
TRACE          (140259492902720) leaving Light::off in file `Light.hpp' on line 30
TRACE       (140259492902720) leaving LightOffCommand::execute in file `LightOffCommand.hpp' on line 26
TRACE    (140259492902720) leaving RemoteControl::offButtonWasPushed in file `RemoteControl.hpp' on line 58
TRACE    (140259492902720) calling RemoteControl::onButtonWasPushed in file `RemoteControl.hpp' on line 52
TRACE       (140259492902720) calling LightOnCommand::execute in file `LightOnCommand.hpp' on line 26
TRACE          (140259492902720) calling Light::on in file `Light.hpp' on line 25
TRACE          (140259492902720) leaving Light::on in file `Light.hpp' on line 25
TRACE       (140259492902720) leaving LightOnCommand::execute in file `LightOnCommand.hpp' on line 26
TRACE    (140259492902720) leaving RemoteControl::onButtonWasPushed in file `RemoteControl.hpp' on line 52
TRACE    (140259492902720) calling RemoteControl::offButtonWasPushed in file `RemoteControl.hpp' on line 58
TRACE       (140259492902720) calling LightOffCommand::execute in file `LightOffCommand.hpp' on line 26
TRACE          (140259492902720) calling Light::off in file `Light.hpp' on line 30
TRACE          (140259492902720) leaving Light::off in file `Light.hpp' on line 30
TRACE       (140259492902720) leaving LightOffCommand::execute in file `LightOffCommand.hpp' on line 26
TRACE    (140259492902720) leaving RemoteControl::offButtonWasPushed in file `RemoteControl.hpp' on line 58
TRACE    (140259492902720) calling RemoteControl::onButtonWasPushed in file `RemoteControl.hpp' on line 52
TRACE       (140259492902720) calling CeilingFanOnCommand::execute in file `CeilingFanOnCommand.hpp' on line 26
TRACE          (140259492902720) calling CeilingFan::high in file `CeilingFan.hpp' on line 30
TRACE          (140259492902720) leaving CeilingFan::high in file `CeilingFan.hpp' on line 30
TRACE       (140259492902720) leaving CeilingFanOnCommand::execute in file `CeilingFanOnCommand.hpp' on line 26
TRACE    (140259492902720) leaving RemoteControl::onButtonWasPushed in file `RemoteControl.hpp' on line 52
TRACE    (140259492902720) calling RemoteControl::offButtonWasPushed in file `RemoteControl.hpp' on line 58
TRACE       (140259492902720) calling CeilingFanOffCommand::execute in file `CeilingFanOffCommand.hpp' on line 26
TRACE          (140259492902720) calling CeilingFan::off in file `CeilingFan.hpp' on line 51
TRACE          (140259492902720) leaving CeilingFan::off in file `CeilingFan.hpp' on line 51
TRACE       (140259492902720) leaving CeilingFanOffCommand::execute in file `CeilingFanOffCommand.hpp' on line 26
TRACE    (140259492902720) leaving RemoteControl::offButtonWasPushed in file `RemoteControl.hpp' on line 58
TRACE    (140259492902720) calling RemoteControl::onButtonWasPushed in file `RemoteControl.hpp' on line 52
TRACE       (140259492902720) calling StereoOnWithCDCommand::execute in file `StereoOnWithCDCommand.hpp' on line 26
TRACE          (140259492902720) calling Stereo::on in file `Stereo.hpp' on line 25
TRACE          (140259492902720) leaving Stereo::on in file `Stereo.hpp' on line 25
TRACE          (140259492902720) calling Stereo::setCD in file `Stereo.hpp' on line 35
TRACE          (140259492902720) leaving Stereo::setCD in file `Stereo.hpp' on line 35
TRACE          (140259492902720) calling Stereo::setVolume in file `Stereo.hpp' on line 54
TRACE          (140259492902720) leaving Stereo::setVolume in file `Stereo.hpp' on line 54
TRACE       (140259492902720) leaving StereoOnWithCDCommand::execute in file `StereoOnWithCDCommand.hpp' on line 26
TRACE    (140259492902720) leaving RemoteControl::onButtonWasPushed in file `RemoteControl.hpp' on line 52
TRACE    (140259492902720) calling RemoteControl::offButtonWasPushed in file `RemoteControl.hpp' on line 58
TRACE       (140259492902720) calling StereoOffCommand::execute in file `StereoOffCommand.hpp' on line 26
TRACE          (140259492902720) calling Stereo::off in file `Stereo.hpp' on line 30
TRACE          (140259492902720) leaving Stereo::off in file `Stereo.hpp' on line 30
TRACE       (140259492902720) leaving StereoOffCommand::execute in file `StereoOffCommand.hpp' on line 26
TRACE    (140259492902720) leaving RemoteControl::offButtonWasPushed in file `RemoteControl.hpp' on line 58
TRACE    (140259492902720) calling RemoteControl::onButtonWasPushed in file `RemoteControl.hpp' on line 52
TRACE       (140259492902720) calling GarageDoorUpCommand::execute in file `GarageDoorUpCommand.hpp' on line 26
TRACE          (140259492902720) calling GarageDoor::up in file `GarageDoor.hpp' on line 25
TRACE          (140259492902720) leaving GarageDoor::up in file `GarageDoor.hpp' on line 25
TRACE       (140259492902720) leaving GarageDoorUpCommand::execute in file `GarageDoorUpCommand.hpp' on line 26
TRACE    (140259492902720) leaving RemoteControl::onButtonWasPushed in file `RemoteControl.hpp' on line 52
TRACE    (140259492902720) calling RemoteControl::offButtonWasPushed in file `RemoteControl.hpp' on line 58
TRACE       (140259492902720) calling GarageDoorDownCommand::execute in file `GarageDoorDownCommand.hpp' on line 26
TRACE          (140259492902720) calling GarageDoor::down in file `GarageDoor.hpp' on line 30
TRACE          (140259492902720) leaving GarageDoor::down in file `GarageDoor.hpp' on line 30
TRACE       (140259492902720) leaving GarageDoorDownCommand::execute in file `GarageDoorDownCommand.hpp' on line 26
TRACE    (140259492902720) leaving RemoteControl::offButtonWasPushed in file `RemoteControl.hpp' on line 58
TRACE    (140259492902720) calling Command::~Command in file `Command.hpp' on line 26
TRACE    (140259492902720) leaving Command::~Command in file `Command.hpp' on line 26
TRACE    (140259492902720) calling Command::~Command in file `Command.hpp' on line 26
TRACE    (140259492902720) leaving Command::~Command in file `Command.hpp' on line 26
TRACE    (140259492902720) calling Command::~Command in file `Command.hpp' on line 26
TRACE    (140259492902720) leaving Command::~Command in file `Command.hpp' on line 26
TRACE    (140259492902720) calling Command::~Command in file `Command.hpp' on line 26
TRACE    (140259492902720) leaving Command::~Command in file `Command.hpp' on line 26
TRACE    (140259492902720) calling Command::~Command in file `Command.hpp' on line 26
TRACE    (140259492902720) leaving Command::~Command in file `Command.hpp' on line 26
TRACE    (140259492902720) calling Command::~Command in file `Command.hpp' on line 26
TRACE    (140259492902720) leaving Command::~Command in file `Command.hpp' on line 26
TRACE    (140259492902720) calling Command::~Command in file `Command.hpp' on line 26
TRACE    (140259492902720) leaving Command::~Command in file `Command.hpp' on line 26
TRACE    (140259492902720) calling Command::~Command in file `Command.hpp' on line 26
TRACE    (140259492902720) leaving Command::~Command in file `Command.hpp' on line 26
TRACE    (140259492902720) calling Command::~Command in file `Command.hpp' on line 26
TRACE    (140259492902720) leaving Command::~Command in file `Command.hpp' on line 26
TRACE    (140259492902720) calling Command::~Command in file `Command.hpp' on line 26
TRACE    (140259492902720) leaving Command::~Command in file `Command.hpp' on line 26
TRACE    (140259492902720) calling RemoteControl::~RemoteControl in file `RemoteControl.hpp' on line 40
TRACE       (140259492902720) calling Command::~Command in file `Command.hpp' on line 26
TRACE       (140259492902720) leaving Command::~Command in file `Command.hpp' on line 26
TRACE    (140259492902720) leaving RemoteControl::~RemoteControl in file `RemoteControl.hpp' on line 40
TRACE (140259492902720) leaving main in file `Remote.cpp' on line 13
