TRACE (140034475898688) calling main in file `MiniDuckSimulator.cpp' on line 12
TRACE    (140034475898688) calling Duck::Duck in file `Duck.hpp' on line 25
TRACE    (140034475898688) leaving Duck::Duck in file `Duck.hpp' on line 25
TRACE    (140034475898688) calling MallardDuck::MallardDuck in file `MallardDuck.hpp' on line 17
TRACE    (140034475898688) leaving MallardDuck::MallardDuck in file `MallardDuck.hpp' on line 17
TRACE    (140034475898688) calling Duck::Duck in file `Duck.hpp' on line 25
TRACE    (140034475898688) leaving Duck::Duck in file `Duck.hpp' on line 25
TRACE    (140034475898688) calling RubberDuck::RubberDuck in file `RubberDuck.hpp' on line 17
TRACE    (140034475898688) leaving RubberDuck::RubberDuck in file `RubberDuck.hpp' on line 17
TRACE    (140034475898688) calling Duck::Duck in file `Duck.hpp' on line 25
TRACE    (140034475898688) leaving Duck::Duck in file `Duck.hpp' on line 25
TRACE    (140034475898688) calling DecoyDuck::DecoyDuck in file `DecoyDuck.hpp' on line 17
TRACE    (140034475898688) leaving DecoyDuck::DecoyDuck in file `DecoyDuck.hpp' on line 17
TRACE    (140034475898688) calling Duck::Duck in file `Duck.hpp' on line 25
TRACE    (140034475898688) leaving Duck::Duck in file `Duck.hpp' on line 25
TRACE    (140034475898688) calling ModelDuck::ModelDuck in file `ModelDuck.hpp' on line 17
TRACE    (140034475898688) leaving ModelDuck::ModelDuck in file `ModelDuck.hpp' on line 17
TRACE    (140034475898688) calling Duck::performQuack in file `Duck.hpp' on line 52
TRACE       (140034475898688) calling Quack::quack in file `Quack.hpp' on line 17
TRACE       (140034475898688) leaving Quack::quack in file `Quack.hpp' on line 17
TRACE    (140034475898688) leaving Duck::performQuack in file `Duck.hpp' on line 52
TRACE    (140034475898688) calling Duck::performFly in file `Duck.hpp' on line 47
TRACE       (140034475898688) calling FlyWithWings::fly in file `FlyWithWings.hpp' on line 17
TRACE       (140034475898688) leaving FlyWithWings::fly in file `FlyWithWings.hpp' on line 17
TRACE    (140034475898688) leaving Duck::performFly in file `Duck.hpp' on line 47
TRACE    (140034475898688) calling Duck::performQuack in file `Duck.hpp' on line 52
TRACE       (140034475898688) calling Squeak::quack in file `Squeak.hpp' on line 17
TRACE       (140034475898688) leaving Squeak::quack in file `Squeak.hpp' on line 17
TRACE    (140034475898688) leaving Duck::performQuack in file `Duck.hpp' on line 52
TRACE    (140034475898688) calling Duck::performFly in file `Duck.hpp' on line 47
TRACE       (140034475898688) calling FlyNoWay::fly in file `FlyNoWay.hpp' on line 17
TRACE       (140034475898688) leaving FlyNoWay::fly in file `FlyNoWay.hpp' on line 17
TRACE    (140034475898688) leaving Duck::performFly in file `Duck.hpp' on line 47
TRACE    (140034475898688) calling Duck::performQuack in file `Duck.hpp' on line 52
TRACE       (140034475898688) calling MuteQuack::quack in file `MuteQuack.hpp' on line 17
TRACE       (140034475898688) leaving MuteQuack::quack in file `MuteQuack.hpp' on line 17
TRACE    (140034475898688) leaving Duck::performQuack in file `Duck.hpp' on line 52
TRACE    (140034475898688) calling Duck::performFly in file `Duck.hpp' on line 47
TRACE       (140034475898688) calling FlyNoWay::fly in file `FlyNoWay.hpp' on line 17
TRACE       (140034475898688) leaving FlyNoWay::fly in file `FlyNoWay.hpp' on line 17
TRACE    (140034475898688) leaving Duck::performFly in file `Duck.hpp' on line 47
TRACE    (140034475898688) calling Duck::performQuack in file `Duck.hpp' on line 52
TRACE       (140034475898688) calling FakeQuack::quack in file `FakeQuack.hpp' on line 17
TRACE       (140034475898688) leaving FakeQuack::quack in file `FakeQuack.hpp' on line 17
TRACE    (140034475898688) leaving Duck::performQuack in file `Duck.hpp' on line 52
TRACE    (140034475898688) calling Duck::performFly in file `Duck.hpp' on line 47
TRACE       (140034475898688) calling FlyNoWay::fly in file `FlyNoWay.hpp' on line 17
TRACE       (140034475898688) leaving FlyNoWay::fly in file `FlyNoWay.hpp' on line 17
TRACE    (140034475898688) leaving Duck::performFly in file `Duck.hpp' on line 47
TRACE    (140034475898688) calling Duck::setFlyBehavior in file `Duck.hpp' on line 36
TRACE       (140034475898688) calling FlyBehavior::~FlyBehavior in file `FlyBehavior.hpp' on line 17
TRACE       (140034475898688) leaving FlyBehavior::~FlyBehavior in file `FlyBehavior.hpp' on line 17
TRACE    (140034475898688) leaving Duck::setFlyBehavior in file `Duck.hpp' on line 36
TRACE    (140034475898688) calling Duck::performFly in file `Duck.hpp' on line 47
TRACE       (140034475898688) calling FlyRocketPowered::fly in file `FlyRocketPowered.hpp' on line 17
TRACE       (140034475898688) leaving FlyRocketPowered::fly in file `FlyRocketPowered.hpp' on line 17
TRACE    (140034475898688) leaving Duck::performFly in file `Duck.hpp' on line 47
TRACE    (140034475898688) calling Duck::~Duck in file `Duck.hpp' on line 31
TRACE    (140034475898688) leaving Duck::~Duck in file `Duck.hpp' on line 31
TRACE    (140034475898688) calling QuackBehavior::~QuackBehavior in file `QuackBehavior.hpp' on line 17
TRACE    (140034475898688) leaving QuackBehavior::~QuackBehavior in file `QuackBehavior.hpp' on line 17
TRACE    (140034475898688) calling FlyBehavior::~FlyBehavior in file `FlyBehavior.hpp' on line 17
TRACE    (140034475898688) leaving FlyBehavior::~FlyBehavior in file `FlyBehavior.hpp' on line 17
TRACE    (140034475898688) calling Duck::~Duck in file `Duck.hpp' on line 31
TRACE    (140034475898688) leaving Duck::~Duck in file `Duck.hpp' on line 31
TRACE    (140034475898688) calling QuackBehavior::~QuackBehavior in file `QuackBehavior.hpp' on line 17
TRACE    (140034475898688) leaving QuackBehavior::~QuackBehavior in file `QuackBehavior.hpp' on line 17
TRACE    (140034475898688) calling FlyBehavior::~FlyBehavior in file `FlyBehavior.hpp' on line 17
TRACE    (140034475898688) leaving FlyBehavior::~FlyBehavior in file `FlyBehavior.hpp' on line 17
TRACE    (140034475898688) calling Duck::~Duck in file `Duck.hpp' on line 31
TRACE    (140034475898688) leaving Duck::~Duck in file `Duck.hpp' on line 31
TRACE    (140034475898688) calling QuackBehavior::~QuackBehavior in file `QuackBehavior.hpp' on line 17
TRACE    (140034475898688) leaving QuackBehavior::~QuackBehavior in file `QuackBehavior.hpp' on line 17
TRACE    (140034475898688) calling FlyBehavior::~FlyBehavior in file `FlyBehavior.hpp' on line 17
TRACE    (140034475898688) leaving FlyBehavior::~FlyBehavior in file `FlyBehavior.hpp' on line 17
TRACE    (140034475898688) calling Duck::~Duck in file `Duck.hpp' on line 31
TRACE    (140034475898688) leaving Duck::~Duck in file `Duck.hpp' on line 31
TRACE    (140034475898688) calling QuackBehavior::~QuackBehavior in file `QuackBehavior.hpp' on line 17
TRACE    (140034475898688) leaving QuackBehavior::~QuackBehavior in file `QuackBehavior.hpp' on line 17
TRACE    (140034475898688) calling FlyBehavior::~FlyBehavior in file `FlyBehavior.hpp' on line 17
TRACE    (140034475898688) leaving FlyBehavior::~FlyBehavior in file `FlyBehavior.hpp' on line 17
TRACE (140034475898688) leaving main in file `MiniDuckSimulator.cpp' on line 12
