TRACE (140055628195648) calling main in file `GumballEMailHandler.cpp' on line 33
TRACE    (140055628195648) calling Handler::Handler in file `Handler.hpp' on line 23
TRACE    (140055628195648) leaving Handler::Handler in file `Handler.hpp' on line 23
TRACE    (140055628195648) calling LastHandler::LastHandler in file `LastHandler.hpp' on line 17
TRACE    (140055628195648) leaving LastHandler::LastHandler in file `LastHandler.hpp' on line 17
TRACE    (140055628195648) calling Handler::Handler in file `Handler.hpp' on line 23
TRACE    (140055628195648) leaving Handler::Handler in file `Handler.hpp' on line 23
TRACE    (140055628195648) calling NewLocationHandler::NewLocationHandler in file `NewLocationHandler.hpp' on line 17
TRACE    (140055628195648) leaving NewLocationHandler::NewLocationHandler in file `NewLocationHandler.hpp' on line 17
TRACE    (140055628195648) calling Handler::Handler in file `Handler.hpp' on line 23
TRACE    (140055628195648) leaving Handler::Handler in file `Handler.hpp' on line 23
TRACE    (140055628195648) calling ComplaintHandler::ComplaintHandler in file `ComplaintHandler.hpp' on line 17
TRACE    (140055628195648) leaving ComplaintHandler::ComplaintHandler in file `ComplaintHandler.hpp' on line 17
TRACE    (140055628195648) calling Handler::Handler in file `Handler.hpp' on line 23
TRACE    (140055628195648) leaving Handler::Handler in file `Handler.hpp' on line 23
TRACE    (140055628195648) calling FanHandler::FanHandler in file `FanHandler.hpp' on line 17
TRACE    (140055628195648) leaving FanHandler::FanHandler in file `FanHandler.hpp' on line 17
TRACE    (140055628195648) calling Handler::Handler in file `Handler.hpp' on line 23
TRACE    (140055628195648) leaving Handler::Handler in file `Handler.hpp' on line 23
TRACE    (140055628195648) calling SpamHandler::SpamHandler in file `SpamHandler.hpp' on line 16
TRACE    (140055628195648) leaving SpamHandler::SpamHandler in file `SpamHandler.hpp' on line 16
TRACE    (140055628195648) calling Client::Client in file `Client.hpp' on line 30
TRACE    (140055628195648) leaving Client::Client in file `Client.hpp' on line 30
TRACE    (140055628195648) calling Client::handleRequest in file `Client.hpp' on line 34
TRACE       (140055628195648) calling SpamHandler::handleRequest in file `SpamHandler.hpp' on line 20
TRACE          (140055628195648) calling SpamHandler::canHandleRequest in file `SpamHandler.hpp' on line 32
TRACE          (140055628195648) leaving SpamHandler::canHandleRequest in file `SpamHandler.hpp' on line 32
TRACE          (140055628195648) calling Handler::handleRequest in file `Handler.hpp' on line 39
TRACE             (140055628195648) calling FanHandler::handleRequest in file `FanHandler.hpp' on line 21
TRACE                (140055628195648) calling FanHandler::canHandleRequest in file `FanHandler.hpp' on line 33
TRACE                (140055628195648) leaving FanHandler::canHandleRequest in file `FanHandler.hpp' on line 33
TRACE                (140055628195648) calling Handler::canHandleRequest in file `Handler.hpp' on line 27
TRACE                (140055628195648) leaving Handler::canHandleRequest in file `Handler.hpp' on line 27
TRACE             (140055628195648) leaving FanHandler::handleRequest in file `FanHandler.hpp' on line 21
TRACE          (140055628195648) leaving Handler::handleRequest in file `Handler.hpp' on line 39
TRACE       (140055628195648) leaving SpamHandler::handleRequest in file `SpamHandler.hpp' on line 20
TRACE    (140055628195648) leaving Client::handleRequest in file `Client.hpp' on line 34
TRACE    (140055628195648) calling Client::handleRequest in file `Client.hpp' on line 34
TRACE       (140055628195648) calling SpamHandler::handleRequest in file `SpamHandler.hpp' on line 20
TRACE          (140055628195648) calling SpamHandler::canHandleRequest in file `SpamHandler.hpp' on line 32
TRACE          (140055628195648) leaving SpamHandler::canHandleRequest in file `SpamHandler.hpp' on line 32
TRACE          (140055628195648) calling Handler::handleRequest in file `Handler.hpp' on line 39
TRACE             (140055628195648) calling FanHandler::handleRequest in file `FanHandler.hpp' on line 21
TRACE                (140055628195648) calling FanHandler::canHandleRequest in file `FanHandler.hpp' on line 33
TRACE                (140055628195648) leaving FanHandler::canHandleRequest in file `FanHandler.hpp' on line 33
TRACE                (140055628195648) calling Handler::handleRequest in file `Handler.hpp' on line 39
TRACE                   (140055628195648) calling ComplaintHandler::handleRequest in file `ComplaintHandler.hpp' on line 21
TRACE                      (140055628195648) calling ComplaintHandler::canHandleRequest in file `ComplaintHandler.hpp' on line 33
TRACE                      (140055628195648) leaving ComplaintHandler::canHandleRequest in file `ComplaintHandler.hpp' on line 33
TRACE                      (140055628195648) calling Handler::canHandleRequest in file `Handler.hpp' on line 27
TRACE                      (140055628195648) leaving Handler::canHandleRequest in file `Handler.hpp' on line 27
TRACE                   (140055628195648) leaving ComplaintHandler::handleRequest in file `ComplaintHandler.hpp' on line 21
TRACE                (140055628195648) leaving Handler::handleRequest in file `Handler.hpp' on line 39
TRACE             (140055628195648) leaving FanHandler::handleRequest in file `FanHandler.hpp' on line 21
TRACE          (140055628195648) leaving Handler::handleRequest in file `Handler.hpp' on line 39
TRACE       (140055628195648) leaving SpamHandler::handleRequest in file `SpamHandler.hpp' on line 20
TRACE    (140055628195648) leaving Client::handleRequest in file `Client.hpp' on line 34
TRACE    (140055628195648) calling Client::handleRequest in file `Client.hpp' on line 34
TRACE       (140055628195648) calling SpamHandler::handleRequest in file `SpamHandler.hpp' on line 20
TRACE          (140055628195648) calling SpamHandler::canHandleRequest in file `SpamHandler.hpp' on line 32
TRACE          (140055628195648) leaving SpamHandler::canHandleRequest in file `SpamHandler.hpp' on line 32
TRACE          (140055628195648) calling Handler::handleRequest in file `Handler.hpp' on line 39
TRACE             (140055628195648) calling FanHandler::handleRequest in file `FanHandler.hpp' on line 21
TRACE                (140055628195648) calling FanHandler::canHandleRequest in file `FanHandler.hpp' on line 33
TRACE                (140055628195648) leaving FanHandler::canHandleRequest in file `FanHandler.hpp' on line 33
TRACE                (140055628195648) calling Handler::handleRequest in file `Handler.hpp' on line 39
TRACE                   (140055628195648) calling ComplaintHandler::handleRequest in file `ComplaintHandler.hpp' on line 21
TRACE                      (140055628195648) calling ComplaintHandler::canHandleRequest in file `ComplaintHandler.hpp' on line 33
TRACE                      (140055628195648) leaving ComplaintHandler::canHandleRequest in file `ComplaintHandler.hpp' on line 33
TRACE                      (140055628195648) calling Handler::canHandleRequest in file `Handler.hpp' on line 27
TRACE                      (140055628195648) leaving Handler::canHandleRequest in file `Handler.hpp' on line 27
TRACE                   (140055628195648) leaving ComplaintHandler::handleRequest in file `ComplaintHandler.hpp' on line 21
TRACE                (140055628195648) leaving Handler::handleRequest in file `Handler.hpp' on line 39
TRACE             (140055628195648) leaving FanHandler::handleRequest in file `FanHandler.hpp' on line 21
TRACE          (140055628195648) leaving Handler::handleRequest in file `Handler.hpp' on line 39
TRACE       (140055628195648) leaving SpamHandler::handleRequest in file `SpamHandler.hpp' on line 20
TRACE    (140055628195648) leaving Client::handleRequest in file `Client.hpp' on line 34
TRACE    (140055628195648) calling Client::handleRequest in file `Client.hpp' on line 34
TRACE       (140055628195648) calling SpamHandler::handleRequest in file `SpamHandler.hpp' on line 20
TRACE          (140055628195648) calling SpamHandler::canHandleRequest in file `SpamHandler.hpp' on line 32
TRACE          (140055628195648) leaving SpamHandler::canHandleRequest in file `SpamHandler.hpp' on line 32
TRACE          (140055628195648) calling Handler::handleRequest in file `Handler.hpp' on line 39
TRACE             (140055628195648) calling FanHandler::handleRequest in file `FanHandler.hpp' on line 21
TRACE                (140055628195648) calling FanHandler::canHandleRequest in file `FanHandler.hpp' on line 33
TRACE                (140055628195648) leaving FanHandler::canHandleRequest in file `FanHandler.hpp' on line 33
TRACE                (140055628195648) calling Handler::canHandleRequest in file `Handler.hpp' on line 27
TRACE                (140055628195648) leaving Handler::canHandleRequest in file `Handler.hpp' on line 27
TRACE             (140055628195648) leaving FanHandler::handleRequest in file `FanHandler.hpp' on line 21
TRACE          (140055628195648) leaving Handler::handleRequest in file `Handler.hpp' on line 39
TRACE       (140055628195648) leaving SpamHandler::handleRequest in file `SpamHandler.hpp' on line 20
TRACE    (140055628195648) leaving Client::handleRequest in file `Client.hpp' on line 34
TRACE    (140055628195648) calling Client::handleRequest in file `Client.hpp' on line 34
TRACE       (140055628195648) calling SpamHandler::handleRequest in file `SpamHandler.hpp' on line 20
TRACE          (140055628195648) calling SpamHandler::canHandleRequest in file `SpamHandler.hpp' on line 32
TRACE          (140055628195648) leaving SpamHandler::canHandleRequest in file `SpamHandler.hpp' on line 32
TRACE          (140055628195648) calling Handler::handleRequest in file `Handler.hpp' on line 39
TRACE             (140055628195648) calling FanHandler::handleRequest in file `FanHandler.hpp' on line 21
TRACE                (140055628195648) calling FanHandler::canHandleRequest in file `FanHandler.hpp' on line 33
TRACE                (140055628195648) leaving FanHandler::canHandleRequest in file `FanHandler.hpp' on line 33
TRACE                (140055628195648) calling Handler::canHandleRequest in file `Handler.hpp' on line 27
TRACE                (140055628195648) leaving Handler::canHandleRequest in file `Handler.hpp' on line 27
TRACE             (140055628195648) leaving FanHandler::handleRequest in file `FanHandler.hpp' on line 21
TRACE          (140055628195648) leaving Handler::handleRequest in file `Handler.hpp' on line 39
TRACE       (140055628195648) leaving SpamHandler::handleRequest in file `SpamHandler.hpp' on line 20
TRACE    (140055628195648) leaving Client::handleRequest in file `Client.hpp' on line 34
TRACE    (140055628195648) calling Client::handleRequest in file `Client.hpp' on line 34
TRACE       (140055628195648) calling SpamHandler::handleRequest in file `SpamHandler.hpp' on line 20
TRACE          (140055628195648) calling SpamHandler::canHandleRequest in file `SpamHandler.hpp' on line 32
TRACE          (140055628195648) leaving SpamHandler::canHandleRequest in file `SpamHandler.hpp' on line 32
TRACE          (140055628195648) calling Handler::handleRequest in file `Handler.hpp' on line 39
TRACE             (140055628195648) calling FanHandler::handleRequest in file `FanHandler.hpp' on line 21
TRACE                (140055628195648) calling FanHandler::canHandleRequest in file `FanHandler.hpp' on line 33
TRACE                (140055628195648) leaving FanHandler::canHandleRequest in file `FanHandler.hpp' on line 33
TRACE                (140055628195648) calling Handler::canHandleRequest in file `Handler.hpp' on line 27
TRACE                (140055628195648) leaving Handler::canHandleRequest in file `Handler.hpp' on line 27
TRACE             (140055628195648) leaving FanHandler::handleRequest in file `FanHandler.hpp' on line 21
TRACE          (140055628195648) leaving Handler::handleRequest in file `Handler.hpp' on line 39
TRACE       (140055628195648) leaving SpamHandler::handleRequest in file `SpamHandler.hpp' on line 20
TRACE    (140055628195648) leaving Client::handleRequest in file `Client.hpp' on line 34
TRACE    (140055628195648) calling Client::handleRequest in file `Client.hpp' on line 34
TRACE       (140055628195648) calling SpamHandler::handleRequest in file `SpamHandler.hpp' on line 20
TRACE          (140055628195648) calling SpamHandler::canHandleRequest in file `SpamHandler.hpp' on line 32
TRACE          (140055628195648) leaving SpamHandler::canHandleRequest in file `SpamHandler.hpp' on line 32
TRACE          (140055628195648) calling Handler::handleRequest in file `Handler.hpp' on line 39
TRACE             (140055628195648) calling FanHandler::handleRequest in file `FanHandler.hpp' on line 21
TRACE                (140055628195648) calling FanHandler::canHandleRequest in file `FanHandler.hpp' on line 33
TRACE                (140055628195648) leaving FanHandler::canHandleRequest in file `FanHandler.hpp' on line 33
TRACE                (140055628195648) calling Handler::handleRequest in file `Handler.hpp' on line 39
TRACE                   (140055628195648) calling ComplaintHandler::handleRequest in file `ComplaintHandler.hpp' on line 21
TRACE                      (140055628195648) calling ComplaintHandler::canHandleRequest in file `ComplaintHandler.hpp' on line 33
TRACE                      (140055628195648) leaving ComplaintHandler::canHandleRequest in file `ComplaintHandler.hpp' on line 33
TRACE                      (140055628195648) calling Handler::canHandleRequest in file `Handler.hpp' on line 27
TRACE                      (140055628195648) leaving Handler::canHandleRequest in file `Handler.hpp' on line 27
TRACE                   (140055628195648) leaving ComplaintHandler::handleRequest in file `ComplaintHandler.hpp' on line 21
TRACE                (140055628195648) leaving Handler::handleRequest in file `Handler.hpp' on line 39
TRACE             (140055628195648) leaving FanHandler::handleRequest in file `FanHandler.hpp' on line 21
TRACE          (140055628195648) leaving Handler::handleRequest in file `Handler.hpp' on line 39
TRACE       (140055628195648) leaving SpamHandler::handleRequest in file `SpamHandler.hpp' on line 20
TRACE    (140055628195648) leaving Client::handleRequest in file `Client.hpp' on line 34
TRACE    (140055628195648) calling Client::handleRequest in file `Client.hpp' on line 34
TRACE       (140055628195648) calling SpamHandler::handleRequest in file `SpamHandler.hpp' on line 20
TRACE          (140055628195648) calling SpamHandler::canHandleRequest in file `SpamHandler.hpp' on line 32
TRACE          (140055628195648) leaving SpamHandler::canHandleRequest in file `SpamHandler.hpp' on line 32
TRACE          (140055628195648) calling Handler::handleRequest in file `Handler.hpp' on line 39
TRACE             (140055628195648) calling FanHandler::handleRequest in file `FanHandler.hpp' on line 21
TRACE                (140055628195648) calling FanHandler::canHandleRequest in file `FanHandler.hpp' on line 33
TRACE                (140055628195648) leaving FanHandler::canHandleRequest in file `FanHandler.hpp' on line 33
TRACE                (140055628195648) calling Handler::handleRequest in file `Handler.hpp' on line 39
TRACE                   (140055628195648) calling ComplaintHandler::handleRequest in file `ComplaintHandler.hpp' on line 21
TRACE                      (140055628195648) calling ComplaintHandler::canHandleRequest in file `ComplaintHandler.hpp' on line 33
TRACE                      (140055628195648) leaving ComplaintHandler::canHandleRequest in file `ComplaintHandler.hpp' on line 33
TRACE                      (140055628195648) calling Handler::canHandleRequest in file `Handler.hpp' on line 27
TRACE                      (140055628195648) leaving Handler::canHandleRequest in file `Handler.hpp' on line 27
TRACE                   (140055628195648) leaving ComplaintHandler::handleRequest in file `ComplaintHandler.hpp' on line 21
TRACE                (140055628195648) leaving Handler::handleRequest in file `Handler.hpp' on line 39
TRACE             (140055628195648) leaving FanHandler::handleRequest in file `FanHandler.hpp' on line 21
TRACE          (140055628195648) leaving Handler::handleRequest in file `Handler.hpp' on line 39
TRACE       (140055628195648) leaving SpamHandler::handleRequest in file `SpamHandler.hpp' on line 20
TRACE    (140055628195648) leaving Client::handleRequest in file `Client.hpp' on line 34
TRACE    (140055628195648) calling Client::handleRequest in file `Client.hpp' on line 34
TRACE       (140055628195648) calling SpamHandler::handleRequest in file `SpamHandler.hpp' on line 20
TRACE          (140055628195648) calling SpamHandler::canHandleRequest in file `SpamHandler.hpp' on line 32
TRACE          (140055628195648) leaving SpamHandler::canHandleRequest in file `SpamHandler.hpp' on line 32
TRACE          (140055628195648) calling Handler::handleRequest in file `Handler.hpp' on line 39
TRACE             (140055628195648) calling FanHandler::handleRequest in file `FanHandler.hpp' on line 21
TRACE                (140055628195648) calling FanHandler::canHandleRequest in file `FanHandler.hpp' on line 33
TRACE                (140055628195648) leaving FanHandler::canHandleRequest in file `FanHandler.hpp' on line 33
TRACE                (140055628195648) calling Handler::handleRequest in file `Handler.hpp' on line 39
TRACE                   (140055628195648) calling ComplaintHandler::handleRequest in file `ComplaintHandler.hpp' on line 21
TRACE                      (140055628195648) calling ComplaintHandler::canHandleRequest in file `ComplaintHandler.hpp' on line 33
TRACE                      (140055628195648) leaving ComplaintHandler::canHandleRequest in file `ComplaintHandler.hpp' on line 33
TRACE                      (140055628195648) calling Handler::canHandleRequest in file `Handler.hpp' on line 27
TRACE                      (140055628195648) leaving Handler::canHandleRequest in file `Handler.hpp' on line 27
TRACE                   (140055628195648) leaving ComplaintHandler::handleRequest in file `ComplaintHandler.hpp' on line 21
TRACE                (140055628195648) leaving Handler::handleRequest in file `Handler.hpp' on line 39
TRACE             (140055628195648) leaving FanHandler::handleRequest in file `FanHandler.hpp' on line 21
TRACE          (140055628195648) leaving Handler::handleRequest in file `Handler.hpp' on line 39
TRACE       (140055628195648) leaving SpamHandler::handleRequest in file `SpamHandler.hpp' on line 20
TRACE    (140055628195648) leaving Client::handleRequest in file `Client.hpp' on line 34
TRACE    (140055628195648) calling Client::handleRequest in file `Client.hpp' on line 34
TRACE       (140055628195648) calling SpamHandler::handleRequest in file `SpamHandler.hpp' on line 20
TRACE          (140055628195648) calling SpamHandler::canHandleRequest in file `SpamHandler.hpp' on line 32
TRACE          (140055628195648) leaving SpamHandler::canHandleRequest in file `SpamHandler.hpp' on line 32
TRACE          (140055628195648) calling Handler::canHandleRequest in file `Handler.hpp' on line 27
TRACE          (140055628195648) leaving Handler::canHandleRequest in file `Handler.hpp' on line 27
TRACE       (140055628195648) leaving SpamHandler::handleRequest in file `SpamHandler.hpp' on line 20
TRACE    (140055628195648) leaving Client::handleRequest in file `Client.hpp' on line 34
TRACE    (140055628195648) calling Client::handleRequest in file `Client.hpp' on line 34
TRACE       (140055628195648) calling SpamHandler::handleRequest in file `SpamHandler.hpp' on line 20
TRACE          (140055628195648) calling SpamHandler::canHandleRequest in file `SpamHandler.hpp' on line 32
TRACE          (140055628195648) leaving SpamHandler::canHandleRequest in file `SpamHandler.hpp' on line 32
TRACE          (140055628195648) calling Handler::handleRequest in file `Handler.hpp' on line 39
TRACE             (140055628195648) calling FanHandler::handleRequest in file `FanHandler.hpp' on line 21
TRACE                (140055628195648) calling FanHandler::canHandleRequest in file `FanHandler.hpp' on line 33
TRACE                (140055628195648) leaving FanHandler::canHandleRequest in file `FanHandler.hpp' on line 33
TRACE                (140055628195648) calling Handler::handleRequest in file `Handler.hpp' on line 39
TRACE                   (140055628195648) calling ComplaintHandler::handleRequest in file `ComplaintHandler.hpp' on line 21
TRACE                      (140055628195648) calling ComplaintHandler::canHandleRequest in file `ComplaintHandler.hpp' on line 33
TRACE                      (140055628195648) leaving ComplaintHandler::canHandleRequest in file `ComplaintHandler.hpp' on line 33
TRACE                      (140055628195648) calling Handler::handleRequest in file `Handler.hpp' on line 39
TRACE                         (140055628195648) calling NewLocationHandler::handleRequest in file `NewLocationHandler.hpp' on line 21
TRACE                            (140055628195648) calling NewLocationHandler::canHandleRequest in file `NewLocationHandler.hpp' on line 33
TRACE                            (140055628195648) leaving NewLocationHandler::canHandleRequest in file `NewLocationHandler.hpp' on line 33
TRACE                            (140055628195648) calling Handler::handleRequest in file `Handler.hpp' on line 39
TRACE                               (140055628195648) calling LastHandler::handleRequest in file `LastHandler.hpp' on line 21
TRACE                                  (140055628195648) calling Handler::canHandleRequest in file `Handler.hpp' on line 27
TRACE                                  (140055628195648) leaving Handler::canHandleRequest in file `Handler.hpp' on line 27
TRACE                               (140055628195648) leaving LastHandler::handleRequest in file `LastHandler.hpp' on line 21
TRACE                            (140055628195648) leaving Handler::handleRequest in file `Handler.hpp' on line 39
TRACE                         (140055628195648) leaving NewLocationHandler::handleRequest in file `NewLocationHandler.hpp' on line 21
TRACE                      (140055628195648) leaving Handler::handleRequest in file `Handler.hpp' on line 39
TRACE                   (140055628195648) leaving ComplaintHandler::handleRequest in file `ComplaintHandler.hpp' on line 21
TRACE                (140055628195648) leaving Handler::handleRequest in file `Handler.hpp' on line 39
TRACE             (140055628195648) leaving FanHandler::handleRequest in file `FanHandler.hpp' on line 21
TRACE          (140055628195648) leaving Handler::handleRequest in file `Handler.hpp' on line 39
TRACE       (140055628195648) leaving SpamHandler::handleRequest in file `SpamHandler.hpp' on line 20
TRACE    (140055628195648) leaving Client::handleRequest in file `Client.hpp' on line 34
TRACE    (140055628195648) calling Client::handleRequest in file `Client.hpp' on line 34
TRACE       (140055628195648) calling SpamHandler::handleRequest in file `SpamHandler.hpp' on line 20
TRACE          (140055628195648) calling SpamHandler::canHandleRequest in file `SpamHandler.hpp' on line 32
TRACE          (140055628195648) leaving SpamHandler::canHandleRequest in file `SpamHandler.hpp' on line 32
TRACE          (140055628195648) calling Handler::canHandleRequest in file `Handler.hpp' on line 27
TRACE          (140055628195648) leaving Handler::canHandleRequest in file `Handler.hpp' on line 27
TRACE       (140055628195648) leaving SpamHandler::handleRequest in file `SpamHandler.hpp' on line 20
TRACE    (140055628195648) leaving Client::handleRequest in file `Client.hpp' on line 34
TRACE    (140055628195648) calling Client::handleRequest in file `Client.hpp' on line 34
TRACE       (140055628195648) calling SpamHandler::handleRequest in file `SpamHandler.hpp' on line 20
TRACE          (140055628195648) calling SpamHandler::canHandleRequest in file `SpamHandler.hpp' on line 32
TRACE          (140055628195648) leaving SpamHandler::canHandleRequest in file `SpamHandler.hpp' on line 32
TRACE          (140055628195648) calling Handler::handleRequest in file `Handler.hpp' on line 39
TRACE             (140055628195648) calling FanHandler::handleRequest in file `FanHandler.hpp' on line 21
TRACE                (140055628195648) calling FanHandler::canHandleRequest in file `FanHandler.hpp' on line 33
TRACE                (140055628195648) leaving FanHandler::canHandleRequest in file `FanHandler.hpp' on line 33
TRACE                (140055628195648) calling Handler::canHandleRequest in file `Handler.hpp' on line 27
TRACE                (140055628195648) leaving Handler::canHandleRequest in file `Handler.hpp' on line 27
TRACE             (140055628195648) leaving FanHandler::handleRequest in file `FanHandler.hpp' on line 21
TRACE          (140055628195648) leaving Handler::handleRequest in file `Handler.hpp' on line 39
TRACE       (140055628195648) leaving SpamHandler::handleRequest in file `SpamHandler.hpp' on line 20
TRACE    (140055628195648) leaving Client::handleRequest in file `Client.hpp' on line 34
TRACE    (140055628195648) calling Client::handleRequest in file `Client.hpp' on line 34
TRACE       (140055628195648) calling SpamHandler::handleRequest in file `SpamHandler.hpp' on line 20
TRACE          (140055628195648) calling SpamHandler::canHandleRequest in file `SpamHandler.hpp' on line 32
TRACE          (140055628195648) leaving SpamHandler::canHandleRequest in file `SpamHandler.hpp' on line 32
TRACE          (140055628195648) calling Handler::handleRequest in file `Handler.hpp' on line 39
TRACE             (140055628195648) calling FanHandler::handleRequest in file `FanHandler.hpp' on line 21
TRACE                (140055628195648) calling FanHandler::canHandleRequest in file `FanHandler.hpp' on line 33
TRACE                (140055628195648) leaving FanHandler::canHandleRequest in file `FanHandler.hpp' on line 33
TRACE                (140055628195648) calling Handler::canHandleRequest in file `Handler.hpp' on line 27
TRACE                (140055628195648) leaving Handler::canHandleRequest in file `Handler.hpp' on line 27
TRACE             (140055628195648) leaving FanHandler::handleRequest in file `FanHandler.hpp' on line 21
TRACE          (140055628195648) leaving Handler::handleRequest in file `Handler.hpp' on line 39
TRACE       (140055628195648) leaving SpamHandler::handleRequest in file `SpamHandler.hpp' on line 20
TRACE    (140055628195648) leaving Client::handleRequest in file `Client.hpp' on line 34
TRACE    (140055628195648) calling Client::handleRequest in file `Client.hpp' on line 34
TRACE       (140055628195648) calling SpamHandler::handleRequest in file `SpamHandler.hpp' on line 20
TRACE          (140055628195648) calling SpamHandler::canHandleRequest in file `SpamHandler.hpp' on line 32
TRACE          (140055628195648) leaving SpamHandler::canHandleRequest in file `SpamHandler.hpp' on line 32
TRACE          (140055628195648) calling Handler::handleRequest in file `Handler.hpp' on line 39
TRACE             (140055628195648) calling FanHandler::handleRequest in file `FanHandler.hpp' on line 21
TRACE                (140055628195648) calling FanHandler::canHandleRequest in file `FanHandler.hpp' on line 33
TRACE                (140055628195648) leaving FanHandler::canHandleRequest in file `FanHandler.hpp' on line 33
TRACE                (140055628195648) calling Handler::handleRequest in file `Handler.hpp' on line 39
TRACE                   (140055628195648) calling ComplaintHandler::handleRequest in file `ComplaintHandler.hpp' on line 21
TRACE                      (140055628195648) calling ComplaintHandler::canHandleRequest in file `ComplaintHandler.hpp' on line 33
TRACE                      (140055628195648) leaving ComplaintHandler::canHandleRequest in file `ComplaintHandler.hpp' on line 33
TRACE                      (140055628195648) calling Handler::handleRequest in file `Handler.hpp' on line 39
TRACE                         (140055628195648) calling NewLocationHandler::handleRequest in file `NewLocationHandler.hpp' on line 21
TRACE                            (140055628195648) calling NewLocationHandler::canHandleRequest in file `NewLocationHandler.hpp' on line 33
TRACE                            (140055628195648) leaving NewLocationHandler::canHandleRequest in file `NewLocationHandler.hpp' on line 33
TRACE                            (140055628195648) calling Handler::handleRequest in file `Handler.hpp' on line 39
TRACE                               (140055628195648) calling LastHandler::handleRequest in file `LastHandler.hpp' on line 21
TRACE                                  (140055628195648) calling Handler::canHandleRequest in file `Handler.hpp' on line 27
TRACE                                  (140055628195648) leaving Handler::canHandleRequest in file `Handler.hpp' on line 27
TRACE                               (140055628195648) leaving LastHandler::handleRequest in file `LastHandler.hpp' on line 21
TRACE                            (140055628195648) leaving Handler::handleRequest in file `Handler.hpp' on line 39
TRACE                         (140055628195648) leaving NewLocationHandler::handleRequest in file `NewLocationHandler.hpp' on line 21
TRACE                      (140055628195648) leaving Handler::handleRequest in file `Handler.hpp' on line 39
TRACE                   (140055628195648) leaving ComplaintHandler::handleRequest in file `ComplaintHandler.hpp' on line 21
TRACE                (140055628195648) leaving Handler::handleRequest in file `Handler.hpp' on line 39
TRACE             (140055628195648) leaving FanHandler::handleRequest in file `FanHandler.hpp' on line 21
TRACE          (140055628195648) leaving Handler::handleRequest in file `Handler.hpp' on line 39
TRACE       (140055628195648) leaving SpamHandler::handleRequest in file `SpamHandler.hpp' on line 20
TRACE    (140055628195648) leaving Client::handleRequest in file `Client.hpp' on line 34
TRACE    (140055628195648) calling Client::handleRequest in file `Client.hpp' on line 34
TRACE       (140055628195648) calling SpamHandler::handleRequest in file `SpamHandler.hpp' on line 20
TRACE          (140055628195648) calling SpamHandler::canHandleRequest in file `SpamHandler.hpp' on line 32
TRACE          (140055628195648) leaving SpamHandler::canHandleRequest in file `SpamHandler.hpp' on line 32
TRACE          (140055628195648) calling Handler::canHandleRequest in file `Handler.hpp' on line 27
TRACE          (140055628195648) leaving Handler::canHandleRequest in file `Handler.hpp' on line 27
TRACE       (140055628195648) leaving SpamHandler::handleRequest in file `SpamHandler.hpp' on line 20
TRACE    (140055628195648) leaving Client::handleRequest in file `Client.hpp' on line 34
TRACE    (140055628195648) calling Client::handleRequest in file `Client.hpp' on line 34
TRACE       (140055628195648) calling SpamHandler::handleRequest in file `SpamHandler.hpp' on line 20
TRACE          (140055628195648) calling SpamHandler::canHandleRequest in file `SpamHandler.hpp' on line 32
TRACE          (140055628195648) leaving SpamHandler::canHandleRequest in file `SpamHandler.hpp' on line 32
TRACE          (140055628195648) calling Handler::handleRequest in file `Handler.hpp' on line 39
TRACE             (140055628195648) calling FanHandler::handleRequest in file `FanHandler.hpp' on line 21
TRACE                (140055628195648) calling FanHandler::canHandleRequest in file `FanHandler.hpp' on line 33
TRACE                (140055628195648) leaving FanHandler::canHandleRequest in file `FanHandler.hpp' on line 33
TRACE                (140055628195648) calling Handler::handleRequest in file `Handler.hpp' on line 39
TRACE                   (140055628195648) calling ComplaintHandler::handleRequest in file `ComplaintHandler.hpp' on line 21
TRACE                      (140055628195648) calling ComplaintHandler::canHandleRequest in file `ComplaintHandler.hpp' on line 33
TRACE                      (140055628195648) leaving ComplaintHandler::canHandleRequest in file `ComplaintHandler.hpp' on line 33
TRACE                      (140055628195648) calling Handler::handleRequest in file `Handler.hpp' on line 39
TRACE                         (140055628195648) calling NewLocationHandler::handleRequest in file `NewLocationHandler.hpp' on line 21
TRACE                            (140055628195648) calling NewLocationHandler::canHandleRequest in file `NewLocationHandler.hpp' on line 33
TRACE                            (140055628195648) leaving NewLocationHandler::canHandleRequest in file `NewLocationHandler.hpp' on line 33
TRACE                            (140055628195648) calling Handler::canHandleRequest in file `Handler.hpp' on line 27
TRACE                            (140055628195648) leaving Handler::canHandleRequest in file `Handler.hpp' on line 27
TRACE                         (140055628195648) leaving NewLocationHandler::handleRequest in file `NewLocationHandler.hpp' on line 21
TRACE                      (140055628195648) leaving Handler::handleRequest in file `Handler.hpp' on line 39
TRACE                   (140055628195648) leaving ComplaintHandler::handleRequest in file `ComplaintHandler.hpp' on line 21
TRACE                (140055628195648) leaving Handler::handleRequest in file `Handler.hpp' on line 39
TRACE             (140055628195648) leaving FanHandler::handleRequest in file `FanHandler.hpp' on line 21
TRACE          (140055628195648) leaving Handler::handleRequest in file `Handler.hpp' on line 39
TRACE       (140055628195648) leaving SpamHandler::handleRequest in file `SpamHandler.hpp' on line 20
TRACE    (140055628195648) leaving Client::handleRequest in file `Client.hpp' on line 34
TRACE    (140055628195648) calling Client::print in file `Client.hpp' on line 39
TRACE       (140055628195648) calling SpamHandler::print in file `SpamHandler.hpp' on line 48
TRACE          (140055628195648) calling Handler::print in file `Handler.hpp' on line 47
TRACE             (140055628195648) calling FanHandler::print in file `FanHandler.hpp' on line 55
TRACE                (140055628195648) calling Handler::print in file `Handler.hpp' on line 47
TRACE                   (140055628195648) calling ComplaintHandler::print in file `ComplaintHandler.hpp' on line 51
TRACE                      (140055628195648) calling Handler::print in file `Handler.hpp' on line 47
TRACE                         (140055628195648) calling NewLocationHandler::print in file `NewLocationHandler.hpp' on line 42
TRACE                            (140055628195648) calling Handler::print in file `Handler.hpp' on line 47
TRACE                               (140055628195648) calling LastHandler::print in file `LastHandler.hpp' on line 26
TRACE                                  (140055628195648) calling Handler::print in file `Handler.hpp' on line 47
TRACE                                  (140055628195648) leaving Handler::print in file `Handler.hpp' on line 47
TRACE                               (140055628195648) leaving LastHandler::print in file `LastHandler.hpp' on line 26
TRACE                            (140055628195648) leaving Handler::print in file `Handler.hpp' on line 47
TRACE                         (140055628195648) leaving NewLocationHandler::print in file `NewLocationHandler.hpp' on line 42
TRACE                      (140055628195648) leaving Handler::print in file `Handler.hpp' on line 47
TRACE                   (140055628195648) leaving ComplaintHandler::print in file `ComplaintHandler.hpp' on line 51
TRACE                (140055628195648) leaving Handler::print in file `Handler.hpp' on line 47
TRACE             (140055628195648) leaving FanHandler::print in file `FanHandler.hpp' on line 55
TRACE          (140055628195648) leaving Handler::print in file `Handler.hpp' on line 47
TRACE       (140055628195648) leaving SpamHandler::print in file `SpamHandler.hpp' on line 48
TRACE    (140055628195648) leaving Client::print in file `Client.hpp' on line 39
TRACE    (140055628195648) calling Handler::~Handler in file `Handler.hpp' on line 35
TRACE    (140055628195648) leaving Handler::~Handler in file `Handler.hpp' on line 35
TRACE    (140055628195648) calling Handler::~Handler in file `Handler.hpp' on line 35
TRACE    (140055628195648) leaving Handler::~Handler in file `Handler.hpp' on line 35
TRACE    (140055628195648) calling Handler::~Handler in file `Handler.hpp' on line 35
TRACE    (140055628195648) leaving Handler::~Handler in file `Handler.hpp' on line 35
TRACE    (140055628195648) calling Handler::~Handler in file `Handler.hpp' on line 35
TRACE    (140055628195648) leaving Handler::~Handler in file `Handler.hpp' on line 35
TRACE    (140055628195648) calling Handler::~Handler in file `Handler.hpp' on line 35
TRACE    (140055628195648) leaving Handler::~Handler in file `Handler.hpp' on line 35
TRACE (140055628195648) leaving main in file `GumballEMailHandler.cpp' on line 33
