TRACE (140228102682432) calling main in file `Pizzas.cpp' on line 13
TRACE    (140228102682432) calling PizzaStore::PizzaStore in file `PizzaStore.hpp' on line 22
TRACE    (140228102682432) leaving PizzaStore::PizzaStore in file `PizzaStore.hpp' on line 22
TRACE    (140228102682432) calling PizzaStore::orderPizza in file `PizzaStore.hpp' on line 27
TRACE       (140228102682432) calling SimplePizzaFactory::createPizza in file `SimplePizzaFactory.hpp' on line 18
TRACE          (140228102682432) calling Pizza::Pizza in file `Pizza.hpp' on line 22
TRACE          (140228102682432) leaving Pizza::Pizza in file `Pizza.hpp' on line 22
TRACE          (140228102682432) calling CheesePizza::CheesePizza in file `CheesePizza.hpp' on line 18
TRACE          (140228102682432) leaving CheesePizza::CheesePizza in file `CheesePizza.hpp' on line 18
TRACE       (140228102682432) leaving SimplePizzaFactory::createPizza in file `SimplePizzaFactory.hpp' on line 18
TRACE       (140228102682432) calling Pizza::prepare in file `Pizza.hpp' on line 41
TRACE       (140228102682432) leaving Pizza::prepare in file `Pizza.hpp' on line 41
TRACE       (140228102682432) calling Pizza::bake in file `Pizza.hpp' on line 46
TRACE       (140228102682432) leaving Pizza::bake in file `Pizza.hpp' on line 46
TRACE       (140228102682432) calling Pizza::cut in file `Pizza.hpp' on line 51
TRACE       (140228102682432) leaving Pizza::cut in file `Pizza.hpp' on line 51
TRACE       (140228102682432) calling Pizza::box in file `Pizza.hpp' on line 56
TRACE       (140228102682432) leaving Pizza::box in file `Pizza.hpp' on line 56
TRACE    (140228102682432) leaving PizzaStore::orderPizza in file `PizzaStore.hpp' on line 27
TRACE    (140228102682432) calling Pizza::getName in file `Pizza.hpp' on line 36
TRACE    (140228102682432) leaving Pizza::getName in file `Pizza.hpp' on line 36
TRACE    (140228102682432) calling PizzaStore::orderPizza in file `PizzaStore.hpp' on line 27
TRACE       (140228102682432) calling SimplePizzaFactory::createPizza in file `SimplePizzaFactory.hpp' on line 18
TRACE          (140228102682432) calling Pizza::Pizza in file `Pizza.hpp' on line 22
TRACE          (140228102682432) leaving Pizza::Pizza in file `Pizza.hpp' on line 22
TRACE          (140228102682432) calling VeggiePizza::VeggiePizza in file `VeggiePizza.hpp' on line 17
TRACE          (140228102682432) leaving VeggiePizza::VeggiePizza in file `VeggiePizza.hpp' on line 17
TRACE       (140228102682432) leaving SimplePizzaFactory::createPizza in file `SimplePizzaFactory.hpp' on line 18
TRACE       (140228102682432) calling Pizza::prepare in file `Pizza.hpp' on line 41
TRACE       (140228102682432) leaving Pizza::prepare in file `Pizza.hpp' on line 41
TRACE       (140228102682432) calling Pizza::bake in file `Pizza.hpp' on line 46
TRACE       (140228102682432) leaving Pizza::bake in file `Pizza.hpp' on line 46
TRACE       (140228102682432) calling Pizza::cut in file `Pizza.hpp' on line 51
TRACE       (140228102682432) leaving Pizza::cut in file `Pizza.hpp' on line 51
TRACE       (140228102682432) calling Pizza::box in file `Pizza.hpp' on line 56
TRACE       (140228102682432) leaving Pizza::box in file `Pizza.hpp' on line 56
TRACE    (140228102682432) leaving PizzaStore::orderPizza in file `PizzaStore.hpp' on line 27
TRACE    (140228102682432) calling Pizza::~Pizza in file `Pizza.hpp' on line 32
TRACE    (140228102682432) leaving Pizza::~Pizza in file `Pizza.hpp' on line 32
TRACE    (140228102682432) calling Pizza::getName in file `Pizza.hpp' on line 36
TRACE    (140228102682432) leaving Pizza::getName in file `Pizza.hpp' on line 36
TRACE    (140228102682432) calling Pizza::~Pizza in file `Pizza.hpp' on line 32
TRACE    (140228102682432) leaving Pizza::~Pizza in file `Pizza.hpp' on line 32
TRACE (140228102682432) leaving main in file `Pizzas.cpp' on line 13
