TRACE (140634216511296) calling main in file `Barista.cpp' on line 13
TRACE    (140634216511296) calling CaffeineBeverage::prepareRecipe in file `CaffeineBeverage.hpp' on line 34
TRACE       (140634216511296) calling CaffeineBeverage::boilWater in file `CaffeineBeverage.hpp' on line 16
TRACE       (140634216511296) leaving CaffeineBeverage::boilWater in file `CaffeineBeverage.hpp' on line 16
TRACE       (140634216511296) calling Tea::brew in file `Tea.hpp' on line 18
TRACE       (140634216511296) leaving Tea::brew in file `Tea.hpp' on line 18
TRACE       (140634216511296) calling CaffeineBeverage::pourInCup in file `CaffeineBeverage.hpp' on line 21
TRACE       (140634216511296) leaving CaffeineBeverage::pourInCup in file `CaffeineBeverage.hpp' on line 21
TRACE       (140634216511296) calling Tea::addCondiments in file `Tea.hpp' on line 23
TRACE       (140634216511296) leaving Tea::addCondiments in file `Tea.hpp' on line 23
TRACE    (140634216511296) leaving CaffeineBeverage::prepareRecipe in file `CaffeineBeverage.hpp' on line 34
TRACE    (140634216511296) calling CaffeineBeverage::prepareRecipe in file `CaffeineBeverage.hpp' on line 34
TRACE       (140634216511296) calling CaffeineBeverage::boilWater in file `CaffeineBeverage.hpp' on line 16
TRACE       (140634216511296) leaving CaffeineBeverage::boilWater in file `CaffeineBeverage.hpp' on line 16
TRACE       (140634216511296) calling Coffee::brew in file `Coffee.hpp' on line 18
TRACE       (140634216511296) leaving Coffee::brew in file `Coffee.hpp' on line 18
TRACE       (140634216511296) calling CaffeineBeverage::pourInCup in file `CaffeineBeverage.hpp' on line 21
TRACE       (140634216511296) leaving CaffeineBeverage::pourInCup in file `CaffeineBeverage.hpp' on line 21
TRACE       (140634216511296) calling Coffee::addCondiments in file `Coffee.hpp' on line 23
TRACE       (140634216511296) leaving Coffee::addCondiments in file `Coffee.hpp' on line 23
TRACE    (140634216511296) leaving CaffeineBeverage::prepareRecipe in file `CaffeineBeverage.hpp' on line 34
TRACE    (140634216511296) calling CaffeineBeverageWithHook::prepareRecipe in file `CaffeineBeverageWithHook.hpp' on line 39
TRACE       (140634216511296) calling CaffeineBeverageWithHook::boilWater in file `CaffeineBeverageWithHook.hpp' on line 17
TRACE       (140634216511296) leaving CaffeineBeverageWithHook::boilWater in file `CaffeineBeverageWithHook.hpp' on line 17
TRACE       (140634216511296) calling TeaWithHook::brew in file `TeaWithHook.hpp' on line 25
TRACE       (140634216511296) leaving TeaWithHook::brew in file `TeaWithHook.hpp' on line 25
TRACE       (140634216511296) calling CaffeineBeverageWithHook::pourInCup in file `CaffeineBeverageWithHook.hpp' on line 22
TRACE       (140634216511296) leaving CaffeineBeverageWithHook::pourInCup in file `CaffeineBeverageWithHook.hpp' on line 22
TRACE       (140634216511296) calling TeaWithHook::customerWantsCondiments in file `TeaWithHook.hpp' on line 35
TRACE          (140634216511296) calling TeaWithHook::getUserInput in file `TeaWithHook.hpp' on line 16
TRACE          (140634216511296) leaving TeaWithHook::getUserInput in file `TeaWithHook.hpp' on line 16
TRACE       (140634216511296) leaving TeaWithHook::customerWantsCondiments in file `TeaWithHook.hpp' on line 35
TRACE       (140634216511296) calling TeaWithHook::addCondiments in file `TeaWithHook.hpp' on line 30
TRACE       (140634216511296) leaving TeaWithHook::addCondiments in file `TeaWithHook.hpp' on line 30
TRACE    (140634216511296) leaving CaffeineBeverageWithHook::prepareRecipe in file `CaffeineBeverageWithHook.hpp' on line 39
TRACE    (140634216511296) calling CaffeineBeverageWithHook::prepareRecipe in file `CaffeineBeverageWithHook.hpp' on line 39
TRACE       (140634216511296) calling CaffeineBeverageWithHook::boilWater in file `CaffeineBeverageWithHook.hpp' on line 17
TRACE       (140634216511296) leaving CaffeineBeverageWithHook::boilWater in file `CaffeineBeverageWithHook.hpp' on line 17
TRACE       (140634216511296) calling CoffeeWithHook::brew in file `CoffeeWithHook.hpp' on line 28
TRACE       (140634216511296) leaving CoffeeWithHook::brew in file `CoffeeWithHook.hpp' on line 28
TRACE       (140634216511296) calling CaffeineBeverageWithHook::pourInCup in file `CaffeineBeverageWithHook.hpp' on line 22
TRACE       (140634216511296) leaving CaffeineBeverageWithHook::pourInCup in file `CaffeineBeverageWithHook.hpp' on line 22
TRACE       (140634216511296) calling CoffeeWithHook::customerWantsCondiments in file `CoffeeWithHook.hpp' on line 39
TRACE          (140634216511296) calling CoffeeWithHook::getUserInput in file `CoffeeWithHook.hpp' on line 17
TRACE          (140634216511296) leaving CoffeeWithHook::getUserInput in file `CoffeeWithHook.hpp' on line 17
TRACE       (140634216511296) leaving CoffeeWithHook::customerWantsCondiments in file `CoffeeWithHook.hpp' on line 39
TRACE    (140634216511296) leaving CaffeineBeverageWithHook::prepareRecipe in file `CaffeineBeverageWithHook.hpp' on line 39
TRACE    (140634216511296) calling CaffeineBeverageWithHook::~CaffeineBeverageWithHook in file `CaffeineBeverageWithHook.hpp' on line 35
TRACE    (140634216511296) leaving CaffeineBeverageWithHook::~CaffeineBeverageWithHook in file `CaffeineBeverageWithHook.hpp' on line 35
TRACE    (140634216511296) calling CaffeineBeverageWithHook::~CaffeineBeverageWithHook in file `CaffeineBeverageWithHook.hpp' on line 35
TRACE    (140634216511296) leaving CaffeineBeverageWithHook::~CaffeineBeverageWithHook in file `CaffeineBeverageWithHook.hpp' on line 35
TRACE    (140634216511296) calling CaffeineBeverage::~CaffeineBeverage in file `CaffeineBeverage.hpp' on line 31
TRACE    (140634216511296) leaving CaffeineBeverage::~CaffeineBeverage in file `CaffeineBeverage.hpp' on line 31
TRACE    (140634216511296) calling CaffeineBeverage::~CaffeineBeverage in file `CaffeineBeverage.hpp' on line 31
TRACE    (140634216511296) leaving CaffeineBeverage::~CaffeineBeverage in file `CaffeineBeverage.hpp' on line 31
TRACE (140634216511296) leaving main in file `Barista.cpp' on line 13
